{"C:\\Users\\SOHAM\\Desktop\\Crawler-sdk\\crawler\\src\\index.ts": {"path":"C:\\Users\\SOHAM\\Desktop\\Crawler-sdk\\crawler\\src\\index.ts","statementMap":{"0":{"start":{"line":1,"column":0},"end":{"line":9,"column":1}},"1":{"start":{"line":2,"column":4},"end":{"line":4,"column":5}},"2":{"start":{"line":3,"column":8},"end":{"line":3,"column":57}},"3":{"start":{"line":6,"column":4},"end":{"line":6,"column":86}},"4":{"start":{"line":7,"column":4},"end":{"line":7,"column":25}},"5":{"start":{"line":8,"column":4},"end":{"line":8,"column":20}},"6":{"start":{"line":11,"column":0},"end":{"line":11,"column":45}},"7":{"start":{"line":14,"column":14},"end":{"line":14,"column":28}},"8":{"start":{"line":18,"column":0},"end":{"line":18,"column":19}}},"fnMap":{},"branchMap":{"0":{"loc":{"start":{"line":2,"column":4},"end":{"line":4,"column":5}},"type":"if","locations":[{"start":{"line":2,"column":4},"end":{"line":4,"column":5}},{"start":{},"end":{}}]}},"s":{"0":0,"1":0,"2":0,"3":0,"4":0,"5":0,"6":0,"7":0,"8":0},"f":{},"b":{"0":[0,0]}}
,"C:\\Users\\SOHAM\\Desktop\\Crawler-sdk\\crawler\\src\\datasources\\types\\axios.ts": {"path":"C:\\Users\\SOHAM\\Desktop\\Crawler-sdk\\crawler\\src\\datasources\\types\\axios.ts","statementMap":{"0":{"start":{"line":1,"column":0},"end":{"line":1,"column":74}},"1":{"start":{"line":2,"column":0},"end":{"line":2,"column":26}}},"fnMap":{},"branchMap":{},"s":{"0":0,"1":0},"f":{},"b":{}}
,"C:\\Users\\SOHAM\\Desktop\\Crawler-sdk\\crawler\\src\\datasources\\types\\git-crawler.ts": {"path":"C:\\Users\\SOHAM\\Desktop\\Crawler-sdk\\crawler\\src\\datasources\\types\\git-crawler.ts","statementMap":{"0":{"start":{"line":3,"column":0},"end":{"line":3,"column":95}},"1":{"start":{"line":4,"column":0},"end":{"line":4,"column":64}},"2":{"start":{"line":5,"column":0},"end":{"line":5,"column":34}},"3":{"start":{"line":6,"column":0},"end":{"line":6,"column":29}},"4":{"start":{"line":7,"column":0},"end":{"line":7,"column":25}},"5":{"start":{"line":8,"column":0},"end":{"line":8,"column":36}},"6":{"start":{"line":56,"column":8},"end":{"line":56,"column":29}},"7":{"start":{"line":52,"column":12},"end":{"line":52,"column":41}},"8":{"start":{"line":58,"column":32},"end":{"line":58,"column":154}},"9":{"start":{"line":61,"column":8},"end":{"line":65,"column":30}},"10":{"start":{"line":70,"column":8},"end":{"line":70,"column":150}},"11":{"start":{"line":74,"column":8},"end":{"line":74,"column":62}},"12":{"start":{"line":75,"column":8},"end":{"line":75,"column":39}},"13":{"start":{"line":79,"column":31},"end":{"line":79,"column":56}},"14":{"start":{"line":80,"column":26},"end":{"line":80,"column":36}},"15":{"start":{"line":81,"column":28},"end":{"line":81,"column":39}},"16":{"start":{"line":83,"column":30},"end":{"line":83,"column":79}},"17":{"start":{"line":85,"column":8},"end":{"line":232,"column":9}},"18":{"start":{"line":88,"column":12},"end":{"line":91,"column":13}},"19":{"start":{"line":89,"column":16},"end":{"line":89,"column":104}},"20":{"start":{"line":90,"column":16},"end":{"line":90,"column":98}},"21":{"start":{"line":94,"column":12},"end":{"line":213,"column":13}},"22":{"start":{"line":95,"column":16},"end":{"line":95,"column":70}},"23":{"start":{"line":96,"column":38},"end":{"line":96,"column":67}},"24":{"start":{"line":99,"column":16},"end":{"line":102,"column":17}},"25":{"start":{"line":100,"column":20},"end":{"line":100,"column":143}},"26":{"start":{"line":101,"column":20},"end":{"line":101,"column":117}},"27":{"start":{"line":105,"column":16},"end":{"line":107,"column":17}},"28":{"start":{"line":106,"column":20},"end":{"line":106,"column":86}},"29":{"start":{"line":109,"column":36},"end":{"line":109,"column":70}},"30":{"start":{"line":111,"column":16},"end":{"line":111,"column":176}},"31":{"start":{"line":113,"column":38},"end":{"line":113,"column":80}},"32":{"start":{"line":115,"column":16},"end":{"line":115,"column":137}},"33":{"start":{"line":118,"column":16},"end":{"line":118,"column":87}},"34":{"start":{"line":119,"column":16},"end":{"line":119,"column":101}},"35":{"start":{"line":121,"column":55},"end":{"line":121,"column":57}},"36":{"start":{"line":122,"column":35},"end":{"line":122,"column":58}},"37":{"start":{"line":123,"column":16},"end":{"line":190,"column":17}},"38":{"start":{"line":124,"column":41},"end":{"line":127,"column":22}},"39":{"start":{"line":125,"column":62},"end":{"line":125,"column":88}},"40":{"start":{"line":126,"column":65},"end":{"line":126,"column":94}},"41":{"start":{"line":129,"column":20},"end":{"line":167,"column":21}},"42":{"start":{"line":130,"column":41},"end":{"line":130,"column":82}},"43":{"start":{"line":131,"column":24},"end":{"line":166,"column":25}},"44":{"start":{"line":132,"column":44},"end":{"line":132,"column":79}},"45":{"start":{"line":133,"column":28},"end":{"line":149,"column":31}},"46":{"start":{"line":151,"column":28},"end":{"line":151,"column":140}},"47":{"start":{"line":152,"column":28},"end":{"line":165,"column":31}},"48":{"start":{"line":169,"column":20},"end":{"line":187,"column":21}},"49":{"start":{"line":170,"column":24},"end":{"line":186,"column":27}},"50":{"start":{"line":189,"column":20},"end":{"line":189,"column":118}},"51":{"start":{"line":192,"column":16},"end":{"line":192,"column":117}},"52":{"start":{"line":193,"column":16},"end":{"line":193,"column":113}},"53":{"start":{"line":198,"column":16},"end":{"line":198,"column":84}},"54":{"start":{"line":199,"column":51},"end":{"line":199,"column":62}},"55":{"start":{"line":203,"column":16},"end":{"line":203,"column":106}},"56":{"start":{"line":204,"column":37},"end":{"line":204,"column":116}},"57":{"start":{"line":205,"column":16},"end":{"line":205,"column":112}},"58":{"start":{"line":207,"column":16},"end":{"line":212,"column":19}},"59":{"start":{"line":215,"column":31},"end":{"line":215,"column":108}},"60":{"start":{"line":216,"column":12},"end":{"line":216,"column":109}},"61":{"start":{"line":217,"column":12},"end":{"line":221,"column":15}},"62":{"start":{"line":224,"column":12},"end":{"line":231,"column":13}},"63":{"start":{"line":225,"column":16},"end":{"line":228,"column":17}},"64":{"start":{"line":225,"column":62},"end":{"line":225,"column":66}},"65":{"start":{"line":225,"column":80},"end":{"line":225,"column":85}},"66":{"start":{"line":226,"column":20},"end":{"line":226,"column":98}},"67":{"start":{"line":227,"column":20},"end":{"line":227,"column":81}},"68":{"start":{"line":230,"column":16},"end":{"line":230,"column":125}},"69":{"start":{"line":240,"column":27},"end":{"line":240,"column":96}},"70":{"start":{"line":240,"column":72},"end":{"line":240,"column":76}},"71":{"start":{"line":240,"column":90},"end":{"line":240,"column":95}},"72":{"start":{"line":241,"column":8},"end":{"line":269,"column":9}},"73":{"start":{"line":242,"column":12},"end":{"line":263,"column":13}},"74":{"start":{"line":244,"column":38},"end":{"line":244,"column":104}},"75":{"start":{"line":245,"column":16},"end":{"line":257,"column":17}},"76":{"start":{"line":247,"column":20},"end":{"line":247,"column":126}},"77":{"start":{"line":248,"column":20},"end":{"line":248,"column":75}},"78":{"start":{"line":249,"column":20},"end":{"line":249,"column":91}},"79":{"start":{"line":250,"column":20},"end":{"line":250,"column":84}},"80":{"start":{"line":251,"column":20},"end":{"line":251,"column":90}},"81":{"start":{"line":254,"column":20},"end":{"line":254,"column":160}},"82":{"start":{"line":255,"column":20},"end":{"line":255,"column":84}},"83":{"start":{"line":256,"column":20},"end":{"line":256,"column":90}},"84":{"start":{"line":260,"column":16},"end":{"line":260,"column":152}},"85":{"start":{"line":261,"column":16},"end":{"line":261,"column":80}},"86":{"start":{"line":262,"column":16},"end":{"line":262,"column":86}},"87":{"start":{"line":266,"column":12},"end":{"line":266,"column":122}},"88":{"start":{"line":267,"column":12},"end":{"line":267,"column":66}},"89":{"start":{"line":268,"column":12},"end":{"line":268,"column":82}},"90":{"start":{"line":276,"column":43},"end":{"line":276,"column":45}},"91":{"start":{"line":277,"column":8},"end":{"line":279,"column":9}},"92":{"start":{"line":278,"column":12},"end":{"line":278,"column":46}},"93":{"start":{"line":280,"column":8},"end":{"line":282,"column":9}},"94":{"start":{"line":281,"column":12},"end":{"line":281,"column":44}},"95":{"start":{"line":283,"column":8},"end":{"line":283,"column":63}},"96":{"start":{"line":290,"column":47},"end":{"line":290,"column":49}},"97":{"start":{"line":291,"column":22},"end":{"line":291,"column":70}},"98":{"start":{"line":292,"column":27},"end":{"line":292,"column":43}},"99":{"start":{"line":294,"column":8},"end":{"line":314,"column":9}},"100":{"start":{"line":295,"column":29},"end":{"line":295,"column":58}},"101":{"start":{"line":296,"column":12},"end":{"line":313,"column":13}},"102":{"start":{"line":297,"column":32},"end":{"line":297,"column":67}},"103":{"start":{"line":298,"column":16},"end":{"line":310,"column":19}},"104":{"start":{"line":312,"column":16},"end":{"line":312,"column":114}},"105":{"start":{"line":315,"column":8},"end":{"line":315,"column":29}},"106":{"start":{"line":322,"column":30},"end":{"line":322,"column":32}},"107":{"start":{"line":323,"column":24},"end":{"line":323,"column":70}},"108":{"start":{"line":325,"column":8},"end":{"line":337,"column":9}},"109":{"start":{"line":326,"column":29},"end":{"line":326,"column":55}},"110":{"start":{"line":328,"column":12},"end":{"line":330,"column":13}},"111":{"start":{"line":329,"column":16},"end":{"line":329,"column":25}},"112":{"start":{"line":332,"column":12},"end":{"line":336,"column":13}},"113":{"start":{"line":333,"column":16},"end":{"line":333,"column":86}},"114":{"start":{"line":335,"column":16},"end":{"line":335,"column":61}},"115":{"start":{"line":338,"column":8},"end":{"line":338,"column":21}},"116":{"start":{"line":51,"column":0},"end":{"line":51,"column":21}},"117":{"start":{"line":352,"column":4},"end":{"line":352,"column":14}},"118":{"start":{"line":342,"column":19},"end":{"line":342,"column":23}},"119":{"start":{"line":353,"column":4},"end":{"line":353,"column":14}},"120":{"start":{"line":343,"column":13},"end":{"line":343,"column":26}},"121":{"start":{"line":354,"column":4},"end":{"line":354,"column":8}},"122":{"start":{"line":344,"column":25},"end":{"line":344,"column":38}},"123":{"start":{"line":355,"column":4},"end":{"line":355,"column":20}},"124":{"start":{"line":345,"column":23},"end":{"line":349,"column":2}},"125":{"start":{"line":356,"column":4},"end":{"line":356,"column":18}}},"fnMap":{"0":{"name":"(anonymous_17)","decl":{"start":{"line":55,"column":4},"end":{"line":55,"column":16}},"loc":{"start":{"line":55,"column":78},"end":{"line":71,"column":5}}},"1":{"name":"(anonymous_18)","decl":{"start":{"line":73,"column":17},"end":{"line":73,"column":27}},"loc":{"start":{"line":73,"column":27},"end":{"line":76,"column":null}}},"2":{"name":"(anonymous_20)","decl":{"start":{"line":78,"column":10},"end":{"line":78,"column":17}},"loc":{"start":{"line":78,"column":51},"end":{"line":233,"column":null}}},"3":{"name":"(anonymous_22)","decl":{"start":{"line":125,"column":56},"end":{"line":125,"column":57}},"loc":{"start":{"line":125,"column":62},"end":{"line":125,"column":88}}},"4":{"name":"(anonymous_23)","decl":{"start":{"line":126,"column":59},"end":{"line":126,"column":60}},"loc":{"start":{"line":126,"column":65},"end":{"line":126,"column":94}}},"5":{"name":"(anonymous_24)","decl":{"start":{"line":225,"column":56},"end":{"line":225,"column":59}},"loc":{"start":{"line":225,"column":62},"end":{"line":225,"column":66}}},"6":{"name":"(anonymous_25)","decl":{"start":{"line":225,"column":74},"end":{"line":225,"column":77}},"loc":{"start":{"line":225,"column":80},"end":{"line":225,"column":85}}},"7":{"name":"(anonymous_26)","decl":{"start":{"line":239,"column":18},"end":{"line":239,"column":33}},"loc":{"start":{"line":239,"column":127},"end":{"line":270,"column":null}}},"8":{"name":"(anonymous_28)","decl":{"start":{"line":240,"column":66},"end":{"line":240,"column":69}},"loc":{"start":{"line":240,"column":72},"end":{"line":240,"column":76}}},"9":{"name":"(anonymous_29)","decl":{"start":{"line":240,"column":84},"end":{"line":240,"column":87}},"loc":{"start":{"line":240,"column":90},"end":{"line":240,"column":95}}},"10":{"name":"(anonymous_30)","decl":{"start":{"line":275,"column":18},"end":{"line":275,"column":27}},"loc":{"start":{"line":275,"column":117},"end":{"line":284,"column":null}}},"11":{"name":"(anonymous_32)","decl":{"start":{"line":289,"column":18},"end":{"line":289,"column":43}},"loc":{"start":{"line":289,"column":122},"end":{"line":316,"column":null}}},"12":{"name":"(anonymous_34)","decl":{"start":{"line":321,"column":18},"end":{"line":321,"column":35}},"loc":{"start":{"line":321,"column":64},"end":{"line":339,"column":null}}}},"branchMap":{"0":{"loc":{"start":{"line":58,"column":32},"end":{"line":58,"column":154}},"type":"cond-expr","locations":[{"start":{"line":58,"column":63},"end":{"line":58,"column":116}},{"start":{"line":58,"column":120},"end":{"line":58,"column":154}}]},"1":{"loc":{"start":{"line":70,"column":56},"end":{"line":70,"column":115}},"type":"binary-expr","locations":[{"start":{"line":70,"column":56},"end":{"line":70,"column":75}},{"start":{"line":70,"column":79},"end":{"line":70,"column":115}}]},"2":{"loc":{"start":{"line":88,"column":12},"end":{"line":91,"column":13}},"type":"if","locations":[{"start":{"line":88,"column":12},"end":{"line":91,"column":13}},{"start":{},"end":{}}]},"3":{"loc":{"start":{"line":94,"column":12},"end":{"line":213,"column":13}},"type":"if","locations":[{"start":{"line":94,"column":12},"end":{"line":213,"column":13}},{"start":{"line":197,"column":17},"end":{"line":213,"column":13}}]},"4":{"loc":{"start":{"line":94,"column":16},"end":{"line":94,"column":46}},"type":"cond-expr","locations":[{"start":{"line":94,"column":30},"end":{"line":94,"column":32}},{"start":{"line":94,"column":16},"end":{"line":94,"column":46}}]},"5":{"loc":{"start":{"line":94,"column":16},"end":{"line":94,"column":32}},"type":"binary-expr","locations":[{"start":{"line":94,"column":16},"end":{"line":94,"column":32}},{"start":{"line":94,"column":16},"end":{"line":94,"column":32}}]},"6":{"loc":{"start":{"line":99,"column":16},"end":{"line":102,"column":17}},"type":"if","locations":[{"start":{"line":99,"column":16},"end":{"line":102,"column":17}},{"start":{},"end":{}}]},"7":{"loc":{"start":{"line":99,"column":20},"end":{"line":99,"column":72}},"type":"binary-expr","locations":[{"start":{"line":99,"column":20},"end":{"line":99,"column":42}},{"start":{"line":99,"column":46},"end":{"line":99,"column":72}}]},"8":{"loc":{"start":{"line":105,"column":16},"end":{"line":107,"column":17}},"type":"if","locations":[{"start":{"line":105,"column":16},"end":{"line":107,"column":17}},{"start":{},"end":{}}]},"9":{"loc":{"start":{"line":105,"column":20},"end":{"line":105,"column":122}},"type":"binary-expr","locations":[{"start":{"line":105,"column":20},"end":{"line":105,"column":45}},{"start":{"line":105,"column":49},"end":{"line":105,"column":81}},{"start":{"line":105,"column":85},"end":{"line":105,"column":122}}]},"10":{"loc":{"start":{"line":123,"column":16},"end":{"line":190,"column":17}},"type":"if","locations":[{"start":{"line":123,"column":16},"end":{"line":190,"column":17}},{"start":{"line":188,"column":23},"end":{"line":190,"column":17}}]},"11":{"loc":{"start":{"line":125,"column":28},"end":{"line":125,"column":50}},"type":"binary-expr","locations":[{"start":{"line":125,"column":28},"end":{"line":125,"column":44}},{"start":{"line":125,"column":48},"end":{"line":125,"column":50}}]},"12":{"loc":{"start":{"line":126,"column":28},"end":{"line":126,"column":53}},"type":"binary-expr","locations":[{"start":{"line":126,"column":28},"end":{"line":126,"column":47}},{"start":{"line":126,"column":51},"end":{"line":126,"column":53}}]},"13":{"loc":{"start":{"line":169,"column":47},"end":{"line":169,"column":71}},"type":"binary-expr","locations":[{"start":{"line":169,"column":47},"end":{"line":169,"column":65}},{"start":{"line":169,"column":69},"end":{"line":169,"column":71}}]},"14":{"loc":{"start":{"line":215,"column":31},"end":{"line":215,"column":108}},"type":"cond-expr","locations":[{"start":{"line":215,"column":56},"end":{"line":215,"column":69}},{"start":{"line":215,"column":72},"end":{"line":215,"column":108}}]},"15":{"loc":{"start":{"line":225,"column":16},"end":{"line":228,"column":17}},"type":"if","locations":[{"start":{"line":225,"column":16},"end":{"line":228,"column":17}},{"start":{},"end":{}}]},"16":{"loc":{"start":{"line":241,"column":8},"end":{"line":269,"column":9}},"type":"if","locations":[{"start":{"line":241,"column":8},"end":{"line":269,"column":9}},{"start":{"line":264,"column":15},"end":{"line":269,"column":9}}]},"17":{"loc":{"start":{"line":241,"column":12},"end":{"line":241,"column":73}},"type":"binary-expr","locations":[{"start":{"line":241,"column":12},"end":{"line":241,"column":22}},{"start":{"line":241,"column":26},"end":{"line":241,"column":73}}]},"18":{"loc":{"start":{"line":245,"column":16},"end":{"line":257,"column":17}},"type":"if","locations":[{"start":{"line":245,"column":16},"end":{"line":257,"column":17}},{"start":{"line":252,"column":23},"end":{"line":257,"column":17}}]},"19":{"loc":{"start":{"line":245,"column":20},"end":{"line":245,"column":69}},"type":"binary-expr","locations":[{"start":{"line":245,"column":20},"end":{"line":245,"column":33}},{"start":{"line":245,"column":37},"end":{"line":245,"column":69}}]},"20":{"loc":{"start":{"line":249,"column":73},"end":{"line":249,"column":89}},"type":"binary-expr","locations":[{"start":{"line":249,"column":73},"end":{"line":249,"column":79}},{"start":{"line":249,"column":83},"end":{"line":249,"column":89}}]},"21":{"loc":{"start":{"line":250,"column":66},"end":{"line":250,"column":82}},"type":"binary-expr","locations":[{"start":{"line":250,"column":66},"end":{"line":250,"column":72}},{"start":{"line":250,"column":76},"end":{"line":250,"column":82}}]},"22":{"loc":{"start":{"line":251,"column":72},"end":{"line":251,"column":88}},"type":"binary-expr","locations":[{"start":{"line":251,"column":72},"end":{"line":251,"column":78}},{"start":{"line":251,"column":82},"end":{"line":251,"column":88}}]},"23":{"loc":{"start":{"line":277,"column":8},"end":{"line":279,"column":9}},"type":"if","locations":[{"start":{"line":277,"column":8},"end":{"line":279,"column":9}},{"start":{},"end":{}}]},"24":{"loc":{"start":{"line":280,"column":8},"end":{"line":282,"column":9}},"type":"if","locations":[{"start":{"line":280,"column":8},"end":{"line":282,"column":9}},{"start":{},"end":{}}]},"25":{"loc":{"start":{"line":292,"column":27},"end":{"line":292,"column":43}},"type":"binary-expr","locations":[{"start":{"line":292,"column":27},"end":{"line":292,"column":33}},{"start":{"line":292,"column":37},"end":{"line":292,"column":43}}]},"26":{"loc":{"start":{"line":328,"column":12},"end":{"line":330,"column":13}},"type":"if","locations":[{"start":{"line":328,"column":12},"end":{"line":330,"column":13}},{"start":{},"end":{}}]},"27":{"loc":{"start":{"line":328,"column":16},"end":{"line":328,"column":67}},"type":"binary-expr","locations":[{"start":{"line":328,"column":16},"end":{"line":328,"column":37}},{"start":{"line":328,"column":41},"end":{"line":328,"column":67}}]},"28":{"loc":{"start":{"line":332,"column":12},"end":{"line":336,"column":13}},"type":"if","locations":[{"start":{"line":332,"column":12},"end":{"line":336,"column":13}},{"start":{"line":334,"column":19},"end":{"line":336,"column":13}}]}},"s":{"0":1,"1":1,"2":1,"3":1,"4":1,"5":1,"6":21,"7":21,"8":21,"9":21,"10":21,"11":1,"12":1,"13":16,"14":16,"15":16,"16":16,"17":16,"18":16,"19":0,"20":0,"21":16,"22":5,"23":5,"24":5,"25":0,"26":0,"27":5,"28":1,"29":4,"30":4,"31":4,"32":4,"33":4,"34":4,"35":4,"36":4,"37":4,"38":3,"39":2,"40":3,"41":3,"42":5,"43":5,"44":5,"45":3,"46":2,"47":2,"48":3,"49":2,"50":1,"51":4,"52":4,"53":11,"54":11,"55":11,"56":6,"57":4,"58":4,"59":8,"60":8,"61":8,"62":16,"63":16,"64":7,"65":9,"66":7,"67":7,"68":1,"69":15,"70":6,"71":9,"72":15,"73":5,"74":5,"75":4,"76":2,"77":2,"78":2,"79":2,"80":2,"81":2,"82":2,"83":2,"84":2,"85":2,"86":2,"87":10,"88":10,"89":10,"90":14,"91":14,"92":14,"93":14,"94":14,"95":14,"96":6,"97":6,"98":4,"99":4,"100":5,"101":5,"102":5,"103":4,"104":1,"105":4,"106":7,"107":7,"108":7,"109":8,"110":8,"111":2,"112":6,"113":1,"114":5,"115":5,"116":1,"117":1,"118":1,"119":1,"120":1,"121":1,"122":1,"123":1,"124":1,"125":1},"f":{"0":21,"1":1,"2":16,"3":2,"4":3,"5":7,"6":9,"7":15,"8":6,"9":9,"10":14,"11":6,"12":7},"b":{"0":[20,1],"1":[21,1],"2":[0,16],"3":[5,11],"4":[0,16],"5":[16,16],"6":[0,5],"7":[5,0],"8":[1,4],"9":[5,5,4],"10":[3,1],"11":[3,1],"12":[3,0],"13":[3,1],"14":[7,1],"15":[7,9],"16":[5,10],"17":[15,6],"18":[2,2],"19":[4,4],"20":[2,0],"21":[2,0],"22":[2,0],"23":[14,0],"24":[14,0],"25":[4,0],"26":[2,6],"27":[8,7],"28":[1,5]}}
,"C:\\Users\\SOHAM\\Desktop\\Crawler-sdk\\crawler\\src\\datasources\\types\\googledrive-crawler.ts": {"path":"C:\\Users\\SOHAM\\Desktop\\Crawler-sdk\\crawler\\src\\datasources\\types\\googledrive-crawler.ts","statementMap":{"0":{"start":{"line":3,"column":0},"end":{"line":3,"column":95}},"1":{"start":{"line":4,"column":0},"end":{"line":4,"column":46}},"2":{"start":{"line":10,"column":0},"end":{"line":10,"column":25}},"3":{"start":{"line":52,"column":8},"end":{"line":52,"column":29}},"4":{"start":{"line":54,"column":30},"end":{"line":54,"column":168}},"5":{"start":{"line":56,"column":8},"end":{"line":60,"column":38}},"6":{"start":{"line":64,"column":8},"end":{"line":64,"column":135}},"7":{"start":{"line":72,"column":8},"end":{"line":74,"column":9}},"8":{"start":{"line":73,"column":12},"end":{"line":73,"column":87}},"9":{"start":{"line":78,"column":8},"end":{"line":81,"column":9}},"10":{"start":{"line":79,"column":12},"end":{"line":79,"column":131}},"11":{"start":{"line":80,"column":12},"end":{"line":80,"column":119}},"12":{"start":{"line":83,"column":8},"end":{"line":83,"column":79}},"13":{"start":{"line":87,"column":8},"end":{"line":102,"column":9}},"14":{"start":{"line":88,"column":12},"end":{"line":98,"column":13}},"15":{"start":{"line":89,"column":16},"end":{"line":89,"column":78}},"16":{"start":{"line":90,"column":16},"end":{"line":90,"column":110}},"17":{"start":{"line":91,"column":19},"end":{"line":98,"column":13}},"18":{"start":{"line":92,"column":39},"end":{"line":92,"column":97}},"19":{"start":{"line":93,"column":16},"end":{"line":93,"column":63}},"20":{"start":{"line":94,"column":16},"end":{"line":94,"column":126}},"21":{"start":{"line":96,"column":16},"end":{"line":96,"column":150}},"22":{"start":{"line":97,"column":16},"end":{"line":97,"column":118}},"23":{"start":{"line":100,"column":12},"end":{"line":100,"column":150}},"24":{"start":{"line":101,"column":12},"end":{"line":101,"column":93}},"25":{"start":{"line":104,"column":8},"end":{"line":107,"column":9}},"26":{"start":{"line":105,"column":12},"end":{"line":105,"column":143}},"27":{"start":{"line":106,"column":12},"end":{"line":106,"column":103}},"28":{"start":{"line":110,"column":8},"end":{"line":114,"column":11}},"29":{"start":{"line":116,"column":8},"end":{"line":125,"column":9}},"30":{"start":{"line":117,"column":12},"end":{"line":117,"column":45}},"31":{"start":{"line":118,"column":12},"end":{"line":118,"column":83}},"32":{"start":{"line":119,"column":12},"end":{"line":119,"column":85}},"33":{"start":{"line":120,"column":12},"end":{"line":120,"column":76}},"34":{"start":{"line":121,"column":12},"end":{"line":121,"column":66}},"35":{"start":{"line":123,"column":12},"end":{"line":123,"column":163}},"36":{"start":{"line":124,"column":12},"end":{"line":124,"column":87}},"37":{"start":{"line":129,"column":31},"end":{"line":129,"column":64}},"38":{"start":{"line":131,"column":27},"end":{"line":131,"column":50}},"39":{"start":{"line":132,"column":8},"end":{"line":135,"column":9}},"40":{"start":{"line":133,"column":12},"end":{"line":133,"column":106}},"41":{"start":{"line":134,"column":12},"end":{"line":134,"column":30}},"42":{"start":{"line":137,"column":26},"end":{"line":137,"column":36}},"43":{"start":{"line":138,"column":47},"end":{"line":138,"column":49}},"44":{"start":{"line":140,"column":35},"end":{"line":140,"column":68}},"45":{"start":{"line":141,"column":8},"end":{"line":141,"column":121}},"46":{"start":{"line":144,"column":8},"end":{"line":405,"column":9}},"47":{"start":{"line":148,"column":12},"end":{"line":172,"column":13}},"48":{"start":{"line":149,"column":16},"end":{"line":149,"column":65}},"49":{"start":{"line":150,"column":16},"end":{"line":150,"column":141}},"50":{"start":{"line":151,"column":19},"end":{"line":172,"column":13}},"51":{"start":{"line":152,"column":16},"end":{"line":152,"column":64}},"52":{"start":{"line":153,"column":16},"end":{"line":153,"column":140}},"53":{"start":{"line":157,"column":16},"end":{"line":157,"column":165}},"54":{"start":{"line":158,"column":16},"end":{"line":171,"column":17}},"55":{"start":{"line":159,"column":42},"end":{"line":159,"column":121}},"56":{"start":{"line":160,"column":20},"end":{"line":160,"column":74}},"57":{"start":{"line":161,"column":20},"end":{"line":161,"column":108}},"58":{"start":{"line":163,"column":20},"end":{"line":167,"column":23}},"59":{"start":{"line":169,"column":20},"end":{"line":169,"column":119}},"60":{"start":{"line":170,"column":20},"end":{"line":170,"column":114}},"61":{"start":{"line":174,"column":36},"end":{"line":174,"column":52}},"62":{"start":{"line":175,"column":30},"end":{"line":175,"column":34}},"63":{"start":{"line":178,"column":12},"end":{"line":290,"column":13}},"64":{"start":{"line":179,"column":16},"end":{"line":289,"column":17}},"65":{"start":{"line":180,"column":84},"end":{"line":185,"column":22}},"66":{"start":{"line":187,"column":20},"end":{"line":187,"column":95}},"67":{"start":{"line":188,"column":36},"end":{"line":188,"column":65}},"68":{"start":{"line":189,"column":20},"end":{"line":189,"column":105}},"69":{"start":{"line":191,"column":20},"end":{"line":279,"column":21}},"70":{"start":{"line":192,"column":39},"end":{"line":192,"column":52}},"71":{"start":{"line":193,"column":37},"end":{"line":193,"column":48}},"72":{"start":{"line":195,"column":24},"end":{"line":195,"column":46}},"73":{"start":{"line":195,"column":37},"end":{"line":195,"column":46}},"74":{"start":{"line":197,"column":24},"end":{"line":278,"column":25}},"75":{"start":{"line":198,"column":28},"end":{"line":209,"column":31}},"76":{"start":{"line":210,"column":28},"end":{"line":210,"column":122}},"77":{"start":{"line":211,"column":31},"end":{"line":278,"column":25}},"78":{"start":{"line":212,"column":48},"end":{"line":212,"column":66}},"79":{"start":{"line":214,"column":28},"end":{"line":277,"column":29}},"80":{"start":{"line":215,"column":32},"end":{"line":233,"column":35}},"81":{"start":{"line":234,"column":32},"end":{"line":234,"column":130}},"82":{"start":{"line":235,"column":35},"end":{"line":277,"column":29}},"83":{"start":{"line":237,"column":32},"end":{"line":237,"column":41}},"84":{"start":{"line":239,"column":32},"end":{"line":276,"column":33}},"85":{"start":{"line":240,"column":56},"end":{"line":240,"column":154}},"86":{"start":{"line":241,"column":36},"end":{"line":258,"column":39}},"87":{"start":{"line":259,"column":36},"end":{"line":259,"column":144}},"88":{"start":{"line":261,"column":36},"end":{"line":261,"column":147}},"89":{"start":{"line":262,"column":36},"end":{"line":275,"column":39}},"90":{"start":{"line":281,"column":20},"end":{"line":281,"column":75}},"91":{"start":{"line":282,"column":20},"end":{"line":284,"column":21}},"92":{"start":{"line":283,"column":24},"end":{"line":283,"column":44}},"93":{"start":{"line":287,"column":20},"end":{"line":287,"column":101}},"94":{"start":{"line":288,"column":20},"end":{"line":288,"column":91}},"95":{"start":{"line":291,"column":12},"end":{"line":295,"column":15}},"96":{"start":{"line":302,"column":12},"end":{"line":305,"column":13}},"97":{"start":{"line":303,"column":16},"end":{"line":303,"column":132}},"98":{"start":{"line":304,"column":16},"end":{"line":304,"column":127}},"99":{"start":{"line":307,"column":12},"end":{"line":307,"column":123}},"100":{"start":{"line":308,"column":59},"end":{"line":308,"column":88}},"101":{"start":{"line":309,"column":35},"end":{"line":309,"column":36}},"102":{"start":{"line":311,"column":12},"end":{"line":313,"column":13}},"103":{"start":{"line":312,"column":16},"end":{"line":312,"column":110}},"104":{"start":{"line":315,"column":12},"end":{"line":404,"column":13}},"105":{"start":{"line":318,"column":16},"end":{"line":392,"column":47}},"106":{"start":{"line":319,"column":39},"end":{"line":319,"column":145}},"107":{"start":{"line":320,"column":20},"end":{"line":320,"column":70}},"108":{"start":{"line":321,"column":20},"end":{"line":321,"column":61}},"109":{"start":{"line":322,"column":20},"end":{"line":387,"column":21}},"110":{"start":{"line":323,"column":24},"end":{"line":386,"column":25}},"111":{"start":{"line":324,"column":43},"end":{"line":324,"column":50}},"112":{"start":{"line":325,"column":28},"end":{"line":385,"column":29}},"113":{"start":{"line":326,"column":32},"end":{"line":384,"column":33}},"114":{"start":{"line":327,"column":36},"end":{"line":345,"column":39}},"115":{"start":{"line":346,"column":36},"end":{"line":346,"column":143}},"116":{"start":{"line":348,"column":36},"end":{"line":383,"column":37}},"117":{"start":{"line":349,"column":60},"end":{"line":349,"column":158}},"118":{"start":{"line":350,"column":40},"end":{"line":366,"column":43}},"119":{"start":{"line":368,"column":40},"end":{"line":368,"column":162}},"120":{"start":{"line":369,"column":40},"end":{"line":382,"column":43}},"121":{"start":{"line":390,"column":20},"end":{"line":390,"column":70}},"122":{"start":{"line":394,"column":16},"end":{"line":394,"column":149}},"123":{"start":{"line":395,"column":16},"end":{"line":399,"column":19}},"124":{"start":{"line":402,"column":16},"end":{"line":402,"column":115}},"125":{"start":{"line":403,"column":16},"end":{"line":403,"column":101}},"126":{"start":{"line":412,"column":22},"end":{"line":412,"column":68}},"127":{"start":{"line":413,"column":23},"end":{"line":413,"column":145}},"128":{"start":{"line":415,"column":20},"end":{"line":421,"column":10}},"129":{"start":{"line":422,"column":8},"end":{"line":422,"column":24}},"130":{"start":{"line":429,"column":26},"end":{"line":429,"column":31}},"131":{"start":{"line":433,"column":8},"end":{"line":442,"column":9}},"132":{"start":{"line":434,"column":12},"end":{"line":434,"column":31}},"133":{"start":{"line":435,"column":12},"end":{"line":435,"column":42}},"134":{"start":{"line":436,"column":15},"end":{"line":442,"column":9}},"135":{"start":{"line":437,"column":12},"end":{"line":437,"column":31}},"136":{"start":{"line":438,"column":12},"end":{"line":438,"column":40}},"137":{"start":{"line":439,"column":15},"end":{"line":442,"column":9}},"138":{"start":{"line":440,"column":12},"end":{"line":440,"column":31}},"139":{"start":{"line":441,"column":12},"end":{"line":441,"column":47}},"140":{"start":{"line":444,"column":8},"end":{"line":479,"column":9}},"141":{"start":{"line":448,"column":12},"end":{"line":458,"column":13}},"142":{"start":{"line":449,"column":16},"end":{"line":452,"column":86}},"143":{"start":{"line":454,"column":16},"end":{"line":457,"column":86}},"144":{"start":{"line":461,"column":27},"end":{"line":461,"column":35}},"145":{"start":{"line":462,"column":12},"end":{"line":475,"column":15}},"146":{"start":{"line":463,"column":41},"end":{"line":463,"column":43}},"147":{"start":{"line":464,"column":16},"end":{"line":464,"column":75}},"148":{"start":{"line":464,"column":45},"end":{"line":464,"column":73}},"149":{"start":{"line":465,"column":16},"end":{"line":465,"column":43}},"150":{"start":{"line":466,"column":16},"end":{"line":474,"column":19}},"151":{"start":{"line":467,"column":35},"end":{"line":467,"column":56}},"152":{"start":{"line":469,"column":20},"end":{"line":473,"column":21}},"153":{"start":{"line":470,"column":24},"end":{"line":470,"column":57}},"154":{"start":{"line":472,"column":24},"end":{"line":472,"column":40}},"155":{"start":{"line":477,"column":12},"end":{"line":477,"column":110}},"156":{"start":{"line":478,"column":12},"end":{"line":478,"column":24}},"157":{"start":{"line":46,"column":0},"end":{"line":46,"column":21}},"158":{"start":{"line":493,"column":4},"end":{"line":493,"column":14}},"159":{"start":{"line":483,"column":19},"end":{"line":483,"column":23}},"160":{"start":{"line":494,"column":4},"end":{"line":494,"column":14}},"161":{"start":{"line":484,"column":13},"end":{"line":484,"column":29}},"162":{"start":{"line":495,"column":4},"end":{"line":495,"column":8}},"163":{"start":{"line":485,"column":25},"end":{"line":485,"column":41}},"164":{"start":{"line":496,"column":4},"end":{"line":496,"column":20}},"165":{"start":{"line":486,"column":23},"end":{"line":490,"column":2}},"166":{"start":{"line":497,"column":4},"end":{"line":497,"column":18}}},"fnMap":{"0":{"name":"(anonymous_16)","decl":{"start":{"line":51,"column":4},"end":{"line":51,"column":16}},"loc":{"start":{"line":51,"column":94},"end":{"line":65,"column":5}}},"1":{"name":"(anonymous_17)","decl":{"start":{"line":71,"column":17},"end":{"line":71,"column":27}},"loc":{"start":{"line":71,"column":27},"end":{"line":126,"column":null}}},"2":{"name":"(anonymous_19)","decl":{"start":{"line":128,"column":10},"end":{"line":128,"column":17}},"loc":{"start":{"line":128,"column":51},"end":{"line":406,"column":null}}},"3":{"name":"(anonymous_21)","decl":{"start":{"line":411,"column":18},"end":{"line":411,"column":28}},"loc":{"start":{"line":411,"column":113},"end":{"line":423,"column":null}}},"4":{"name":"(anonymous_23)","decl":{"start":{"line":428,"column":18},"end":{"line":428,"column":33}},"loc":{"start":{"line":428,"column":95},"end":{"line":480,"column":null}}},"5":{"name":"(anonymous_25)","decl":{"start":{"line":462,"column":31},"end":{"line":462,"column":32}},"loc":{"start":{"line":462,"column":51},"end":{"line":475,"column":13}}},"6":{"name":"(anonymous_26)","decl":{"start":{"line":464,"column":34},"end":{"line":464,"column":35}},"loc":{"start":{"line":464,"column":45},"end":{"line":464,"column":73}}},"7":{"name":"(anonymous_27)","decl":{"start":{"line":466,"column":33},"end":{"line":466,"column":36}},"loc":{"start":{"line":466,"column":38},"end":{"line":474,"column":17}}}},"branchMap":{"0":{"loc":{"start":{"line":54,"column":30},"end":{"line":54,"column":168}},"type":"cond-expr","locations":[{"start":{"line":54,"column":61},"end":{"line":54,"column":122}},{"start":{"line":54,"column":126},"end":{"line":54,"column":168}}]},"1":{"loc":{"start":{"line":64,"column":71},"end":{"line":64,"column":131}},"type":"binary-expr","locations":[{"start":{"line":64,"column":71},"end":{"line":64,"column":91}},{"start":{"line":64,"column":95},"end":{"line":64,"column":131}}]},"2":{"loc":{"start":{"line":72,"column":8},"end":{"line":74,"column":9}},"type":"if","locations":[{"start":{"line":72,"column":8},"end":{"line":74,"column":9}},{"start":{},"end":{}}]},"3":{"loc":{"start":{"line":78,"column":8},"end":{"line":81,"column":9}},"type":"if","locations":[{"start":{"line":78,"column":8},"end":{"line":81,"column":9}},{"start":{},"end":{}}]},"4":{"loc":{"start":{"line":78,"column":12},"end":{"line":78,"column":91}},"type":"binary-expr","locations":[{"start":{"line":78,"column":12},"end":{"line":78,"column":33}},{"start":{"line":78,"column":37},"end":{"line":78,"column":91}}]},"5":{"loc":{"start":{"line":88,"column":12},"end":{"line":98,"column":13}},"type":"if","locations":[{"start":{"line":88,"column":12},"end":{"line":98,"column":13}},{"start":{"line":91,"column":19},"end":{"line":98,"column":13}}]},"6":{"loc":{"start":{"line":91,"column":19},"end":{"line":98,"column":13}},"type":"if","locations":[{"start":{"line":91,"column":19},"end":{"line":98,"column":13}},{"start":{"line":95,"column":19},"end":{"line":98,"column":13}}]},"7":{"loc":{"start":{"line":104,"column":8},"end":{"line":107,"column":9}},"type":"if","locations":[{"start":{"line":104,"column":8},"end":{"line":107,"column":9}},{"start":{},"end":{}}]},"8":{"loc":{"start":{"line":104,"column":12},"end":{"line":104,"column":77}},"type":"binary-expr","locations":[{"start":{"line":104,"column":12},"end":{"line":104,"column":43}},{"start":{"line":104,"column":47},"end":{"line":104,"column":77}}]},"9":{"loc":{"start":{"line":132,"column":8},"end":{"line":135,"column":9}},"type":"if","locations":[{"start":{"line":132,"column":8},"end":{"line":135,"column":9}},{"start":{},"end":{}}]},"10":{"loc":{"start":{"line":140,"column":37},"end":{"line":140,"column":67}},"type":"cond-expr","locations":[{"start":{"line":140,"column":51},"end":{"line":140,"column":53}},{"start":{"line":140,"column":37},"end":{"line":140,"column":67}}]},"11":{"loc":{"start":{"line":140,"column":37},"end":{"line":140,"column":53}},"type":"binary-expr","locations":[{"start":{"line":140,"column":37},"end":{"line":140,"column":53}},{"start":{"line":140,"column":37},"end":{"line":140,"column":53}}]},"12":{"loc":{"start":{"line":141,"column":56},"end":{"line":141,"column":111}},"type":"cond-expr","locations":[{"start":{"line":141,"column":77},"end":{"line":141,"column":86}},{"start":{"line":141,"column":89},"end":{"line":141,"column":111}}]},"13":{"loc":{"start":{"line":144,"column":8},"end":{"line":405,"column":9}},"type":"if","locations":[{"start":{"line":144,"column":8},"end":{"line":405,"column":9}},{"start":{"line":298,"column":13},"end":{"line":405,"column":9}}]},"14":{"loc":{"start":{"line":148,"column":12},"end":{"line":172,"column":13}},"type":"if","locations":[{"start":{"line":148,"column":12},"end":{"line":172,"column":13}},{"start":{"line":151,"column":19},"end":{"line":172,"column":13}}]},"15":{"loc":{"start":{"line":148,"column":16},"end":{"line":148,"column":46}},"type":"cond-expr","locations":[{"start":{"line":148,"column":30},"end":{"line":148,"column":32}},{"start":{"line":148,"column":16},"end":{"line":148,"column":46}}]},"16":{"loc":{"start":{"line":148,"column":16},"end":{"line":148,"column":32}},"type":"binary-expr","locations":[{"start":{"line":148,"column":16},"end":{"line":148,"column":32}},{"start":{"line":148,"column":16},"end":{"line":148,"column":32}}]},"17":{"loc":{"start":{"line":151,"column":19},"end":{"line":172,"column":13}},"type":"if","locations":[{"start":{"line":151,"column":19},"end":{"line":172,"column":13}},{"start":{"line":154,"column":19},"end":{"line":172,"column":13}}]},"18":{"loc":{"start":{"line":151,"column":23},"end":{"line":151,"column":52}},"type":"cond-expr","locations":[{"start":{"line":151,"column":37},"end":{"line":151,"column":39}},{"start":{"line":151,"column":23},"end":{"line":151,"column":52}}]},"19":{"loc":{"start":{"line":151,"column":23},"end":{"line":151,"column":39}},"type":"binary-expr","locations":[{"start":{"line":151,"column":23},"end":{"line":151,"column":39}},{"start":{"line":151,"column":23},"end":{"line":151,"column":39}}]},"20":{"loc":{"start":{"line":187,"column":40},"end":{"line":187,"column":94}},"type":"binary-expr","locations":[{"start":{"line":187,"column":40},"end":{"line":187,"column":73}},{"start":{"line":187,"column":77},"end":{"line":187,"column":94}}]},"21":{"loc":{"start":{"line":188,"column":36},"end":{"line":188,"column":65}},"type":"binary-expr","locations":[{"start":{"line":188,"column":36},"end":{"line":188,"column":59}},{"start":{"line":188,"column":63},"end":{"line":188,"column":65}}]},"22":{"loc":{"start":{"line":195,"column":24},"end":{"line":195,"column":46}},"type":"if","locations":[{"start":{"line":195,"column":24},"end":{"line":195,"column":46}},{"start":{},"end":{}}]},"23":{"loc":{"start":{"line":197,"column":24},"end":{"line":278,"column":25}},"type":"if","locations":[{"start":{"line":197,"column":24},"end":{"line":278,"column":25}},{"start":{"line":211,"column":31},"end":{"line":278,"column":25}}]},"24":{"loc":{"start":{"line":211,"column":31},"end":{"line":278,"column":25}},"type":"if","locations":[{"start":{"line":211,"column":31},"end":{"line":278,"column":25}},{"start":{},"end":{}}]},"25":{"loc":{"start":{"line":212,"column":48},"end":{"line":212,"column":66}},"type":"cond-expr","locations":[{"start":{"line":212,"column":60},"end":{"line":212,"column":64}},{"start":{"line":212,"column":64},"end":{"line":212,"column":66}}]},"26":{"loc":{"start":{"line":212,"column":48},"end":{"line":212,"column":64}},"type":"binary-expr","locations":[{"start":{"line":212,"column":48},"end":{"line":212,"column":64}},{"start":{"line":212,"column":60},"end":{"line":212,"column":64}}]},"27":{"loc":{"start":{"line":214,"column":28},"end":{"line":277,"column":29}},"type":"if","locations":[{"start":{"line":214,"column":28},"end":{"line":277,"column":29}},{"start":{"line":235,"column":35},"end":{"line":277,"column":29}}]},"28":{"loc":{"start":{"line":218,"column":41},"end":{"line":218,"column":132}},"type":"binary-expr","locations":[{"start":{"line":218,"column":41},"end":{"line":218,"column":57}},{"start":{"line":218,"column":61},"end":{"line":218,"column":80}},{"start":{"line":218,"column":84},"end":{"line":218,"column":132}}]},"29":{"loc":{"start":{"line":223,"column":50},"end":{"line":223,"column":77}},"type":"cond-expr","locations":[{"start":{"line":223,"column":59},"end":{"line":223,"column":63}},{"start":{"line":223,"column":63},"end":{"line":223,"column":77}}]},"30":{"loc":{"start":{"line":223,"column":50},"end":{"line":223,"column":63}},"type":"binary-expr","locations":[{"start":{"line":223,"column":50},"end":{"line":223,"column":63}},{"start":{"line":223,"column":59},"end":{"line":223,"column":63}}]},"31":{"loc":{"start":{"line":224,"column":50},"end":{"line":224,"column":93}},"type":"cond-expr","locations":[{"start":{"line":224,"column":63},"end":{"line":224,"column":67}},{"start":{"line":224,"column":67},"end":{"line":224,"column":93}}]},"32":{"loc":{"start":{"line":224,"column":50},"end":{"line":224,"column":67}},"type":"binary-expr","locations":[{"start":{"line":224,"column":50},"end":{"line":224,"column":67}},{"start":{"line":224,"column":63},"end":{"line":224,"column":67}}]},"33":{"loc":{"start":{"line":225,"column":50},"end":{"line":225,"column":89}},"type":"cond-expr","locations":[{"start":{"line":225,"column":62},"end":{"line":225,"column":85}},{"start":{"line":225,"column":88},"end":{"line":225,"column":89}}]},"34":{"loc":{"start":{"line":228,"column":53},"end":{"line":228,"column":75}},"type":"cond-expr","locations":[{"start":{"line":228,"column":69},"end":{"line":228,"column":73}},{"start":{"line":228,"column":73},"end":{"line":228,"column":75}}]},"35":{"loc":{"start":{"line":228,"column":53},"end":{"line":228,"column":73}},"type":"binary-expr","locations":[{"start":{"line":228,"column":53},"end":{"line":228,"column":73}},{"start":{"line":228,"column":69},"end":{"line":228,"column":73}}]},"36":{"loc":{"start":{"line":229,"column":54},"end":{"line":229,"column":77}},"type":"cond-expr","locations":[{"start":{"line":229,"column":71},"end":{"line":229,"column":75}},{"start":{"line":229,"column":75},"end":{"line":229,"column":77}}]},"37":{"loc":{"start":{"line":229,"column":54},"end":{"line":229,"column":75}},"type":"binary-expr","locations":[{"start":{"line":229,"column":54},"end":{"line":229,"column":75}},{"start":{"line":229,"column":71},"end":{"line":229,"column":75}}]},"38":{"loc":{"start":{"line":235,"column":35},"end":{"line":277,"column":29}},"type":"if","locations":[{"start":{"line":235,"column":35},"end":{"line":277,"column":29}},{"start":{"line":238,"column":35},"end":{"line":277,"column":29}}]},"39":{"loc":{"start":{"line":235,"column":39},"end":{"line":235,"column":106}},"type":"binary-expr","locations":[{"start":{"line":235,"column":39},"end":{"line":235,"column":59}},{"start":{"line":235,"column":63},"end":{"line":235,"column":106}}]},"40":{"loc":{"start":{"line":240,"column":110},"end":{"line":240,"column":153}},"type":"cond-expr","locations":[{"start":{"line":240,"column":123},"end":{"line":240,"column":127}},{"start":{"line":240,"column":127},"end":{"line":240,"column":153}}]},"41":{"loc":{"start":{"line":240,"column":110},"end":{"line":240,"column":127}},"type":"binary-expr","locations":[{"start":{"line":240,"column":110},"end":{"line":240,"column":127}},{"start":{"line":240,"column":123},"end":{"line":240,"column":127}}]},"42":{"loc":{"start":{"line":243,"column":49},"end":{"line":243,"column":66}},"type":"binary-expr","locations":[{"start":{"line":243,"column":49},"end":{"line":243,"column":60}},{"start":{"line":243,"column":64},"end":{"line":243,"column":66}}]},"43":{"loc":{"start":{"line":244,"column":45},"end":{"line":244,"column":136}},"type":"binary-expr","locations":[{"start":{"line":244,"column":45},"end":{"line":244,"column":61}},{"start":{"line":244,"column":65},"end":{"line":244,"column":84}},{"start":{"line":244,"column":88},"end":{"line":244,"column":136}}]},"44":{"loc":{"start":{"line":249,"column":54},"end":{"line":249,"column":81}},"type":"cond-expr","locations":[{"start":{"line":249,"column":63},"end":{"line":249,"column":67}},{"start":{"line":249,"column":67},"end":{"line":249,"column":81}}]},"45":{"loc":{"start":{"line":249,"column":54},"end":{"line":249,"column":67}},"type":"binary-expr","locations":[{"start":{"line":249,"column":54},"end":{"line":249,"column":67}},{"start":{"line":249,"column":63},"end":{"line":249,"column":67}}]},"46":{"loc":{"start":{"line":250,"column":54},"end":{"line":250,"column":97}},"type":"cond-expr","locations":[{"start":{"line":250,"column":67},"end":{"line":250,"column":71}},{"start":{"line":250,"column":71},"end":{"line":250,"column":97}}]},"47":{"loc":{"start":{"line":250,"column":54},"end":{"line":250,"column":71}},"type":"binary-expr","locations":[{"start":{"line":250,"column":54},"end":{"line":250,"column":71}},{"start":{"line":250,"column":67},"end":{"line":250,"column":71}}]},"48":{"loc":{"start":{"line":251,"column":54},"end":{"line":251,"column":93}},"type":"cond-expr","locations":[{"start":{"line":251,"column":66},"end":{"line":251,"column":89}},{"start":{"line":251,"column":92},"end":{"line":251,"column":93}}]},"49":{"loc":{"start":{"line":254,"column":57},"end":{"line":254,"column":79}},"type":"cond-expr","locations":[{"start":{"line":254,"column":73},"end":{"line":254,"column":77}},{"start":{"line":254,"column":77},"end":{"line":254,"column":79}}]},"50":{"loc":{"start":{"line":254,"column":57},"end":{"line":254,"column":77}},"type":"binary-expr","locations":[{"start":{"line":254,"column":57},"end":{"line":254,"column":77}},{"start":{"line":254,"column":73},"end":{"line":254,"column":77}}]},"51":{"loc":{"start":{"line":255,"column":58},"end":{"line":255,"column":81}},"type":"cond-expr","locations":[{"start":{"line":255,"column":75},"end":{"line":255,"column":79}},{"start":{"line":255,"column":79},"end":{"line":255,"column":81}}]},"52":{"loc":{"start":{"line":255,"column":58},"end":{"line":255,"column":79}},"type":"binary-expr","locations":[{"start":{"line":255,"column":58},"end":{"line":255,"column":79}},{"start":{"line":255,"column":75},"end":{"line":255,"column":79}}]},"53":{"loc":{"start":{"line":265,"column":45},"end":{"line":265,"column":136}},"type":"binary-expr","locations":[{"start":{"line":265,"column":45},"end":{"line":265,"column":61}},{"start":{"line":265,"column":65},"end":{"line":265,"column":84}},{"start":{"line":265,"column":88},"end":{"line":265,"column":136}}]},"54":{"loc":{"start":{"line":270,"column":54},"end":{"line":270,"column":81}},"type":"cond-expr","locations":[{"start":{"line":270,"column":63},"end":{"line":270,"column":67}},{"start":{"line":270,"column":67},"end":{"line":270,"column":81}}]},"55":{"loc":{"start":{"line":270,"column":54},"end":{"line":270,"column":67}},"type":"binary-expr","locations":[{"start":{"line":270,"column":54},"end":{"line":270,"column":67}},{"start":{"line":270,"column":63},"end":{"line":270,"column":67}}]},"56":{"loc":{"start":{"line":271,"column":54},"end":{"line":271,"column":97}},"type":"cond-expr","locations":[{"start":{"line":271,"column":67},"end":{"line":271,"column":71}},{"start":{"line":271,"column":71},"end":{"line":271,"column":97}}]},"57":{"loc":{"start":{"line":271,"column":54},"end":{"line":271,"column":71}},"type":"binary-expr","locations":[{"start":{"line":271,"column":54},"end":{"line":271,"column":71}},{"start":{"line":271,"column":67},"end":{"line":271,"column":71}}]},"58":{"loc":{"start":{"line":281,"column":39},"end":{"line":281,"column":74}},"type":"cond-expr","locations":[{"start":{"line":281,"column":68},"end":{"line":281,"column":72}},{"start":{"line":281,"column":72},"end":{"line":281,"column":74}}]},"59":{"loc":{"start":{"line":281,"column":39},"end":{"line":281,"column":72}},"type":"binary-expr","locations":[{"start":{"line":281,"column":39},"end":{"line":281,"column":72}},{"start":{"line":281,"column":68},"end":{"line":281,"column":72}}]},"60":{"loc":{"start":{"line":282,"column":20},"end":{"line":284,"column":21}},"type":"if","locations":[{"start":{"line":282,"column":20},"end":{"line":284,"column":21}},{"start":{},"end":{}}]},"61":{"loc":{"start":{"line":302,"column":12},"end":{"line":305,"column":13}},"type":"if","locations":[{"start":{"line":302,"column":12},"end":{"line":305,"column":13}},{"start":{},"end":{}}]},"62":{"loc":{"start":{"line":308,"column":59},"end":{"line":308,"column":88}},"type":"cond-expr","locations":[{"start":{"line":308,"column":73},"end":{"line":308,"column":75}},{"start":{"line":308,"column":59},"end":{"line":308,"column":88}}]},"63":{"loc":{"start":{"line":308,"column":59},"end":{"line":308,"column":75}},"type":"binary-expr","locations":[{"start":{"line":308,"column":59},"end":{"line":308,"column":75}},{"start":{"line":308,"column":59},"end":{"line":308,"column":75}}]},"64":{"loc":{"start":{"line":311,"column":12},"end":{"line":313,"column":13}},"type":"if","locations":[{"start":{"line":311,"column":12},"end":{"line":313,"column":13}},{"start":{},"end":{}}]},"65":{"loc":{"start":{"line":320,"column":40},"end":{"line":320,"column":69}},"type":"binary-expr","locations":[{"start":{"line":320,"column":40},"end":{"line":320,"column":64}},{"start":{"line":320,"column":68},"end":{"line":320,"column":69}}]},"66":{"loc":{"start":{"line":320,"column":40},"end":{"line":320,"column":64}},"type":"cond-expr","locations":[{"start":{"line":320,"column":56},"end":{"line":320,"column":58}},{"start":{"line":320,"column":56},"end":{"line":320,"column":64}}]},"67":{"loc":{"start":{"line":320,"column":40},"end":{"line":320,"column":58}},"type":"binary-expr","locations":[{"start":{"line":320,"column":40},"end":{"line":320,"column":58}},{"start":{"line":320,"column":56},"end":{"line":320,"column":58}}]},"68":{"loc":{"start":{"line":322,"column":20},"end":{"line":387,"column":21}},"type":"if","locations":[{"start":{"line":322,"column":20},"end":{"line":387,"column":21}},{"start":{},"end":{}}]},"69":{"loc":{"start":{"line":325,"column":28},"end":{"line":385,"column":29}},"type":"if","locations":[{"start":{"line":325,"column":28},"end":{"line":385,"column":29}},{"start":{},"end":{}}]},"70":{"loc":{"start":{"line":325,"column":32},"end":{"line":325,"column":51}},"type":"binary-expr","locations":[{"start":{"line":325,"column":32},"end":{"line":325,"column":38}},{"start":{"line":325,"column":42},"end":{"line":325,"column":51}}]},"71":{"loc":{"start":{"line":326,"column":32},"end":{"line":384,"column":33}},"type":"if","locations":[{"start":{"line":326,"column":32},"end":{"line":384,"column":33}},{"start":{"line":347,"column":39},"end":{"line":384,"column":33}}]},"72":{"loc":{"start":{"line":330,"column":45},"end":{"line":330,"column":136}},"type":"binary-expr","locations":[{"start":{"line":330,"column":45},"end":{"line":330,"column":61}},{"start":{"line":330,"column":65},"end":{"line":330,"column":84}},{"start":{"line":330,"column":88},"end":{"line":330,"column":136}}]},"73":{"loc":{"start":{"line":335,"column":54},"end":{"line":335,"column":81}},"type":"cond-expr","locations":[{"start":{"line":335,"column":63},"end":{"line":335,"column":67}},{"start":{"line":335,"column":67},"end":{"line":335,"column":81}}]},"74":{"loc":{"start":{"line":335,"column":54},"end":{"line":335,"column":67}},"type":"binary-expr","locations":[{"start":{"line":335,"column":54},"end":{"line":335,"column":67}},{"start":{"line":335,"column":63},"end":{"line":335,"column":67}}]},"75":{"loc":{"start":{"line":336,"column":54},"end":{"line":336,"column":97}},"type":"cond-expr","locations":[{"start":{"line":336,"column":67},"end":{"line":336,"column":71}},{"start":{"line":336,"column":71},"end":{"line":336,"column":97}}]},"76":{"loc":{"start":{"line":336,"column":54},"end":{"line":336,"column":71}},"type":"binary-expr","locations":[{"start":{"line":336,"column":54},"end":{"line":336,"column":71}},{"start":{"line":336,"column":67},"end":{"line":336,"column":71}}]},"77":{"loc":{"start":{"line":337,"column":54},"end":{"line":337,"column":93}},"type":"cond-expr","locations":[{"start":{"line":337,"column":66},"end":{"line":337,"column":89}},{"start":{"line":337,"column":92},"end":{"line":337,"column":93}}]},"78":{"loc":{"start":{"line":340,"column":57},"end":{"line":340,"column":79}},"type":"cond-expr","locations":[{"start":{"line":340,"column":73},"end":{"line":340,"column":77}},{"start":{"line":340,"column":77},"end":{"line":340,"column":79}}]},"79":{"loc":{"start":{"line":340,"column":57},"end":{"line":340,"column":77}},"type":"binary-expr","locations":[{"start":{"line":340,"column":57},"end":{"line":340,"column":77}},{"start":{"line":340,"column":73},"end":{"line":340,"column":77}}]},"80":{"loc":{"start":{"line":341,"column":58},"end":{"line":341,"column":81}},"type":"cond-expr","locations":[{"start":{"line":341,"column":75},"end":{"line":341,"column":79}},{"start":{"line":341,"column":79},"end":{"line":341,"column":81}}]},"81":{"loc":{"start":{"line":341,"column":58},"end":{"line":341,"column":79}},"type":"binary-expr","locations":[{"start":{"line":341,"column":58},"end":{"line":341,"column":79}},{"start":{"line":341,"column":75},"end":{"line":341,"column":79}}]},"82":{"loc":{"start":{"line":342,"column":53},"end":{"line":342,"column":71}},"type":"cond-expr","locations":[{"start":{"line":342,"column":65},"end":{"line":342,"column":69}},{"start":{"line":342,"column":69},"end":{"line":342,"column":71}}]},"83":{"loc":{"start":{"line":342,"column":53},"end":{"line":342,"column":69}},"type":"binary-expr","locations":[{"start":{"line":342,"column":53},"end":{"line":342,"column":69}},{"start":{"line":342,"column":65},"end":{"line":342,"column":69}}]},"84":{"loc":{"start":{"line":349,"column":114},"end":{"line":349,"column":157}},"type":"cond-expr","locations":[{"start":{"line":349,"column":127},"end":{"line":349,"column":131}},{"start":{"line":349,"column":131},"end":{"line":349,"column":157}}]},"85":{"loc":{"start":{"line":349,"column":114},"end":{"line":349,"column":131}},"type":"binary-expr","locations":[{"start":{"line":349,"column":114},"end":{"line":349,"column":131}},{"start":{"line":349,"column":127},"end":{"line":349,"column":131}}]},"86":{"loc":{"start":{"line":352,"column":53},"end":{"line":352,"column":70}},"type":"binary-expr","locations":[{"start":{"line":352,"column":53},"end":{"line":352,"column":64}},{"start":{"line":352,"column":68},"end":{"line":352,"column":70}}]},"87":{"loc":{"start":{"line":353,"column":49},"end":{"line":353,"column":140}},"type":"binary-expr","locations":[{"start":{"line":353,"column":49},"end":{"line":353,"column":65}},{"start":{"line":353,"column":69},"end":{"line":353,"column":88}},{"start":{"line":353,"column":92},"end":{"line":353,"column":140}}]},"88":{"loc":{"start":{"line":358,"column":58},"end":{"line":358,"column":85}},"type":"cond-expr","locations":[{"start":{"line":358,"column":67},"end":{"line":358,"column":71}},{"start":{"line":358,"column":71},"end":{"line":358,"column":85}}]},"89":{"loc":{"start":{"line":358,"column":58},"end":{"line":358,"column":71}},"type":"binary-expr","locations":[{"start":{"line":358,"column":58},"end":{"line":358,"column":71}},{"start":{"line":358,"column":67},"end":{"line":358,"column":71}}]},"90":{"loc":{"start":{"line":359,"column":58},"end":{"line":359,"column":101}},"type":"cond-expr","locations":[{"start":{"line":359,"column":71},"end":{"line":359,"column":75}},{"start":{"line":359,"column":75},"end":{"line":359,"column":101}}]},"91":{"loc":{"start":{"line":359,"column":58},"end":{"line":359,"column":75}},"type":"binary-expr","locations":[{"start":{"line":359,"column":58},"end":{"line":359,"column":75}},{"start":{"line":359,"column":71},"end":{"line":359,"column":75}}]},"92":{"loc":{"start":{"line":360,"column":58},"end":{"line":360,"column":97}},"type":"cond-expr","locations":[{"start":{"line":360,"column":70},"end":{"line":360,"column":93}},{"start":{"line":360,"column":96},"end":{"line":360,"column":97}}]},"93":{"loc":{"start":{"line":361,"column":61},"end":{"line":361,"column":83}},"type":"cond-expr","locations":[{"start":{"line":361,"column":77},"end":{"line":361,"column":81}},{"start":{"line":361,"column":81},"end":{"line":361,"column":83}}]},"94":{"loc":{"start":{"line":361,"column":61},"end":{"line":361,"column":81}},"type":"binary-expr","locations":[{"start":{"line":361,"column":61},"end":{"line":361,"column":81}},{"start":{"line":361,"column":77},"end":{"line":361,"column":81}}]},"95":{"loc":{"start":{"line":362,"column":62},"end":{"line":362,"column":85}},"type":"cond-expr","locations":[{"start":{"line":362,"column":79},"end":{"line":362,"column":83}},{"start":{"line":362,"column":83},"end":{"line":362,"column":85}}]},"96":{"loc":{"start":{"line":362,"column":62},"end":{"line":362,"column":83}},"type":"binary-expr","locations":[{"start":{"line":362,"column":62},"end":{"line":362,"column":83}},{"start":{"line":362,"column":79},"end":{"line":362,"column":83}}]},"97":{"loc":{"start":{"line":363,"column":57},"end":{"line":363,"column":75}},"type":"cond-expr","locations":[{"start":{"line":363,"column":69},"end":{"line":363,"column":73}},{"start":{"line":363,"column":73},"end":{"line":363,"column":75}}]},"98":{"loc":{"start":{"line":363,"column":57},"end":{"line":363,"column":73}},"type":"binary-expr","locations":[{"start":{"line":363,"column":57},"end":{"line":363,"column":73}},{"start":{"line":363,"column":69},"end":{"line":363,"column":73}}]},"99":{"loc":{"start":{"line":372,"column":49},"end":{"line":372,"column":140}},"type":"binary-expr","locations":[{"start":{"line":372,"column":49},"end":{"line":372,"column":65}},{"start":{"line":372,"column":69},"end":{"line":372,"column":88}},{"start":{"line":372,"column":92},"end":{"line":372,"column":140}}]},"100":{"loc":{"start":{"line":377,"column":58},"end":{"line":377,"column":85}},"type":"cond-expr","locations":[{"start":{"line":377,"column":67},"end":{"line":377,"column":71}},{"start":{"line":377,"column":71},"end":{"line":377,"column":85}}]},"101":{"loc":{"start":{"line":377,"column":58},"end":{"line":377,"column":71}},"type":"binary-expr","locations":[{"start":{"line":377,"column":58},"end":{"line":377,"column":71}},{"start":{"line":377,"column":67},"end":{"line":377,"column":71}}]},"102":{"loc":{"start":{"line":378,"column":58},"end":{"line":378,"column":101}},"type":"cond-expr","locations":[{"start":{"line":378,"column":71},"end":{"line":378,"column":75}},{"start":{"line":378,"column":75},"end":{"line":378,"column":101}}]},"103":{"loc":{"start":{"line":378,"column":58},"end":{"line":378,"column":75}},"type":"binary-expr","locations":[{"start":{"line":378,"column":58},"end":{"line":378,"column":75}},{"start":{"line":378,"column":71},"end":{"line":378,"column":75}}]},"104":{"loc":{"start":{"line":390,"column":43},"end":{"line":390,"column":69}},"type":"binary-expr","locations":[{"start":{"line":390,"column":43},"end":{"line":390,"column":56}},{"start":{"line":390,"column":60},"end":{"line":390,"column":69}}]},"105":{"loc":{"start":{"line":433,"column":8},"end":{"line":442,"column":9}},"type":"if","locations":[{"start":{"line":433,"column":8},"end":{"line":442,"column":9}},{"start":{"line":436,"column":15},"end":{"line":442,"column":9}}]},"106":{"loc":{"start":{"line":436,"column":15},"end":{"line":442,"column":9}},"type":"if","locations":[{"start":{"line":436,"column":15},"end":{"line":442,"column":9}},{"start":{"line":439,"column":15},"end":{"line":442,"column":9}}]},"107":{"loc":{"start":{"line":439,"column":15},"end":{"line":442,"column":9}},"type":"if","locations":[{"start":{"line":439,"column":15},"end":{"line":442,"column":9}},{"start":{},"end":{}}]},"108":{"loc":{"start":{"line":448,"column":12},"end":{"line":458,"column":13}},"type":"if","locations":[{"start":{"line":448,"column":12},"end":{"line":458,"column":13}},{"start":{"line":453,"column":19},"end":{"line":458,"column":13}}]},"109":{"loc":{"start":{"line":469,"column":20},"end":{"line":473,"column":21}},"type":"if","locations":[{"start":{"line":469,"column":20},"end":{"line":473,"column":21}},{"start":{"line":471,"column":27},"end":{"line":473,"column":21}}]},"110":{"loc":{"start":{"line":469,"column":24},"end":{"line":469,"column":124}},"type":"binary-expr","locations":[{"start":{"line":469,"column":24},"end":{"line":469,"column":35}},{"start":{"line":469,"column":39},"end":{"line":469,"column":67}},{"start":{"line":469,"column":71},"end":{"line":469,"column":96}},{"start":{"line":469,"column":100},"end":{"line":469,"column":124}}]}},"s":{"0":1,"1":1,"2":1,"3":25,"4":25,"5":25,"6":25,"7":21,"8":1,"9":20,"10":2,"11":2,"12":18,"13":18,"14":18,"15":16,"16":15,"17":2,"18":1,"19":1,"20":1,"21":1,"22":1,"23":1,"24":1,"25":16,"26":1,"27":1,"28":15,"29":15,"30":15,"31":14,"32":14,"33":14,"34":14,"35":1,"36":1,"37":13,"38":13,"39":13,"40":1,"41":1,"42":12,"43":12,"44":12,"45":12,"46":12,"47":4,"48":2,"49":2,"50":2,"51":1,"52":1,"53":1,"54":1,"55":1,"56":1,"57":1,"58":1,"59":0,"60":0,"61":3,"62":3,"63":3,"64":3,"65":3,"66":3,"67":3,"68":3,"69":3,"70":5,"71":5,"72":5,"73":0,"74":5,"75":1,"76":1,"77":4,"78":4,"79":4,"80":1,"81":1,"82":3,"83":1,"84":2,"85":2,"86":1,"87":1,"88":1,"89":1,"90":3,"91":3,"92":3,"93":0,"94":0,"95":3,"96":8,"97":0,"98":0,"99":8,"100":8,"101":8,"102":8,"103":0,"104":8,"105":8,"106":9,"107":8,"108":8,"109":8,"110":8,"111":9,"112":9,"113":8,"114":2,"115":2,"116":6,"117":6,"118":5,"119":1,"120":1,"121":8,"122":7,"123":7,"124":1,"125":1,"126":9,"127":9,"128":9,"129":8,"130":12,"131":12,"132":1,"133":1,"134":11,"135":0,"136":0,"137":11,"138":1,"139":1,"140":12,"141":12,"142":2,"143":10,"144":10,"145":10,"146":10,"147":10,"148":9,"149":10,"150":10,"151":10,"152":10,"153":2,"154":8,"155":2,"156":2,"157":1,"158":1,"159":1,"160":1,"161":1,"162":1,"163":1,"164":1,"165":1,"166":1},"f":{"0":25,"1":21,"2":13,"3":9,"4":12,"5":10,"6":9,"7":10},"b":{"0":[1,24],"1":[25,2],"2":[1,20],"3":[2,18],"4":[20,18],"5":[16,2],"6":[1,1],"7":[1,15],"8":[16,16],"9":[1,12],"10":[0,12],"11":[12,12],"12":[4,8],"13":[4,8],"14":[2,2],"15":[0,4],"16":[4,4],"17":[1,1],"18":[0,2],"19":[2,2],"20":[3,3],"21":[3,0],"22":[0,5],"23":[1,4],"24":[4,0],"25":[3,1],"26":[4,4],"27":[1,3],"28":[1,1,1],"29":[0,1],"30":[1,1],"31":[0,1],"32":[1,1],"33":[0,1],"34":[0,1],"35":[1,1],"36":[0,1],"37":[1,1],"38":[1,2],"39":[3,3],"40":[0,2],"41":[2,2],"42":[1,0],"43":[1,1,1],"44":[1,0],"45":[1,1],"46":[0,1],"47":[1,1],"48":[0,1],"49":[0,1],"50":[1,1],"51":[0,1],"52":[1,1],"53":[1,1,1],"54":[1,0],"55":[1,1],"56":[0,1],"57":[1,1],"58":[0,3],"59":[3,3],"60":[3,0],"61":[0,8],"62":[0,8],"63":[8,8],"64":[0,8],"65":[8,0],"66":[0,8],"67":[8,8],"68":[8,0],"69":[8,1],"70":[9,9],"71":[2,6],"72":[2,1,1],"73":[2,0],"74":[2,2],"75":[0,2],"76":[2,2],"77":[1,1],"78":[1,1],"79":[2,1],"80":[1,1],"81":[2,1],"82":[1,1],"83":[2,2],"84":[0,6],"85":[6,6],"86":[5,0],"87":[5,5,4],"88":[5,0],"89":[5,5],"90":[0,5],"91":[5,5],"92":[0,5],"93":[0,5],"94":[5,5],"95":[0,5],"96":[5,5],"97":[0,5],"98":[5,5],"99":[1,1,1],"100":[1,0],"101":[1,1],"102":[0,1],"103":[1,1],"104":[8,7],"105":[1,11],"106":[0,11],"107":[1,10],"108":[2,10],"109":[2,8],"110":[10,8,8,8]}}
,"C:\\Users\\SOHAM\\Desktop\\Crawler-sdk\\crawler\\src\\datasources\\types\\http-crawler.ts": {"path":"C:\\Users\\SOHAM\\Desktop\\Crawler-sdk\\crawler\\src\\datasources\\types\\http-crawler.ts","statementMap":{"0":{"start":{"line":1,"column":0},"end":{"line":1,"column":95}},"1":{"start":{"line":2,"column":0},"end":{"line":2,"column":35}},"2":{"start":{"line":3,"column":0},"end":{"line":3,"column":26}},"3":{"start":{"line":5,"column":0},"end":{"line":5,"column":60}},"4":{"start":{"line":34,"column":8},"end":{"line":34,"column":29}},"5":{"start":{"line":36,"column":30},"end":{"line":36,"column":154}},"6":{"start":{"line":38,"column":8},"end":{"line":45,"column":31}},"7":{"start":{"line":48,"column":8},"end":{"line":50,"column":9}},"8":{"start":{"line":49,"column":12},"end":{"line":49,"column":89}},"9":{"start":{"line":52,"column":8},"end":{"line":58,"column":11}},"10":{"start":{"line":59,"column":8},"end":{"line":59,"column":41}},"11":{"start":{"line":60,"column":8},"end":{"line":60,"column":81}},"12":{"start":{"line":64,"column":8},"end":{"line":64,"column":70}},"13":{"start":{"line":65,"column":8},"end":{"line":65,"column":35}},"14":{"start":{"line":72,"column":31},"end":{"line":72,"column":57}},"15":{"start":{"line":73,"column":47},"end":{"line":73,"column":49}},"16":{"start":{"line":74,"column":8},"end":{"line":74,"column":29}},"17":{"start":{"line":76,"column":23},"end":{"line":76,"column":87}},"18":{"start":{"line":78,"column":8},"end":{"line":81,"column":9}},"19":{"start":{"line":79,"column":12},"end":{"line":79,"column":86}},"20":{"start":{"line":80,"column":12},"end":{"line":80,"column":100}},"21":{"start":{"line":83,"column":8},"end":{"line":95,"column":9}},"22":{"start":{"line":84,"column":12},"end":{"line":84,"column":106}},"23":{"start":{"line":85,"column":31},"end":{"line":85,"column":77}},"24":{"start":{"line":86,"column":12},"end":{"line":91,"column":13}},"25":{"start":{"line":87,"column":16},"end":{"line":87,"column":75}},"26":{"start":{"line":89,"column":16},"end":{"line":89,"column":106}},"27":{"start":{"line":90,"column":16},"end":{"line":90,"column":79}},"28":{"start":{"line":93,"column":12},"end":{"line":93,"column":96}},"29":{"start":{"line":94,"column":12},"end":{"line":94,"column":75}},"30":{"start":{"line":97,"column":8},"end":{"line":97,"column":92}},"31":{"start":{"line":98,"column":8},"end":{"line":101,"column":11}},"32":{"start":{"line":108,"column":21},"end":{"line":108,"column":37}},"33":{"start":{"line":109,"column":26},"end":{"line":109,"column":73}},"34":{"start":{"line":111,"column":8},"end":{"line":123,"column":9}},"35":{"start":{"line":112,"column":29},"end":{"line":112,"column":66}},"36":{"start":{"line":113,"column":26},"end":{"line":113,"column":51}},"37":{"start":{"line":114,"column":12},"end":{"line":120,"column":13}},"38":{"start":{"line":115,"column":16},"end":{"line":119,"column":17}},"39":{"start":{"line":116,"column":39},"end":{"line":116,"column":83}},"40":{"start":{"line":117,"column":20},"end":{"line":117,"column":96}},"41":{"start":{"line":118,"column":20},"end":{"line":118,"column":38}},"42":{"start":{"line":122,"column":12},"end":{"line":122,"column":93}},"43":{"start":{"line":126,"column":35},"end":{"line":126,"column":83}},"44":{"start":{"line":127,"column":8},"end":{"line":134,"column":9}},"45":{"start":{"line":128,"column":12},"end":{"line":128,"column":60}},"46":{"start":{"line":129,"column":12},"end":{"line":129,"column":98}},"47":{"start":{"line":130,"column":12},"end":{"line":130,"column":38}},"48":{"start":{"line":132,"column":12},"end":{"line":132,"column":101}},"49":{"start":{"line":133,"column":12},"end":{"line":133,"column":24}},"50":{"start":{"line":141,"column":8},"end":{"line":167,"column":9}},"51":{"start":{"line":142,"column":29},"end":{"line":142,"column":67}},"52":{"start":{"line":143,"column":22},"end":{"line":143,"column":68}},"53":{"start":{"line":146,"column":12},"end":{"line":153,"column":13}},"54":{"start":{"line":147,"column":16},"end":{"line":147,"column":90}},"55":{"start":{"line":148,"column":36},"end":{"line":148,"column":89}},"56":{"start":{"line":148,"column":70},"end":{"line":148,"column":82}},"57":{"start":{"line":149,"column":16},"end":{"line":151,"column":17}},"58":{"start":{"line":150,"column":20},"end":{"line":150,"column":72}},"59":{"start":{"line":152,"column":16},"end":{"line":152,"column":23}},"60":{"start":{"line":156,"column":25},"end":{"line":156,"column":83}},"61":{"start":{"line":156,"column":64},"end":{"line":156,"column":76}},"62":{"start":{"line":157,"column":12},"end":{"line":157,"column":92}},"63":{"start":{"line":159,"column":12},"end":{"line":164,"column":13}},"64":{"start":{"line":160,"column":16},"end":{"line":163,"column":17}},"65":{"start":{"line":162,"column":20},"end":{"line":162,"column":71}},"66":{"start":{"line":166,"column":12},"end":{"line":166,"column":109}},"67":{"start":{"line":175,"column":8},"end":{"line":177,"column":9}},"68":{"start":{"line":176,"column":12},"end":{"line":176,"column":19}},"69":{"start":{"line":179,"column":8},"end":{"line":179,"column":30}},"70":{"start":{"line":180,"column":8},"end":{"line":180,"column":75}},"71":{"start":{"line":182,"column":8},"end":{"line":225,"column":9}},"72":{"start":{"line":183,"column":44},"end":{"line":183,"column":75}},"73":{"start":{"line":184,"column":30},"end":{"line":184,"column":40}},"74":{"start":{"line":186,"column":40},"end":{"line":196,"column":14}},"75":{"start":{"line":197,"column":12},"end":{"line":197,"column":37}},"76":{"start":{"line":200,"column":12},"end":{"line":211,"column":13}},"77":{"start":{"line":201,"column":26},"end":{"line":201,"column":53}},"78":{"start":{"line":202,"column":30},"end":{"line":206,"column":58}},"79":{"start":{"line":203,"column":61},"end":{"line":203,"column":79}},"80":{"start":{"line":205,"column":36},"end":{"line":205,"column":78}},"81":{"start":{"line":206,"column":33},"end":{"line":206,"column":57}},"82":{"start":{"line":208,"column":16},"end":{"line":210,"column":17}},"83":{"start":{"line":209,"column":20},"end":{"line":209,"column":80}},"84":{"start":{"line":213,"column":12},"end":{"line":213,"column":97}},"85":{"start":{"line":214,"column":12},"end":{"line":224,"column":15}},"86":{"start":{"line":232,"column":8},"end":{"line":242,"column":9}},"87":{"start":{"line":233,"column":30},"end":{"line":233,"column":52}},"88":{"start":{"line":235,"column":28},"end":{"line":235,"column":132}},"89":{"start":{"line":235,"column":89},"end":{"line":235,"column":124}},"90":{"start":{"line":236,"column":29},"end":{"line":236,"column":128}},"91":{"start":{"line":236,"column":84},"end":{"line":236,"column":119}},"92":{"start":{"line":237,"column":29},"end":{"line":237,"column":127}},"93":{"start":{"line":237,"column":84},"end":{"line":237,"column":119}},"94":{"start":{"line":239,"column":12},"end":{"line":239,"column":93}},"95":{"start":{"line":241,"column":12},"end":{"line":241,"column":25}},"96":{"start":{"line":25,"column":0},"end":{"line":25,"column":21}},"97":{"start":{"line":258,"column":4},"end":{"line":258,"column":14}},"98":{"start":{"line":246,"column":19},"end":{"line":246,"column":23}},"99":{"start":{"line":259,"column":4},"end":{"line":259,"column":14}},"100":{"start":{"line":247,"column":13},"end":{"line":247,"column":27}},"101":{"start":{"line":260,"column":4},"end":{"line":260,"column":8}},"102":{"start":{"line":248,"column":25},"end":{"line":248,"column":39}},"103":{"start":{"line":261,"column":4},"end":{"line":261,"column":20}},"104":{"start":{"line":249,"column":23},"end":{"line":255,"column":2}},"105":{"start":{"line":262,"column":4},"end":{"line":262,"column":18}}},"fnMap":{"0":{"name":"(anonymous_17)","decl":{"start":{"line":33,"column":4},"end":{"line":33,"column":16}},"loc":{"start":{"line":33,"column":80},"end":{"line":61,"column":5}}},"1":{"name":"(anonymous_18)","decl":{"start":{"line":63,"column":17},"end":{"line":63,"column":27}},"loc":{"start":{"line":63,"column":27},"end":{"line":66,"column":null}}},"2":{"name":"(anonymous_20)","decl":{"start":{"line":71,"column":10},"end":{"line":71,"column":17}},"loc":{"start":{"line":71,"column":51},"end":{"line":102,"column":null}}},"3":{"name":"(anonymous_22)","decl":{"start":{"line":107,"column":18},"end":{"line":107,"column":36}},"loc":{"start":{"line":107,"column":52},"end":{"line":135,"column":null}}},"4":{"name":"(anonymous_24)","decl":{"start":{"line":140,"column":18},"end":{"line":140,"column":30}},"loc":{"start":{"line":140,"column":108},"end":{"line":168,"column":null}}},"5":{"name":"(anonymous_26)","decl":{"start":{"line":148,"column":59},"end":{"line":148,"column":60}},"loc":{"start":{"line":148,"column":70},"end":{"line":148,"column":82}}},"6":{"name":"(anonymous_27)","decl":{"start":{"line":156,"column":53},"end":{"line":156,"column":54}},"loc":{"start":{"line":156,"column":64},"end":{"line":156,"column":76}}},"7":{"name":"(anonymous_28)","decl":{"start":{"line":173,"column":18},"end":{"line":173,"column":26}},"loc":{"start":{"line":173,"column":112},"end":{"line":226,"column":null}}},"8":{"name":"(anonymous_30)","decl":{"start":{"line":203,"column":25},"end":{"line":203,"column":26}},"loc":{"start":{"line":203,"column":61},"end":{"line":203,"column":79}}},"9":{"name":"(anonymous_31)","decl":{"start":{"line":205,"column":28},"end":{"line":205,"column":32}},"loc":{"start":{"line":205,"column":36},"end":{"line":205,"column":78}}},"10":{"name":"(anonymous_32)","decl":{"start":{"line":206,"column":25},"end":{"line":206,"column":29}},"loc":{"start":{"line":206,"column":33},"end":{"line":206,"column":57}}},"11":{"name":"(anonymous_33)","decl":{"start":{"line":231,"column":12},"end":{"line":231,"column":22}},"loc":{"start":{"line":231,"column":79},"end":{"line":243,"column":5}}},"12":{"name":"(anonymous_34)","decl":{"start":{"line":235,"column":79},"end":{"line":235,"column":85}},"loc":{"start":{"line":235,"column":89},"end":{"line":235,"column":124}}},"13":{"name":"(anonymous_35)","decl":{"start":{"line":236,"column":76},"end":{"line":236,"column":80}},"loc":{"start":{"line":236,"column":84},"end":{"line":236,"column":119}}},"14":{"name":"(anonymous_36)","decl":{"start":{"line":237,"column":76},"end":{"line":237,"column":80}},"loc":{"start":{"line":237,"column":84},"end":{"line":237,"column":119}}}},"branchMap":{"0":{"loc":{"start":{"line":36,"column":30},"end":{"line":36,"column":154}},"type":"cond-expr","locations":[{"start":{"line":36,"column":61},"end":{"line":36,"column":115}},{"start":{"line":36,"column":119},"end":{"line":36,"column":154}}]},"1":{"loc":{"start":{"line":48,"column":8},"end":{"line":50,"column":9}},"type":"if","locations":[{"start":{"line":48,"column":8},"end":{"line":50,"column":9}},{"start":{},"end":{}}]},"2":{"loc":{"start":{"line":78,"column":8},"end":{"line":81,"column":9}},"type":"if","locations":[{"start":{"line":78,"column":8},"end":{"line":81,"column":9}},{"start":{},"end":{}}]},"3":{"loc":{"start":{"line":83,"column":8},"end":{"line":95,"column":9}},"type":"if","locations":[{"start":{"line":83,"column":8},"end":{"line":95,"column":9}},{"start":{"line":92,"column":15},"end":{"line":95,"column":9}}]},"4":{"loc":{"start":{"line":86,"column":12},"end":{"line":91,"column":13}},"type":"if","locations":[{"start":{"line":86,"column":12},"end":{"line":91,"column":13}},{"start":{"line":88,"column":19},"end":{"line":91,"column":13}}]},"5":{"loc":{"start":{"line":115,"column":16},"end":{"line":119,"column":17}},"type":"if","locations":[{"start":{"line":115,"column":16},"end":{"line":119,"column":17}},{"start":{},"end":{}}]},"6":{"loc":{"start":{"line":146,"column":12},"end":{"line":153,"column":13}},"type":"if","locations":[{"start":{"line":146,"column":12},"end":{"line":153,"column":13}},{"start":{},"end":{}}]},"7":{"loc":{"start":{"line":160,"column":16},"end":{"line":163,"column":17}},"type":"if","locations":[{"start":{"line":160,"column":16},"end":{"line":163,"column":17}},{"start":{},"end":{}}]},"8":{"loc":{"start":{"line":175,"column":8},"end":{"line":177,"column":9}},"type":"if","locations":[{"start":{"line":175,"column":8},"end":{"line":177,"column":9}},{"start":{},"end":{}}]},"9":{"loc":{"start":{"line":175,"column":12},"end":{"line":175,"column":67}},"type":"binary-expr","locations":[{"start":{"line":175,"column":12},"end":{"line":175,"column":42}},{"start":{"line":175,"column":46},"end":{"line":175,"column":67}}]},"10":{"loc":{"start":{"line":175,"column":21},"end":{"line":175,"column":41}},"type":"binary-expr","locations":[{"start":{"line":175,"column":21},"end":{"line":175,"column":36}},{"start":{"line":175,"column":40},"end":{"line":175,"column":41}}]},"11":{"loc":{"start":{"line":200,"column":12},"end":{"line":211,"column":13}},"type":"if","locations":[{"start":{"line":200,"column":12},"end":{"line":211,"column":13}},{"start":{},"end":{}}]},"12":{"loc":{"start":{"line":200,"column":16},"end":{"line":200,"column":101}},"type":"binary-expr","locations":[{"start":{"line":200,"column":16},"end":{"line":200,"column":40}},{"start":{"line":200,"column":44},"end":{"line":200,"column":99}}]},"13":{"loc":{"start":{"line":200,"column":44},"end":{"line":200,"column":99}},"type":"cond-expr","locations":[{"start":{"line":200,"column":76},"end":{"line":200,"column":78}},{"start":{"line":200,"column":76},"end":{"line":200,"column":99}}]},"14":{"loc":{"start":{"line":200,"column":44},"end":{"line":200,"column":78}},"type":"binary-expr","locations":[{"start":{"line":200,"column":44},"end":{"line":200,"column":78}},{"start":{"line":200,"column":76},"end":{"line":200,"column":78}}]},"15":{"loc":{"start":{"line":205,"column":36},"end":{"line":205,"column":78}},"type":"binary-expr","locations":[{"start":{"line":205,"column":36},"end":{"line":205,"column":40}},{"start":{"line":205,"column":44},"end":{"line":205,"column":78}}]},"16":{"loc":{"start":{"line":218,"column":28},"end":{"line":218,"column":57}},"type":"binary-expr","locations":[{"start":{"line":218,"column":28},"end":{"line":218,"column":50}},{"start":{"line":218,"column":54},"end":{"line":218,"column":57}}]},"17":{"loc":{"start":{"line":218,"column":28},"end":{"line":218,"column":50}},"type":"cond-expr","locations":[{"start":{"line":218,"column":42},"end":{"line":218,"column":44}},{"start":{"line":218,"column":42},"end":{"line":218,"column":50}}]},"18":{"loc":{"start":{"line":218,"column":28},"end":{"line":218,"column":44}},"type":"binary-expr","locations":[{"start":{"line":218,"column":28},"end":{"line":218,"column":44}},{"start":{"line":218,"column":42},"end":{"line":218,"column":44}}]},"19":{"loc":{"start":{"line":235,"column":28},"end":{"line":235,"column":132}},"type":"cond-expr","locations":[{"start":{"line":235,"column":52},"end":{"line":235,"column":125}},{"start":{"line":235,"column":128},"end":{"line":235,"column":132}}]},"20":{"loc":{"start":{"line":236,"column":29},"end":{"line":236,"column":128}},"type":"cond-expr","locations":[{"start":{"line":236,"column":51},"end":{"line":236,"column":120}},{"start":{"line":236,"column":123},"end":{"line":236,"column":128}}]},"21":{"loc":{"start":{"line":237,"column":29},"end":{"line":237,"column":127}},"type":"cond-expr","locations":[{"start":{"line":237,"column":51},"end":{"line":237,"column":120}},{"start":{"line":237,"column":123},"end":{"line":237,"column":127}}]},"22":{"loc":{"start":{"line":239,"column":19},"end":{"line":239,"column":92}},"type":"binary-expr","locations":[{"start":{"line":239,"column":19},"end":{"line":239,"column":56}},{"start":{"line":239,"column":60},"end":{"line":239,"column":67}},{"start":{"line":239,"column":71},"end":{"line":239,"column":80}},{"start":{"line":239,"column":84},"end":{"line":239,"column":92}}]}},"s":{"0":1,"1":1,"2":1,"3":1,"4":8,"5":8,"6":8,"7":8,"8":0,"9":8,"10":8,"11":8,"12":0,"13":0,"14":8,"15":8,"16":8,"17":8,"18":8,"19":0,"20":0,"21":8,"22":0,"23":0,"24":0,"25":0,"26":0,"27":0,"28":8,"29":8,"30":8,"31":8,"32":0,"33":0,"34":0,"35":0,"36":0,"37":0,"38":0,"39":0,"40":0,"41":0,"42":0,"43":0,"44":0,"45":0,"46":0,"47":0,"48":0,"49":0,"50":0,
[...]
,"C:\\Users\\SOHAM\\Desktop\\Crawler-sdk\\crawler\\src\\functions\\webhooks\\git-webhook-handler.ts": {"path":"C:\\Users\\SOHAM\\Desktop\\Crawler-sdk\\crawler\\src\\functions\\webhooks\\git-webhook-handler.ts","statementMap":{"0":{"start":{"line":3,"column":0},"end":{"line":3,"column":33}},"1":{"start":{"line":25,"column":33},"end":{"line":95,"column":1}},"2":{"start":{"line":30,"column":4},"end":{"line":94,"column":5}},"3":{"start":{"line":32,"column":26},"end":{"line":32,"column":86}},"4":{"start":{"line":33,"column":8},"end":{"line":35,"column":9}},"5":{"start":{"line":34,"column":12},"end":{"line":34,"column":80}},"6":{"start":{"line":38,"column":34},"end":{"line":38,"column":54}},"7":{"start":{"line":39,"column":8},"end":{"line":41,"column":9}},"8":{"start":{"line":40,"column":13},"end":{"line":40,"column":82}},"9":{"start":{"line":44,"column":21},"end":{"line":44,"column":57}},"10":{"start":{"line":45,"column":8},"end":{"line":45,"column":26}},"11":{"start":{"line":46,"column":31},"end":{"line":46,"column":49}},"12":{"start":{"line":49,"column":8},"end":{"line":51,"column":9}},"13":{"start":{"line":50,"column":12},"end":{"line":50,"column":75}},"14":{"start":{"line":55,"column":8},"end":{"line":59,"column":9}},"15":{"start":{"line":56,"column":12},"end":{"line":56,"column":39}},"16":{"start":{"line":58,"column":12},"end":{"line":58,"column":70}},"17":{"start":{"line":62,"column":26},"end":{"line":62,"column":51}},"18":{"start":{"line":63,"column":58},"end":{"line":63,"column":67}},"19":{"start":{"line":65,"column":8},"end":{"line":75,"column":9}},"20":{"start":{"line":66,"column":12},"end":{"line":66,"column":34}},"21":{"start":{"line":68,"column":12},"end":{"line":70,"column":13}},"22":{"start":{"line":69,"column":16},"end":{"line":69,"column":38}},"23":{"start":{"line":71,"column":15},"end":{"line":75,"column":9}},"24":{"start":{"line":74,"column":13},"end":{"line":74,"column":35}},"25":{"start":{"line":78,"column":35},"end":{"line":78,"column":63}},"26":{"start":{"line":79,"column":8},"end":{"line":81,"column":9}},"27":{"start":{"line":80,"column":12},"end":{"line":80,"column":99}},"28":{"start":{"line":84,"column":8},"end":{"line":89,"column":10}},"29":{"start":{"line":92,"column":8},"end":{"line":92,"column":58}},"30":{"start":{"line":93,"column":8},"end":{"line":93,"column":72}},"31":{"start":{"line":25,"column":13},"end":{"line":25,"column":33}}},"fnMap":{"0":{"name":"(anonymous_9)","decl":{"start":{"line":25,"column":33},"end":{"line":25,"column":null}},"loc":{"start":{"line":29,"column":19},"end":{"line":95,"column":1}}}},"branchMap":{"0":{"loc":{"start":{"line":32,"column":26},"end":{"line":32,"column":86}},"type":"binary-expr","locations":[{"start":{"line":32,"column":26},"end":{"line":32,"column":56}},{"start":{"line":32,"column":60},"end":{"line":32,"column":86}}]},"1":{"loc":{"start":{"line":33,"column":8},"end":{"line":35,"column":9}},"type":"if","locations":[{"start":{"line":33,"column":8},"end":{"line":35,"column":9}},{"start":{},"end":{}}]},"2":{"loc":{"start":{"line":39,"column":8},"end":{"line":41,"column":9}},"type":"if","locations":[{"start":{"line":39,"column":8},"end":{"line":41,"column":9}},{"start":{},"end":{}}]},"3":{"loc":{"start":{"line":49,"column":8},"end":{"line":51,"column":9}},"type":"if","locations":[{"start":{"line":49,"column":8},"end":{"line":51,"column":9}},{"start":{},"end":{}}]},"4":{"loc":{"start":{"line":65,"column":8},"end":{"line":75,"column":9}},"type":"if","locations":[{"start":{"line":65,"column":8},"end":{"line":75,"column":9}},{"start":{"line":71,"column":15},"end":{"line":75,"column":9}}]},"5":{"loc":{"start":{"line":68,"column":12},"end":{"line":70,"column":13}},"type":"if","locations":[{"start":{"line":68,"column":12},"end":{"line":70,"column":13}},{"start":{},"end":{}}]},"6":{"loc":{"start":{"line":71,"column":15},"end":{"line":75,"column":9}},"type":"if","locations":[{"start":{"line":71,"column":15},"end":{"line":75,"column":9}},{"start":{},"end":{}}]},"7":{"loc":{"start":{"line":78,"column":35},"end":{"line":78,"column":63}},"type":"cond-expr","locations":[{"start":{"line":78,"column":53},"end":{"line":78,"column":55}},{"start":{"line":78,"column":53},"end":{"line":78,"column":63}}]},"8":{"loc":{"start":{"line":78,"column":35},"end":{"line":78,"column":55}},"type":"binary-expr","locations":[{"start":{"line":78,"column":35},"end":{"line":78,"column":55}},{"start":{"line":78,"column":53},"end":{"line":78,"column":55}}]},"9":{"loc":{"start":{"line":79,"column":8},"end":{"line":81,"column":9}},"type":"if","locations":[{"start":{"line":79,"column":8},"end":{"line":81,"column":9}},{"start":{},"end":{}}]}},"s":{"0":0,"1":0,"2":0,"3":0,"4":0,"5":0,"6":0,"7":0,"8":0,"9":0,"10":0,"11":0,"12":0,"13":0,"14":0,"15":0,"16":0,"17":0,"18":0,"19":0,"20":0,"21":0,"22":0,"23":0,"24":0,"25":0,"26":0,"27":0,"28":0,"29":0,"30":0,"31":0},"f":{"0":0},"b":{"0":[0,0],"1":[0,0],"2":[0,0],"3":[0,0],"4":[0,0],"5":[0,0],"6":[0,0],"7":[0,0],"8":[0,0],"9":[0,0]}}
,"C:\\Users\\SOHAM\\Desktop\\Crawler-sdk\\crawler\\src\\functions\\webhooks\\processWebhookRequest.ts": {"path":"C:\\Users\\SOHAM\\Desktop\\Crawler-sdk\\crawler\\src\\functions\\webhooks\\processWebhookRequest.ts","statementMap":{"0":{"start":{"line":1,"column":0},"end":{"line":1,"column":33}},"1":{"start":{"line":2,"column":0},"end":{"line":2,"column":47}},"2":{"start":{"line":21,"column":25},"end":{"line":81,"column":1}},"3":{"start":{"line":27,"column":4},"end":{"line":31,"column":5}},"4":{"start":{"line":28,"column":8},"end":{"line":28,"column":35}},"5":{"start":{"line":30,"column":8},"end":{"line":30,"column":93}},"6":{"start":{"line":33,"column":29},"end":{"line":33,"column":34}},"7":{"start":{"line":35,"column":4},"end":{"line":58,"column":5}},"8":{"start":{"line":36,"column":8},"end":{"line":57,"column":9}},"9":{"start":{"line":37,"column":30},"end":{"line":37,"column":90}},"10":{"start":{"line":38,"column":12},"end":{"line":53,"column":13}},"11":{"start":{"line":39,"column":16},"end":{"line":39,"column":91}},"12":{"start":{"line":41,"column":42},"end":{"line":41,"column":62}},"13":{"start":{"line":42,"column":16},"end":{"line":44,"column":17}},"14":{"start":{"line":43,"column":20},"end":{"line":43,"column":116}},"15":{"start":{"line":46,"column":29},"end":{"line":46,"column":65}},"16":{"start":{"line":47,"column":16},"end":{"line":47,"column":34}},"17":{"start":{"line":48,"column":39},"end":{"line":48,"column":57}},"18":{"start":{"line":49,"column":16},"end":{"line":51,"column":17}},"19":{"start":{"line":50,"column":20},"end":{"line":50,"column":110}},"20":{"start":{"line":52,"column":16},"end":{"line":52,"column":42}},"21":{"start":{"line":55,"column":12},"end":{"line":55,"column":78}},"22":{"start":{"line":56,"column":12},"end":{"line":56,"column":115}},"23":{"start":{"line":60,"column":22},"end":{"line":60,"column":47}},"24":{"start":{"line":61,"column":54},"end":{"line":61,"column":63}},"25":{"start":{"line":62,"column":4},"end":{"line":66,"column":5}},"26":{"start":{"line":63,"column":8},"end":{"line":63,"column":59}},"27":{"start":{"line":64,"column":11},"end":{"line":66,"column":5}},"28":{"start":{"line":65,"column":9},"end":{"line":65,"column":31}},"29":{"start":{"line":68,"column":31},"end":{"line":68,"column":60}},"30":{"start":{"line":69,"column":4},"end":{"line":71,"column":5}},"31":{"start":{"line":70,"column":8},"end":{"line":70,"column":145}},"32":{"start":{"line":73,"column":4},"end":{"line":80,"column":6}},"33":{"start":{"line":87,"column":28},"end":{"line":151,"column":1}},"34":{"start":{"line":92,"column":29},"end":{"line":92,"column":34}},"35":{"start":{"line":94,"column":4},"end":{"line":102,"column":5}},"36":{"start":{"line":95,"column":29},"end":{"line":95,"column":57}},"37":{"start":{"line":96,"column":8},"end":{"line":98,"column":9}},"38":{"start":{"line":97,"column":12},"end":{"line":97,"column":113}},"39":{"start":{"line":99,"column":8},"end":{"line":99,"column":34}},"40":{"start":{"line":101,"column":8},"end":{"line":101,"column":82}},"41":{"start":{"line":105,"column":24},"end":{"line":105,"column":54}},"42":{"start":{"line":108,"column":4},"end":{"line":118,"column":5}},"43":{"start":{"line":109,"column":8},"end":{"line":117,"column":9}},"44":{"start":{"line":111,"column":24},"end":{"line":111,"column":44}},"45":{"start":{"line":112,"column":33},"end":{"line":112,"column":56}},"46":{"start":{"line":114,"column":12},"end":{"line":114,"column":71}},"47":{"start":{"line":116,"column":12},"end":{"line":116,"column":101}},"48":{"start":{"line":120,"column":4},"end":{"line":122,"column":5}},"49":{"start":{"line":121,"column":8},"end":{"line":121,"column":151}},"50":{"start":{"line":124,"column":26},"end":{"line":124,"column":58}},"51":{"start":{"line":125,"column":54},"end":{"line":125,"column":63}},"52":{"start":{"line":128,"column":4},"end":{"line":132,"column":5}},"53":{"start":{"line":129,"column":8},"end":{"line":129,"column":30}},"54":{"start":{"line":130,"column":11},"end":{"line":132,"column":5}},"55":{"start":{"line":131,"column":8},"end":{"line":131,"column":30}},"56":{"start":{"line":135,"column":23},"end":{"line":142,"column":6}},"57":{"start":{"line":144,"column":4},"end":{"line":150,"column":6}},"58":{"start":{"line":157,"column":37},"end":{"line":193,"column":1}},"59":{"start":{"line":166,"column":4},"end":{"line":172,"column":5}},"60":{"start":{"line":167,"column":8},"end":{"line":167,"column":42}},"61":{"start":{"line":168,"column":11},"end":{"line":172,"column":5}},"62":{"start":{"line":169,"column":8},"end":{"line":169,"column":26}},"63":{"start":{"line":171,"column":8},"end":{"line":171,"column":71}},"64":{"start":{"line":177,"column":4},"end":{"line":183,"column":5}},"65":{"start":{"line":178,"column":8},"end":{"line":178,"column":63}},"66":{"start":{"line":179,"column":11},"end":{"line":183,"column":5}},"67":{"start":{"line":180,"column":8},"end":{"line":180,"column":66}},"68":{"start":{"line":182,"column":8},"end":{"line":182,"column":102}},"69":{"start":{"line":186,"column":4},"end":{"line":192,"column":6}},"70":{"start":{"line":157,"column":13},"end":{"line":157,"column":37}}},"fnMap":{"0":{"name":"(anonymous_9)","decl":{"start":{"line":21,"column":25},"end":{"line":21,"column":null}},"loc":{"start":{"line":25,"column":19},"end":{"line":81,"column":1}}},"1":{"name":"(anonymous_10)","decl":{"start":{"line":87,"column":28},"end":{"line":87,"column":null}},"loc":{"start":{"line":91,"column":19},"end":{"line":151,"column":1}}},"2":{"name":"(anonymous_11)","decl":{"start":{"line":157,"column":37},"end":{"line":157,"column":null}},"loc":{"start":{"line":162,"column":28},"end":{"line":193,"column":1}}}},"branchMap":{"0":{"loc":{"start":{"line":35,"column":4},"end":{"line":58,"column":5}},"type":"if","locations":[{"start":{"line":35,"column":4},"end":{"line":58,"column":5}},{"start":{},"end":{}}]},"1":{"loc":{"start":{"line":37,"column":30},"end":{"line":37,"column":90}},"type":"binary-expr","locations":[{"start":{"line":37,"column":30},"end":{"line":37,"column":60}},{"start":{"line":37,"column":64},"end":{"line":37,"column":90}}]},"2":{"loc":{"start":{"line":38,"column":12},"end":{"line":53,"column":13}},"type":"if","locations":[{"start":{"line":38,"column":12},"end":{"line":53,"column":13}},{"start":{"line":40,"column":19},"end":{"line":53,"column":13}}]},"3":{"loc":{"start":{"line":42,"column":16},"end":{"line":44,"column":17}},"type":"if","locations":[{"start":{"line":42,"column":16},"end":{"line":44,"column":17}},{"start":{},"end":{}}]},"4":{"loc":{"start":{"line":49,"column":16},"end":{"line":51,"column":17}},"type":"if","locations":[{"start":{"line":49,"column":16},"end":{"line":51,"column":17}},{"start":{},"end":{}}]},"5":{"loc":{"start":{"line":62,"column":4},"end":{"line":66,"column":5}},"type":"if","locations":[{"start":{"line":62,"column":4},"end":{"line":66,"column":5}},{"start":{"line":64,"column":11},"end":{"line":66,"column":5}}]},"6":{"loc":{"start":{"line":63,"column":21},"end":{"line":63,"column":58}},"type":"cond-expr","locations":[{"start":{"line":63,"column":39},"end":{"line":63,"column":47}},{"start":{"line":63,"column":50},"end":{"line":63,"column":58}}]},"7":{"loc":{"start":{"line":64,"column":11},"end":{"line":66,"column":5}},"type":"if","locations":[{"start":{"line":64,"column":11},"end":{"line":66,"column":5}},{"start":{},"end":{}}]},"8":{"loc":{"start":{"line":68,"column":31},"end":{"line":68,"column":60}},"type":"cond-expr","locations":[{"start":{"line":68,"column":49},"end":{"line":68,"column":51}},{"start":{"line":68,"column":49},"end":{"line":68,"column":60}}]},"9":{"loc":{"start":{"line":68,"column":31},"end":{"line":68,"column":51}},"type":"binary-expr","locations":[{"start":{"line":68,"column":31},"end":{"line":68,"column":51}},{"start":{"line":68,"column":49},"end":{"line":68,"column":51}}]},"10":{"loc":{"start":{"line":69,"column":4},"end":{"line":71,"column":5}},"type":"if","locations":[{"start":{"line":69,"column":4},"end":{"line":71,"column":5}},{"start":{},"end":{}}]},"11":{"loc":{"start":{"line":94,"column":4},"end":{"line":102,"column":5}},"type":"if","locations":[{"start":{"line":94,"column":4},"end":{"line":102,"column":5}},{"start":{"line":100,"column":11},"end":{"line":102,"column":5}}]},"12":{"loc":{"start":{"line":96,"column":8},"end":{"line":98,"column":9}},"type":"if","locations":[{"start":{"line":96,"column":8},"end":{"line":98,"column":9}},{"start":{},"end":{}}]},"13":{"loc":{"start":{"line":96,"column":12},"end":{"line":96,"column":59}},"type":"binary-expr","locations":[{"start":{"line":96,"column":12},"end":{"line":96,"column":25}},{"start":{"line":96,"column":29},"end":{"line":96,"column":59}}]},"14":{"loc":{"start":{"line":108,"column":4},"end":{"line":118,"column":5}},"type":"if","locations":[{"start":{"line":108,"column":4},"end":{"line":118,"column":5}},{"start":{},"end":{}}]},"15":{"loc":{"start":{"line":120,"column":4},"end":{"line":122,"column":5}},"type":"if","locations":[{"start":{"line":120,"column":4},"end":{"line":122,"column":5}},{"start":{},"end":{}}]},"16":{"loc":{"start":{"line":128,"column":4},"end":{"line":132,"column":5}},"type":"if","locations":[{"start":{"line":128,"column":4},"end":{"line":132,"column":5}},{"start":{"line":130,"column":11},"end":{"line":132,"column":5}}]},"17":{"loc":{"start":{"line":128,"column":8},"end":{"line":128,"column":91}},"type":"binary-expr","locations":[{"start":{"line":128,"column":8},"end":{"line":128,"column":34}},{"start":{"line":128,"column":38},"end":{"line":128,"column":61}},{"start":{"line":128,"column":65},"end":{"line":128,"column":91}}]},"18":{"loc":{"start":{"line":130,"column":11},"end":{"line":132,"column":5}},"type":"if","locations":[{"start":{"line":130,"column":11},"end":{"line":132,"column":5}},{"start":{},"end":{}}]},"19":{"loc":{"start":{"line":130,"column":15},"end":{"line":130,"column":74}},"type":"binary-expr","locations":[{"start":{"line":130,"column":15},"end":{"line":130,"column":45}},{"start":{"line":130,"column":49},"end":{"line":130,"column":74}}]},"20":{"loc":{"start":{"line":166,"column":4},"end":{"line":172,"column":5}},"type":"if","locations":[{"start":{"line":166,"column":4},"end":{"line":172,"column":5}},{"start":{"line":168,"column":11},"end":{"line":172,"column":5}}]},"21":{"loc":{"start":{"line":166,"column":8},"end":{"line":166,"column":49}},"type":"binary-expr","locations":[{"start":{"line":166,"column":8},"end":{"line":166,"column":32}},{"start":{"line":166,"column":36},"end":{"line":166,"column":49}}]},"22":{"loc":{"start":{"line":168,"column":11},"end":{"line":172,"column":5}},"type":"if","locations":[{"start":{"line":168,"column":11},"end":{"line":172,"column":5}},{"start":{"line":170,"column":11},"end":{"line":172,"column":5}}]},"23":{"loc":{"start":{"line":177,"column":4},"end":{"line":183,"column":5}},"type":"if","locations":[{"start":{"line":177,"column":4},"end":{"line":183,"column":5}},{"start":{"line":179,"column":11},"end":{"line":183,"column":5}}]},"24":{"loc":{"start":{"line":179,"column":11},"end":{"line":183,"column":5}},"type":"if","locations":[{"start":{"line":179,"column":11},"end":{"line":183,"column":5}},{"start":{"line":181,"column":11},"end":{"line":183,"column":5}}]},"25":{"loc":{"start":{"line":187,"column":18},"end":{"line":187,"column":79}},"type":"binary-expr","locations":[{"start":{"line":187,"column":18},"end":{"line":187,"column":32}},{"start":{"line":187,"column":37},"end":{"line":187,"column":78}}]},"26":{"loc":{"start":{"line":187,"column":37},"end":{"line":187,"column":78}},"type":"cond-expr","locations":[{"start":{"line":187,"column":46},"end":{"line":187,"column":71}},{"start":{"line":187,"column":74},"end":{"line":187,"column":78}}]},"27":{"loc":{"start":{"line":191,"column":15},"end":{"line":191,"column":151}},"type":"binary-expr","locations":[{"start":{"line":191,"column":15},"end":{"line":191,"column":27}},{"start":{"line":191,"column":32},"end":{"line":191,"column":150}}]},"28":{"loc":{"start":{"line":191,"column":32},"end":{"line":191,"column":150}},"type":"cond-expr","locations":[{"start":{"line":191,"column":89},"end":{"line":191,"column":138}},{"start":{"line":191,"column":141},"end":{"line":191,"column":150}}]},"29":{"loc":{"start":{"line":191,"column":32},"end":{"line":191,"column":86}},"type":"binary-expr","locations":[{"start":{"line":191,"column":32},"end":{"line":191,"column":46}},{"start":{"line":191,"column":50},"end":{"line":191,"column":76}},{"start":{"line":191,"column":80},"end":{"line":191,"column":86}}]}},"s":{"0":1,"1":1,"2":1,"3":13,"4":13,"5":1,"6":12,"7":12,"8":5,"9":5,"10":5,"11":1,"12":4,"13":4,"14":1,"15":3,"16":3,"17":3,"18":3,"19":2,"20":1,"21":0,"22":0,"23":9,"24":9,"25":9,"26":8,"27":1,"28":1,"29":9,"30":9,"31":1,"32":8,"33":1,"34":7,"35":7,"36":4,"37":4,"38":2,"39":2,"40":3,"41":5,"42":5,"43":4,"44":4,"45":4,"46":4,"47":0,"48":5,"49":1,"50":4,"51":4,"52":4,"53":3,"54":1,"55":1,"56":4,"57":4,"58":1,"59":22,"60":3,"61":19,"62":18,"63":1,"64":21,"65":13,"66":8,"67":7,"68":1,"69":21,"70":1},"f":{"0":13,"1":7,"2":22},"b":{"0":[5,7],"1":[5,2],"2":[1,4],"3":[1,3],"4":[2,1],"5":[8,1],"6":[1,7],"7":[1,0],"8":[0,9],"9":[9,9],"10":[1,8],"11":[4,3],"12":[2,2],"13":[4,3],"14":[4,1],"15":[1,4],"16":[3,1],"17":[4,2,1],"18":[1,0],"19":[1,1],"20":[3,19],"21":[22,3],"22":[18,1],"23":[13,8],"24":[7,1],"25":[21,12],"26":[3,9],"27":[21,12],"28":[1,11],"29":[12,12,10]}}
}
