TN:
SF:src\index.ts
FNF:0
FNH:0
DA:1,0
DA:2,0
DA:3,0
DA:6,0
DA:7,0
DA:8,0
DA:11,0
DA:14,0
DA:18,0
LF:9
LH:0
BRDA:2,0,0,0
BRDA:2,0,1,0
BRF:2
BRH:0
end_of_record
TN:
SF:src\datasources\types\axios.ts
FNF:0
FNH:0
DA:1,0
DA:2,0
LF:2
LH:0
BRF:0
BRH:0
end_of_record
TN:
SF:src\datasources\types\git-crawler.ts
FN:55,(anonymous_17)
FN:73,(anonymous_18)
FN:78,(anonymous_20)
FN:125,(anonymous_22)
FN:126,(anonymous_23)
FN:225,(anonymous_24)
FN:225,(anonymous_25)
FN:239,(anonymous_26)
FN:240,(anonymous_28)
FN:240,(anonymous_29)
FN:275,(anonymous_30)
FN:289,(anonymous_32)
FN:321,(anonymous_34)
FNF:13
FNH:13
FNDA:21,(anonymous_17)
FNDA:1,(anonymous_18)
FNDA:16,(anonymous_20)
FNDA:2,(anonymous_22)
FNDA:3,(anonymous_23)
FNDA:7,(anonymous_24)
FNDA:9,(anonymous_25)
FNDA:15,(anonymous_26)
FNDA:6,(anonymous_28)
FNDA:9,(anonymous_29)
FNDA:14,(anonymous_30)
FNDA:6,(anonymous_32)
FNDA:7,(anonymous_34)
DA:3,1
DA:4,1
DA:5,1
DA:6,1
DA:7,1
DA:8,1
DA:51,1
DA:52,21
DA:56,21
DA:58,21
DA:61,21
DA:70,21
DA:74,1
DA:75,1
DA:79,16
DA:80,16
DA:81,16
DA:83,16
DA:85,16
DA:88,16
DA:89,0
DA:90,0
DA:94,16
DA:95,5
DA:96,5
DA:99,5
DA:100,0
DA:101,0
DA:105,5
DA:106,1
DA:109,4
DA:111,4
DA:113,4
DA:115,4
DA:118,4
DA:119,4
DA:121,4
DA:122,4
DA:123,4
DA:124,3
DA:125,2
DA:126,3
DA:129,3
DA:130,5
DA:131,5
DA:132,5
DA:133,3
DA:151,2
DA:152,2
DA:169,3
DA:170,2
DA:189,1
DA:192,4
DA:193,4
DA:198,11
DA:199,11
DA:203,11
DA:204,6
DA:205,4
DA:207,4
DA:215,8
DA:216,8
DA:217,8
DA:224,16
DA:225,16
DA:226,7
DA:227,7
DA:230,1
DA:240,15
DA:241,15
DA:242,5
DA:244,5
DA:245,4
DA:247,2
DA:248,2
DA:249,2
DA:250,2
DA:251,2
DA:254,2
DA:255,2
DA:256,2
DA:260,2
DA:261,2
DA:262,2
DA:266,10
DA:267,10
DA:268,10
DA:276,14
DA:277,14
DA:278,14
DA:280,14
DA:281,14
DA:283,14
DA:290,6
DA:291,6
DA:292,4
DA:294,4
DA:295,5
DA:296,5
DA:297,5
DA:298,4
DA:312,1
DA:315,4
DA:322,7
DA:323,7
DA:325,7
DA:326,8
DA:328,8
DA:329,2
DA:332,6
DA:333,1
DA:335,5
DA:338,5
DA:342,1
DA:343,1
DA:344,1
DA:345,1
DA:352,1
DA:353,1
DA:354,1
DA:355,1
DA:356,1
LF:122
LH:118
BRDA:58,0,0,20
BRDA:58,0,1,1
BRDA:70,1,0,21
BRDA:70,1,1,1
BRDA:88,2,0,0
BRDA:88,2,1,16
BRDA:94,3,0,5
BRDA:94,3,1,11
BRDA:94,4,0,0
BRDA:94,4,1,16
BRDA:94,5,0,16
BRDA:94,5,1,16
BRDA:99,6,0,0
BRDA:99,6,1,5
BRDA:99,7,0,5
BRDA:99,7,1,0
BRDA:105,8,0,1
BRDA:105,8,1,4
BRDA:105,9,0,5
BRDA:105,9,1,5
BRDA:105,9,2,4
BRDA:123,10,0,3
BRDA:123,10,1,1
BRDA:125,11,0,3
BRDA:125,11,1,1
BRDA:126,12,0,3
BRDA:126,12,1,0
BRDA:169,13,0,3
BRDA:169,13,1,1
BRDA:215,14,0,7
BRDA:215,14,1,1
BRDA:225,15,0,7
BRDA:225,15,1,9
BRDA:241,16,0,5
BRDA:241,16,1,10
BRDA:241,17,0,15
BRDA:241,17,1,6
BRDA:245,18,0,2
BRDA:245,18,1,2
BRDA:245,19,0,4
BRDA:245,19,1,4
BRDA:249,20,0,2
BRDA:249,20,1,0
BRDA:250,21,0,2
BRDA:250,21,1,0
BRDA:251,22,0,2
BRDA:251,22,1,0
BRDA:277,23,0,14
BRDA:277,23,1,0
BRDA:280,24,0,14
BRDA:280,24,1,0
BRDA:292,25,0,4
BRDA:292,25,1,0
BRDA:328,26,0,2
BRDA:328,26,1,6
BRDA:328,27,0,8
BRDA:328,27,1,7
BRDA:332,28,0,1
BRDA:332,28,1,5
BRF:59
BRH:48
end_of_record
TN:
SF:src\datasources\types\googledrive-crawler.ts
FN:51,(anonymous_16)
FN:71,(anonymous_17)
FN:128,(anonymous_19)
FN:411,(anonymous_21)
FN:428,(anonymous_23)
FN:462,(anonymous_25)
FN:464,(anonymous_26)
FN:466,(anonymous_27)
FNF:8
FNH:8
FNDA:25,(anonymous_16)
FNDA:21,(anonymous_17)
FNDA:13,(anonymous_19)
FNDA:9,(anonymous_21)
FNDA:12,(anonymous_23)
FNDA:10,(anonymous_25)
FNDA:9,(anonymous_26)
FNDA:10,(anonymous_27)
DA:3,1
DA:4,1
DA:10,1
DA:46,1
DA:52,25
DA:54,25
DA:56,25
DA:64,25
DA:72,21
DA:73,1
DA:78,20
DA:79,2
DA:80,2
DA:83,18
DA:87,18
DA:88,18
DA:89,16
DA:90,15
DA:91,2
DA:92,1
DA:93,1
DA:94,1
DA:96,1
DA:97,1
DA:100,1
DA:101,1
DA:104,16
DA:105,1
DA:106,1
DA:110,15
DA:116,15
DA:117,15
DA:118,14
DA:119,14
DA:120,14
DA:121,14
DA:123,1
DA:124,1
DA:129,13
DA:131,13
DA:132,13
DA:133,1
DA:134,1
DA:137,12
DA:138,12
DA:140,12
DA:141,12
DA:144,12
DA:148,4
DA:149,2
DA:150,2
DA:151,2
DA:152,1
DA:153,1
DA:157,1
DA:158,1
DA:159,1
DA:160,1
DA:161,1
DA:163,1
DA:169,0
DA:170,0
DA:174,3
DA:175,3
DA:178,3
DA:179,3
DA:180,3
DA:187,3
DA:188,3
DA:189,3
DA:191,3
DA:192,5
DA:193,5
DA:195,5
DA:197,5
DA:198,1
DA:210,1
DA:211,4
DA:212,4
DA:214,4
DA:215,1
DA:234,1
DA:235,3
DA:237,1
DA:239,2
DA:240,2
DA:241,1
DA:259,1
DA:261,1
DA:262,1
DA:281,3
DA:282,3
DA:283,3
DA:287,0
DA:288,0
DA:291,3
DA:302,8
DA:303,0
DA:304,0
DA:307,8
DA:308,8
DA:309,8
DA:311,8
DA:312,0
DA:315,8
DA:318,8
DA:319,9
DA:320,8
DA:321,8
DA:322,8
DA:323,8
DA:324,9
DA:325,9
DA:326,8
DA:327,2
DA:346,2
DA:348,6
DA:349,6
DA:350,5
DA:368,1
DA:369,1
DA:390,8
DA:394,7
DA:395,7
DA:402,1
DA:403,1
DA:412,9
DA:413,9
DA:415,9
DA:422,8
DA:429,12
DA:433,12
DA:434,1
DA:435,1
DA:436,11
DA:437,0
DA:438,0
DA:439,11
DA:440,1
DA:441,1
DA:444,12
DA:448,12
DA:449,2
DA:454,10
DA:461,10
DA:462,10
DA:463,10
DA:464,10
DA:465,10
DA:466,10
DA:467,10
DA:469,10
DA:470,2
DA:472,8
DA:477,2
DA:478,2
DA:483,1
DA:484,1
DA:485,1
DA:486,1
DA:493,1
DA:494,1
DA:495,1
DA:496,1
DA:497,1
LF:165
LH:156
BRDA:54,0,0,1
BRDA:54,0,1,24
BRDA:64,1,0,25
BRDA:64,1,1,2
BRDA:72,2,0,1
BRDA:72,2,1,20
BRDA:78,3,0,2
BRDA:78,3,1,18
BRDA:78,4,0,20
BRDA:78,4,1,18
BRDA:88,5,0,16
BRDA:88,5,1,2
BRDA:91,6,0,1
BRDA:91,6,1,1
BRDA:104,7,0,1
BRDA:104,7,1,15
BRDA:104,8,0,16
BRDA:104,8,1,16
BRDA:132,9,0,1
BRDA:132,9,1,12
BRDA:140,10,0,0
BRDA:140,10,1,12
BRDA:140,11,0,12
BRDA:140,11,1,12
BRDA:141,12,0,4
BRDA:141,12,1,8
BRDA:144,13,0,4
BRDA:144,13,1,8
BRDA:148,14,0,2
BRDA:148,14,1,2
BRDA:148,15,0,0
BRDA:148,15,1,4
BRDA:148,16,0,4
BRDA:148,16,1,4
BRDA:151,17,0,1
BRDA:151,17,1,1
BRDA:151,18,0,0
BRDA:151,18,1,2
BRDA:151,19,0,2
BRDA:151,19,1,2
BRDA:187,20,0,3
BRDA:187,20,1,3
BRDA:188,21,0,3
BRDA:188,21,1,0
BRDA:195,22,0,0
BRDA:195,22,1,5
BRDA:197,23,0,1
BRDA:197,23,1,4
BRDA:211,24,0,4
BRDA:211,24,1,0
BRDA:212,25,0,3
BRDA:212,25,1,1
BRDA:212,26,0,4
BRDA:212,26,1,4
BRDA:214,27,0,1
BRDA:214,27,1,3
BRDA:218,28,0,1
BRDA:218,28,1,1
BRDA:218,28,2,1
BRDA:223,29,0,0
BRDA:223,29,1,1
BRDA:223,30,0,1
BRDA:223,30,1,1
BRDA:224,31,0,0
BRDA:224,31,1,1
BRDA:224,32,0,1
BRDA:224,32,1,1
BRDA:225,33,0,0
BRDA:225,33,1,1
BRDA:228,34,0,0
BRDA:228,34,1,1
BRDA:228,35,0,1
BRDA:228,35,1,1
BRDA:229,36,0,0
BRDA:229,36,1,1
BRDA:229,37,0,1
BRDA:229,37,1,1
BRDA:235,38,0,1
BRDA:235,38,1,2
BRDA:235,39,0,3
BRDA:235,39,1,3
BRDA:240,40,0,0
BRDA:240,40,1,2
BRDA:240,41,0,2
BRDA:240,41,1,2
BRDA:243,42,0,1
BRDA:243,42,1,0
BRDA:244,43,0,1
BRDA:244,43,1,1
BRDA:244,43,2,1
BRDA:249,44,0,1
BRDA:249,44,1,0
BRDA:249,45,0,1
BRDA:249,45,1,1
BRDA:250,46,0,0
BRDA:250,46,1,1
BRDA:250,47,0,1
BRDA:250,47,1,1
BRDA:251,48,0,0
BRDA:251,48,1,1
BRDA:254,49,0,0
BRDA:254,49,1,1
BRDA:254,50,0,1
BRDA:254,50,1,1
BRDA:255,51,0,0
BRDA:255,51,1,1
BRDA:255,52,0,1
BRDA:255,52,1,1
BRDA:265,53,0,1
BRDA:265,53,1,1
BRDA:265,53,2,1
BRDA:270,54,0,1
BRDA:270,54,1,0
BRDA:270,55,0,1
BRDA:270,55,1,1
BRDA:271,56,0,0
BRDA:271,56,1,1
BRDA:271,57,0,1
BRDA:271,57,1,1
BRDA:281,58,0,0
BRDA:281,58,1,3
BRDA:281,59,0,3
BRDA:281,59,1,3
BRDA:282,60,0,3
BRDA:282,60,1,0
BRDA:302,61,0,0
BRDA:302,61,1,8
BRDA:308,62,0,0
BRDA:308,62,1,8
BRDA:308,63,0,8
BRDA:308,63,1,8
BRDA:311,64,0,0
BRDA:311,64,1,8
BRDA:320,65,0,8
BRDA:320,65,1,0
BRDA:320,66,0,0
BRDA:320,66,1,8
BRDA:320,67,0,8
BRDA:320,67,1,8
BRDA:322,68,0,8
BRDA:322,68,1,0
BRDA:325,69,0,8
BRDA:325,69,1,1
BRDA:325,70,0,9
BRDA:325,70,1,9
BRDA:326,71,0,2
BRDA:326,71,1,6
BRDA:330,72,0,2
BRDA:330,72,1,1
BRDA:330,72,2,1
BRDA:335,73,0,2
BRDA:335,73,1,0
BRDA:335,74,0,2
BRDA:335,74,1,2
BRDA:336,75,0,0
BRDA:336,75,1,2
BRDA:336,76,0,2
BRDA:336,76,1,2
BRDA:337,77,0,1
BRDA:337,77,1,1
BRDA:340,78,0,1
BRDA:340,78,1,1
BRDA:340,79,0,2
BRDA:340,79,1,1
BRDA:341,80,0,1
BRDA:341,80,1,1
BRDA:341,81,0,2
BRDA:341,81,1,1
BRDA:342,82,0,1
BRDA:342,82,1,1
BRDA:342,83,0,2
BRDA:342,83,1,2
BRDA:349,84,0,0
BRDA:349,84,1,6
BRDA:349,85,0,6
BRDA:349,85,1,6
BRDA:352,86,0,5
BRDA:352,86,1,0
BRDA:353,87,0,5
BRDA:353,87,1,5
BRDA:353,87,2,4
BRDA:358,88,0,5
BRDA:358,88,1,0
BRDA:358,89,0,5
BRDA:358,89,1,5
BRDA:359,90,0,0
BRDA:359,90,1,5
BRDA:359,91,0,5
BRDA:359,91,1,5
BRDA:360,92,0,0
BRDA:360,92,1,5
BRDA:361,93,0,0
BRDA:361,93,1,5
BRDA:361,94,0,5
BRDA:361,94,1,5
BRDA:362,95,0,0
BRDA:362,95,1,5
BRDA:362,96,0,5
BRDA:362,96,1,5
BRDA:363,97,0,0
BRDA:363,97,1,5
BRDA:363,98,0,5
BRDA:363,98,1,5
BRDA:372,99,0,1
BRDA:372,99,1,1
BRDA:372,99,2,1
BRDA:377,100,0,1
BRDA:377,100,1,0
BRDA:377,101,0,1
BRDA:377,101,1,1
BRDA:378,102,0,0
BRDA:378,102,1,1
BRDA:378,103,0,1
BRDA:378,103,1,1
BRDA:390,104,0,8
BRDA:390,104,1,7
BRDA:433,105,0,1
BRDA:433,105,1,11
BRDA:436,106,0,0
BRDA:436,106,1,11
BRDA:439,107,0,1
BRDA:439,107,1,10
BRDA:448,108,0,2
BRDA:448,108,1,10
BRDA:469,109,0,2
BRDA:469,109,1,8
BRDA:469,110,0,10
BRDA:469,110,1,8
BRDA:469,110,2,8
BRDA:469,110,3,8
BRF:230
BRH:189
end_of_record
TN:
SF:src\datasources\types\http-crawler.ts
FN:33,(anonymous_17)
FN:63,(anonymous_18)
FN:71,(anonymous_20)
FN:107,(anonymous_22)
FN:140,(anonymous_24)
FN:148,(anonymous_26)
FN:156,(anonymous_27)
FN:173,(anonymous_28)
FN:203,(anonymous_30)
FN:205,(anonymous_31)
FN:206,(anonymous_32)
FN:231,(anonymous_33)
FN:235,(anonymous_34)
FN:236,(anonymous_35)
FN:237,(anonymous_36)
FNF:15
FNH:10
FNDA:8,(anonymous_17)
FNDA:0,(anonymous_18)
FNDA:8,(anonymous_20)
FNDA:0,(anonymous_22)
FNDA:0,(anonymous_24)
FNDA:0,(anonymous_26)
FNDA:0,(anonymous_27)
FNDA:25,(anonymous_28)
FNDA:32,(anonymous_30)
FNDA:32,(anonymous_31)
FNDA:17,(anonymous_32)
FNDA:32,(anonymous_33)
FNDA:35,(anonymous_34)
FNDA:30,(anonymous_35)
FNDA:30,(anonymous_36)
DA:1,1
DA:2,1
DA:3,1
DA:5,1
DA:25,1
DA:34,8
DA:36,8
DA:38,8
DA:48,8
DA:49,0
DA:52,8
DA:59,8
DA:60,8
DA:64,0
DA:65,0
DA:72,8
DA:73,8
DA:74,8
DA:76,8
DA:78,8
DA:79,0
DA:80,0
DA:83,8
DA:84,0
DA:85,0
DA:86,0
DA:87,0
DA:89,0
DA:90,0
DA:93,8
DA:94,8
DA:97,8
DA:98,8
DA:108,0
DA:109,0
DA:111,0
DA:112,0
DA:113,0
DA:114,0
DA:115,0
DA:116,0
DA:117,0
DA:118,0
DA:122,0
DA:126,0
DA:127,0
DA:128,0
DA:129,0
DA:130,0
DA:132,0
DA:133,0
DA:141,0
DA:142,0
DA:143,0
DA:146,0
DA:147,0
DA:148,0
DA:149,0
DA:150,0
DA:152,0
DA:156,0
DA:157,0
DA:159,0
DA:160,0
DA:162,0
DA:166,0
DA:175,25
DA:176,0
DA:179,25
DA:180,25
DA:182,25
DA:183,25
DA:184,24
DA:186,24
DA:197,24
DA:200,24
DA:201,23
DA:202,23
DA:203,32
DA:205,32
DA:206,17
DA:208,23
DA:209,17
DA:213,1
DA:214,1
DA:232,32
DA:233,32
DA:235,35
DA:236,32
DA:237,32
DA:239,32
DA:241,0
DA:246,1
DA:247,1
DA:248,1
DA:249,1
DA:258,1
DA:259,1
DA:260,1
DA:261,1
DA:262,1
LF:101
LH:55
BRDA:36,0,0,8
BRDA:36,0,1,0
BRDA:48,1,0,0
BRDA:48,1,1,8
BRDA:78,2,0,0
BRDA:78,2,1,8
BRDA:83,3,0,0
BRDA:83,3,1,8
BRDA:86,4,0,0
BRDA:86,4,1,0
BRDA:115,5,0,0
BRDA:115,5,1,0
BRDA:146,6,0,0
BRDA:146,6,1,0
BRDA:160,7,0,0
BRDA:160,7,1,0
BRDA:175,8,0,0
BRDA:175,8,1,25
BRDA:175,9,0,25
BRDA:175,9,1,25
BRDA:175,10,0,25
BRDA:175,10,1,2
BRDA:200,11,0,23
BRDA:200,11,1,1
BRDA:200,12,0,24
BRDA:200,12,1,23
BRDA:200,13,0,0
BRDA:200,13,1,23
BRDA:200,14,0,23
BRDA:200,14,1,23
BRDA:205,15,0,32
BRDA:205,15,1,32
BRDA:218,16,0,1
BRDA:218,16,1,0
BRDA:218,17,0,0
BRDA:218,17,1,1
BRDA:218,18,0,1
BRDA:218,18,1,1
BRDA:235,19,0,30
BRDA:235,19,1,2
BRDA:236,20,0,30
BRDA:236,20,1,2
BRDA:237,21,0,30
BRDA:237,21,1,2
BRDA:239,22,0,32
BRDA:239,22,1,32
BRDA:239,22,2,27
BRDA:239,22,3,22
BRF:48
BRH:32
end_of_record
TN:
SF:src\datasources\types\prisma.ts
FNF:0
FNH:0
DA:2,0
DA:3,0
LF:2
LH:0
BRF:0
BRH:0
end_of_record
TN:
SF:src\datasources\types\teams-chat-crawler.ts
FN:24,(anonymous_8)
FN:41,(anonymous_9)
FN:51,(anonymous_11)
FN:79,(anonymous_13)
FN:102,(anonymous_15)
FN:114,(anonymous_17)
FN:135,(anonymous_18)
FN:144,(anonymous_20)
FN:162,(anonymous_21)
FN:173,(anonymous_23)
FN:197,(anonymous_24)
FN:198,(anonymous_25)
FN:220,(anonymous_26)
FN:269,(anonymous_28)
FNF:14
FNH:0
FNDA:0,(anonymous_8)
FNDA:0,(anonymous_9)
FNDA:0,(anonymous_11)
FNDA:0,(anonymous_13)
FNDA:0,(anonymous_15)
FNDA:0,(anonymous_17)
FNDA:0,(anonymous_18)
FNDA:0,(anonymous_20)
FNDA:0,(anonymous_21)
FNDA:0,(anonymous_23)
FNDA:0,(anonymous_24)
FNDA:0,(anonymous_25)
FNDA:0,(anonymous_26)
FNDA:0,(anonymous_28)
DA:3,0
DA:4,0
DA:18,0
DA:20,0
DA:22,0
DA:25,0
DA:27,0
DA:29,0
DA:34,0
DA:42,0
DA:43,0
DA:52,0
DA:53,0
DA:56,0
DA:59,0
DA:60,0
DA:61,0
DA:62,0
DA:65,0
DA:66,0
DA:67,0
DA:68,0
DA:70,0
DA:71,0
DA:72,0
DA:80,0
DA:82,0
DA:83,0
DA:84,0
DA:85,0
DA:86,0
DA:88,0
DA:89,0
DA:91,0
DA:92,0
DA:95,0
DA:103,0
DA:104,0
DA:105,0
DA:106,0
DA:108,0
DA:109,0
DA:111,0
DA:112,0
DA:114,0
DA:117,0
DA:118,0
DA:120,0
DA:121,0
DA:124,0
DA:125,0
DA:136,0
DA:138,0
DA:140,0
DA:141,0
DA:142,0
DA:144,0
DA:147,0
DA:148,0
DA:149,0
DA:151,0
DA:152,0
DA:154,0
DA:155,0
DA:163,0
DA:164,0
DA:165,0
DA:167,0
DA:169,0
DA:170,0
DA:171,0
DA:173,0
DA:176,0
DA:177,0
DA:178,0
DA:179,0
DA:181,0
DA:182,0
DA:185,0
DA:186,0
DA:188,0
DA:189,0
DA:198,0
DA:199,0
DA:201,0
DA:202,0
DA:203,0
DA:204,0
DA:205,0
DA:207,0
DA:221,0
DA:222,0
DA:224,0
DA:225,0
DA:229,0
DA:230,0
DA:231,0
DA:233,0
DA:234,0
DA:236,0
DA:237,0
DA:238,0
DA:239,0
DA:240,0
DA:241,0
DA:243,0
DA:244,0
DA:258,0
DA:259,0
DA:260,0
DA:263,0
DA:264,0
DA:267,0
DA:268,0
DA:269,0
DA:270,0
DA:289,0
DA:290,0
DA:291,0
DA:294,0
DA:300,0
DA:301,0
DA:306,0
DA:307,0
DA:308,0
DA:309,0
DA:319,0
DA:320,0
DA:321,0
DA:322,0
DA:323,0
LF:131
LH:0
BRDA:27,0,0,0
BRDA:27,0,1,0
BRDA:34,1,0,0
BRDA:34,1,1,0
BRDA:52,2,0,0
BRDA:52,2,1,0
BRDA:59,3,0,0
BRDA:59,3,1,0
BRDA:59,4,0,0
BRDA:59,4,1,0
BRDA:59,4,2,0
BRDA:82,5,0,0
BRDA:82,5,1,0
BRDA:82,6,0,0
BRDA:82,6,1,0
BRDA:114,7,0,0
BRDA:114,7,1,0
BRDA:117,8,0,0
BRDA:117,8,1,0
BRDA:117,9,0,0
BRDA:117,9,1,0
BRDA:124,10,0,0
BRDA:124,10,1,0
BRDA:124,11,0,0
BRDA:124,11,1,0
BRDA:124,12,0,0
BRDA:124,12,1,0
BRDA:125,13,0,0
BRDA:125,13,1,0
BRDA:125,14,0,0
BRDA:125,14,1,0
BRDA:125,15,0,0
BRDA:125,15,1,0
BRDA:125,16,0,0
BRDA:125,16,1,0
BRDA:125,17,0,0
BRDA:125,17,1,0
BRDA:144,18,0,0
BRDA:144,18,1,0
BRDA:147,19,0,0
BRDA:147,19,1,0
BRDA:147,20,0,0
BRDA:147,20,1,0
BRDA:147,20,2,0
BRDA:154,21,0,0
BRDA:154,21,1,0
BRDA:154,22,0,0
BRDA:154,22,1,0
BRDA:154,23,0,0
BRDA:154,23,1,0
BRDA:155,24,0,0
BRDA:155,24,1,0
BRDA:155,25,0,0
BRDA:155,25,1,0
BRDA:155,26,0,0
BRDA:155,26,1,0
BRDA:155,27,0,0
BRDA:155,27,1,0
BRDA:155,28,0,0
BRDA:155,28,1,0
BRDA:173,29,0,0
BRDA:173,29,1,0
BRDA:176,30,0,0
BRDA:176,30,1,0
BRDA:176,31,0,0
BRDA:176,31,1,0
BRDA:179,32,0,0
BRDA:179,32,1,0
BRDA:188,33,0,0
BRDA:188,33,1,0
BRDA:188,34,0,0
BRDA:188,34,1,0
BRDA:188,35,0,0
BRDA:188,35,1,0
BRDA:189,36,0,0
BRDA:189,36,1,0
BRDA:189,37,0,0
BRDA:189,37,1,0
BRDA:189,38,0,0
BRDA:189,38,1,0
BRDA:189,39,0,0
BRDA:189,39,1,0
BRDA:189,40,0,0
BRDA:189,40,1,0
BRDA:199,41,0,0
BRDA:199,41,1,0
BRDA:199,42,0,0
BRDA:199,42,1,0
BRDA:202,43,0,0
BRDA:202,43,1,0
BRDA:205,44,0,0
BRDA:205,44,1,0
BRDA:205,45,0,0
BRDA:205,45,1,0
BRDA:229,46,0,0
BRDA:229,46,1,0
BRDA:229,47,0,0
BRDA:229,47,1,0
BRDA:229,48,0,0
BRDA:229,48,1,0
BRDA:229,49,0,0
BRDA:229,49,1,0
BRDA:233,50,0,0
BRDA:233,50,1,0
BRDA:234,51,0,0
BRDA:234,51,1,0
BRDA:236,52,0,0
BRDA:236,52,1,0
BRDA:239,53,0,0
BRDA:239,53,1,0
BRDA:259,54,0,0
BRDA:259,54,1,0
BRDA:267,55,0,0
BRDA:267,55,1,0
BRDA:272,56,0,0
BRDA:272,56,1,0
BRDA:272,57,0,0
BRDA:272,57,1,0
BRDA:272,58,0,0
BRDA:272,58,1,0
BRDA:273,59,0,0
BRDA:273,59,1,0
BRDA:282,60,0,0
BRDA:282,60,1,0
BRDA:282,60,2,0
BRDA:282,61,0,0
BRDA:282,61,1,0
BRDA:282,62,0,0
BRDA:282,62,1,0
BRDA:282,63,0,0
BRDA:282,63,1,0
BRDA:282,64,0,0
BRDA:282,64,1,0
BRDA:282,65,0,0
BRDA:282,65,1,0
BRDA:282,66,0,0
BRDA:282,66,1,0
BRDA:282,67,0,0
BRDA:282,67,1,0
BRDA:282,68,0,0
BRDA:282,68,1,0
BRDA:290,69,0,0
BRDA:290,69,1,0
BRF:143
BRH:0
end_of_record
TN:
SF:src\eventsources\types\cron.ts
FNF:0
FNH:0
DA:2,0
DA:3,0
LF:2
LH:0
BRF:0
BRH:0
end_of_record
TN:
SF:src\eventsources\types\express.ts
FNF:0
FNH:0
DA:1,0
DA:3,0
LF:2
LH:0
BRF:0
BRH:0
end_of_record
TN:
SF:src\functions\FileSystemDestinationAdapter.ts
FN:23,(anonymous_16)
FN:27,(anonymous_17)
FN:47,(anonymous_19)
FN:57,(anonymous_20)
FN:80,(anonymous_21)
FN:91,(anonymous_23)
FN:91,(anonymous_24)
FN:181,(anonymous_25)
FNF:8
FNH:0
FNDA:0,(anonymous_16)
FNDA:0,(anonymous_17)
FNDA:0,(anonymous_19)
FNDA:0,(anonymous_20)
FNDA:0,(anonymous_21)
FNDA:0,(anonymous_23)
FNDA:0,(anonymous_24)
FNDA:0,(anonymous_25)
DA:4,0
DA:5,0
DA:6,0
DA:7,0
DA:19,0
DA:21,0
DA:24,0
DA:28,0
DA:30,0
DA:31,0
DA:32,0
DA:33,0
DA:36,0
DA:37,0
DA:38,0
DA:39,0
DA:41,0
DA:42,0
DA:48,0
DA:49,0
DA:53,0
DA:59,0
DA:60,0
DA:61,0
DA:64,0
DA:65,0
DA:66,0
DA:69,0
DA:70,0
DA:71,0
DA:72,0
DA:73,0
DA:74,0
DA:75,0
DA:77,0
DA:81,0
DA:82,0
DA:85,0
DA:86,0
DA:87,0
DA:88,0
DA:89,0
DA:91,0
DA:92,0
DA:93,0
DA:96,0
DA:97,0
DA:99,0
DA:100,0
DA:102,0
DA:103,0
DA:104,0
DA:106,0
DA:107,0
DA:108,0
DA:109,0
DA:111,0
DA:112,0
DA:113,0
DA:115,0
DA:119,0
DA:120,0
DA:121,0
DA:122,0
DA:124,0
DA:125,0
DA:126,0
DA:128,0
DA:132,0
DA:133,0
DA:134,0
DA:136,0
DA:140,0
DA:141,0
DA:144,0
DA:148,0
DA:149,0
DA:150,0
DA:151,0
DA:152,0
DA:154,0
DA:156,0
DA:159,0
DA:162,0
DA:169,0
DA:171,0
DA:172,0
DA:173,0
DA:176,0
DA:177,0
DA:181,0
DA:182,0
DA:183,0
DA:184,0
DA:188,0
DA:189,0
DA:190,0
DA:192,0
DA:193,0
LF:99
LH:0
BRDA:30,0,0,0
BRDA:30,0,1,0
BRDA:30,1,0,0
BRDA:30,1,1,0
BRDA:30,2,0,0
BRDA:30,2,1,0
BRDA:48,3,0,0
BRDA:48,3,1,0
BRDA:48,4,0,0
BRDA:48,4,1,0
BRDA:48,5,0,0
BRDA:48,5,1,0
BRDA:59,6,0,0
BRDA:59,6,1,0
BRDA:59,7,0,0
BRDA:59,7,1,0
BRDA:59,8,0,0
BRDA:59,8,1,0
BRDA:61,9,0,0
BRDA:61,9,1,0
BRDA:64,10,0,0
BRDA:64,10,1,0
BRDA:64,11,0,0
BRDA:64,11,1,0
BRDA:64,12,0,0
BRDA:64,12,1,0
BRDA:66,13,0,0
BRDA:66,13,1,0
BRDA:69,14,0,0
BRDA:69,14,1,0
BRDA:71,15,0,0
BRDA:71,15,1,0
BRDA:72,16,0,0
BRDA:72,16,1,0
BRDA:72,17,0,0
BRDA:72,17,1,0
BRDA:73,18,0,0
BRDA:73,18,1,0
BRDA:73,19,0,0
BRDA:73,19,1,0
BRDA:74,20,0,0
BRDA:74,20,1,0
BRDA:81,21,0,0
BRDA:81,21,1,0
BRDA:81,22,0,0
BRDA:81,22,1,0
BRDA:81,23,0,0
BRDA:81,23,1,0
BRDA:81,24,0,0
BRDA:81,24,1,0
BRDA:100,25,0,0
BRDA:100,25,1,0
BRDA:100,26,0,0
BRDA:100,26,1,0
BRDA:100,27,0,0
BRDA:100,27,1,0
BRDA:111,28,0,0
BRDA:111,28,1,0
BRDA:124,29,0,0
BRDA:124,29,1,0
BRDA:132,30,0,0
BRDA:132,30,1,0
BRDA:132,31,0,0
BRDA:132,31,1,0
BRDA:148,32,0,0
BRDA:148,32,1,0
BRDA:150,33,0,0
BRDA:150,33,1,0
BRDA:152,34,0,0
BRDA:152,34,1,0
BRDA:152,35,0,0
BRDA:152,35,1,0
BRDA:165,36,0,0
BRDA:165,36,1,0
BRDA:182,37,0,0
BRDA:182,37,1,0
BRDA:184,38,0,0
BRDA:184,38,1,0
BRDA:184,39,0,0
BRDA:184,39,1,0
BRDA:184,40,0,0
BRDA:184,40,1,0
BRDA:188,41,0,0
BRDA:188,41,1,0
BRF:84
BRH:0
end_of_record
TN:
SF:src\functions\authnWorkflow.ts
FN:37,(anonymous_0)
FNF:1
FNH:0
FNDA:0,(anonymous_0)
DA:37,0
DA:41,0
LF:2
LH:0
BRF:0
BRH:0
end_of_record
TN:
SF:src\functions\final-test.ts
FN:17,setupGlobalIngestionManager
FN:203,(anonymous_9)
FN:206,(anonymous_10)
FN:209,(anonymous_11)
FN:211,(anonymous_12)
FNF:5
FNH:0
FNDA:0,setupGlobalIngestionManager
FNDA:0,(anonymous_9)
FNDA:0,(anonymous_10)
FNDA:0,(anonymous_11)
FNDA:0,(anonymous_12)
DA:3,0
DA:4,0
DA:5,0
DA:6,0
DA:7,0
DA:8,0
DA:9,0
DA:10,0
DA:12,0
DA:14,0
DA:17,0
DA:18,0
DA:21,0
DA:22,0
DA:24,0
DA:25,0
DA:27,0
DA:28,0
DA:31,0
DA:32,0
DA:35,0
DA:63,0
DA:65,0
DA:92,0
DA:93,0
DA:96,0
DA:129,0
DA:130,0
DA:132,0
DA:166,0
DA:169,0
DA:193,0
DA:199,0
DA:200,0
DA:203,0
DA:204,0
DA:206,0
DA:207,0
DA:209,0
DA:210,0
DA:211,0
DA:212,0
DA:214,0
DA:215,0
DA:220,0
DA:221,0
DA:223,0
DA:225,0
DA:226,0
LF:49
LH:0
BRDA:212,0,0,0
BRDA:212,0,1,0
BRDA:212,1,0,0
BRDA:212,1,1,0
BRDA:212,2,0,0
BRDA:212,2,1,0
BRDA:212,3,0,0
BRDA:212,3,1,0
BRDA:214,4,0,0
BRDA:214,4,1,0
BRF:10
BRH:0
end_of_record
TN:
SF:src\functions\triggerIngestionManagerCronTasks.ts
FN:22,default_1
FNF:1
FNH:0
FNDA:0,default_1
DA:5,0
DA:7,0
DA:22,0
DA:23,0
DA:24,0
DA:26,0
DA:28,0
DA:30,0
DA:32,0
DA:33,0
DA:34,0
DA:35,0
DA:37,0
DA:38,0
LF:14
LH:0
BRF:0
BRH:0
end_of_record
TN:
SF:src\functions\triggerIngestionManagerWebhookTasks.ts
FN:8,default_1
FN:45,sleep
FN:46,(anonymous_10)
FNF:3
FNH:0
FNDA:0,default_1
FNDA:0,sleep
FNDA:0,(anonymous_10)
DA:3,0
DA:7,0
DA:8,0
DA:9,0
DA:11,0
DA:12,0
DA:13,0
DA:15,0
DA:25,0
DA:26,0
DA:27,0
DA:28,0
DA:29,0
DA:30,0
DA:32,0
DA:33,0
DA:34,0
DA:44,0
DA:46,0
DA:60,0
DA:65,0
DA:66,0
LF:22
LH:0
BRDA:32,0,0,0
BRDA:32,0,1,0
BRDA:33,1,0,0
BRDA:33,1,1,0
BRF:4
BRH:0
end_of_record
TN:
SF:src\functions\Transformers\blob-content-processor-transformer.ts
FN:14,(anonymous_8)
FN:14,(anonymous_9)
FNF:2
FNH:0
FNDA:0,(anonymous_8)
FNDA:0,(anonymous_9)
DA:4,0
DA:5,0
DA:14,0
DA:15,0
DA:16,0
DA:18,0
DA:21,0
DA:22,0
DA:24,0
DA:25,0
DA:26,0
DA:27,0
DA:28,0
DA:29,0
DA:30,0
DA:32,0
DA:34,0
DA:35,0
DA:36,0
DA:39,0
DA:40,0
DA:43,0
DA:45,0
DA:46,0
DA:47,0
DA:48,0
DA:50,0
DA:52,0
DA:53,0
DA:55,0
DA:57,0
DA:58,0
DA:59,0
DA:63,0
DA:64,0
DA:65,0
DA:69,0
DA:80,0
DA:82,0
DA:83,0
DA:94,0
DA:95,0
DA:98,0
LF:43
LH:0
BRDA:22,0,0,0
BRDA:22,0,1,0
BRDA:22,1,0,0
BRDA:22,1,1,0
BRDA:25,2,0,0
BRDA:25,2,1,0
BRDA:26,3,0,0
BRDA:26,3,1,0
BRDA:26,4,0,0
BRDA:26,4,1,0
BRDA:26,5,0,0
BRDA:26,5,1,0
BRDA:35,6,0,0
BRDA:35,6,1,0
BRDA:35,7,0,0
BRDA:35,7,1,0
BRDA:43,8,0,0
BRDA:43,8,1,0
BRDA:43,9,0,0
BRDA:43,9,1,0
BRDA:47,10,0,0
BRDA:47,10,1,0
BRDA:47,11,0,0
BRDA:47,11,1,0
BRDA:55,12,0,0
BRDA:55,12,1,0
BRDA:55,13,0,0
BRDA:55,13,1,0
BRDA:58,14,0,0
BRDA:58,14,1,0
BRDA:64,15,0,0
BRDA:64,15,1,0
BRF:32
BRH:0
end_of_record
TN:
SF:src\functions\Transformers\code-metadata-extractor-transformer.ts
FN:37,(anonymous_16)
FN:37,(anonymous_17)
FNF:2
FNH:0
FNDA:0,(anonymous_16)
FNDA:0,(anonymous_17)
DA:4,0
DA:5,0
DA:8,0
DA:37,0
DA:38,0
DA:39,0
DA:41,0
DA:43,0
DA:46,0
DA:47,0
DA:50,0
DA:51,0
DA:52,0
DA:54,0
DA:64,0
DA:67,0
DA:70,0
DA:71,0
DA:74,0
LF:19
LH:0
BRDA:43,0,0,0
BRDA:43,0,1,0
BRDA:43,1,0,0
BRDA:43,1,1,0
BRDA:46,2,0,0
BRDA:46,2,1,0
BRDA:46,3,0,0
BRDA:46,3,1,0
BRDA:46,4,0,0
BRDA:46,4,1,0
BRDA:47,5,0,0
BRDA:47,5,1,0
BRDA:50,6,0,0
BRDA:50,6,1,0
BRDA:50,7,0,0
BRDA:50,7,1,0
BRDA:50,7,2,0
BRDA:50,7,3,0
BRDA:50,8,0,0
BRDA:50,8,1,0
BRDA:50,9,0,0
BRDA:50,9,1,0
BRDA:50,10,0,0
BRDA:50,10,1,0
BRDA:50,11,0,0
BRDA:50,11,1,0
BRDA:50,12,0,0
BRDA:50,12,1,0
BRDA:50,13,0,0
BRDA:50,13,1,0
BRDA:50,14,0,0
BRDA:50,14,1,0
BRDA:50,15,0,0
BRDA:50,15,1,0
BRF:34
BRH:0
end_of_record
TN:
SF:src\functions\Transformers\gdrive-content-normalizer-transformer.ts
FN:14,(anonymous_8)
FN:14,(anonymous_9)
FNF:2
FNH:0
FNDA:0,(anonymous_8)
FNDA:0,(anonymous_9)
DA:4,0
DA:5,0
DA:14,0
DA:15,0
DA:16,0
DA:18,0
DA:19,0
DA:20,0
DA:22,0
DA:23,0
DA:24,0
DA:25,0
DA:26,0
DA:27,0
DA:28,0
DA:30,0
DA:32,0
DA:33,0
DA:34,0
DA:37,0
DA:38,0
DA:41,0
DA:43,0
DA:44,0
DA:45,0
DA:46,0
DA:48,0
DA:50,0
DA:51,0
DA:53,0
DA:55,0
DA:56,0
DA:57,0
DA:61,0
DA:62,0
DA:63,0
DA:67,0
DA:76,0
DA:78,0
DA:79,0
DA:90,0
DA:91,0
DA:94,0
LF:43
LH:0
BRDA:20,0,0,0
BRDA:20,0,1,0
BRDA:20,1,0,0
BRDA:20,1,1,0
BRDA:23,2,0,0
BRDA:23,2,1,0
BRDA:24,3,0,0
BRDA:24,3,1,0
BRDA:24,4,0,0
BRDA:24,4,1,0
BRDA:24,5,0,0
BRDA:24,5,1,0
BRDA:33,6,0,0
BRDA:33,6,1,0
BRDA:33,7,0,0
BRDA:33,7,1,0
BRDA:41,8,0,0
BRDA:41,8,1,0
BRDA:41,9,0,0
BRDA:41,9,1,0
BRDA:45,10,0,0
BRDA:45,10,1,0
BRDA:45,11,0,0
BRDA:45,11,1,0
BRDA:53,12,0,0
BRDA:53,12,1,0
BRDA:53,13,0,0
BRDA:53,13,1,0
BRDA:56,14,0,0
BRDA:56,14,1,0
BRDA:62,15,0,0
BRDA:62,15,1,0
BRF:32
BRH:0
end_of_record
TN:
SF:src\functions\Transformers\generic-ingestion-preprocessor.ts
FN:17,(anonymous_0)
FNF:1
FNH:0
FNDA:0,(anonymous_0)
DA:4,0
DA:17,0
DA:18,0
DA:19,0
DA:20,0
DA:22,0
DA:27,0
DA:28,0
DA:29,0
DA:30,0
DA:32,0
DA:33,0
DA:35,0
DA:36,0
DA:38,0
DA:42,0
DA:43,0
DA:44,0
DA:48,0
DA:58,0
DA:63,0
DA:66,0
DA:67,0
DA:70,0
LF:24
LH:0
BRDA:27,0,0,0
BRDA:27,0,1,0
BRDA:35,1,0,0
BRDA:35,1,1,0
BRDA:35,2,0,0
BRDA:35,2,1,0
BRDA:42,3,0,0
BRDA:42,3,1,0
BRF:8
BRH:0
end_of_record
TN:
SF:src\functions\Transformers\html-to-plaintext-transformer.ts
FN:17,(anonymous_16)
FN:17,(anonymous_17)
FN:49,(anonymous_18)
FNF:3
FNH:0
FNDA:0,(anonymous_16)
FNDA:0,(anonymous_17)
FNDA:0,(anonymous_18)
DA:4,0
DA:5,0
DA:17,0
DA:18,0
DA:19,0
DA:21,0
DA:23,0
DA:24,0
DA:26,0
DA:27,0
DA:28,0
DA:29,0
DA:30,0
DA:31,0
DA:35,0
DA:38,0
DA:40,0
DA:41,0
DA:42,0
DA:45,0
DA:49,0
DA:50,0
DA:56,0
DA:61,0
DA:71,0
DA:73,0
DA:75,0
DA:87,0
DA:88,0
DA:91,0
DA:92,0
DA:95,0
LF:32
LH:0
BRDA:23,0,0,0
BRDA:23,0,1,0
BRDA:23,1,0,0
BRDA:23,1,1,0
BRDA:24,2,0,0
BRDA:24,2,1,0
BRDA:24,3,0,0
BRDA:24,3,1,0
BRDA:35,4,0,0
BRDA:35,4,1,0
BRDA:35,4,2,0
BRDA:35,4,3,0
BRDA:35,4,4,0
BRDA:35,4,5,0
BRDA:40,5,0,0
BRDA:40,5,1,0
BRDA:40,6,0,0
BRDA:40,6,1,0
BRF:18
BRH:0
end_of_record
TN:
SF:src\functions\Transformers\passthrough-transformer.ts
FN:18,(anonymous_7)
FN:18,(anonymous_8)
FN:22,(anonymous_9)
FNF:3
FNH:0
FNDA:0,(anonymous_7)
FNDA:0,(anonymous_8)
FNDA:0,(anonymous_9)
DA:4,0
DA:18,0
DA:19,0
DA:22,0
DA:25,0
LF:5
LH:0
BRF:0
BRH:0
end_of_record
TN:
SF:src\functions\Transformers\teams-message-cleaner-transformer.ts
FN:14,(anonymous_16)
FN:14,(anonymous_17)
FNF:2
FNH:0
FNDA:0,(anonymous_16)
FNDA:0,(anonymous_17)
DA:4,0
DA:5,0
DA:14,0
DA:15,0
DA:16,0
DA:18,0
DA:19,0
DA:20,0
DA:21,0
DA:22,0
DA:25,0
DA:26,0
DA:30,0
DA:32,0
DA:42,0
DA:44,0
DA:46,0
DA:57,0
DA:58,0
DA:61,0
LF:20
LH:0
BRDA:19,0,0,0
BRDA:19,0,1,0
BRDA:19,1,0,0
BRDA:19,1,1,0
BRDA:19,1,2,0
BRDA:38,2,0,0
BRDA:38,2,1,0
BRDA:38,3,0,0
BRDA:38,3,1,0
BRDA:38,4,0,0
BRDA:38,4,1,0
BRF:11
BRH:0
end_of_record
TN:
SF:src\functions\ingestion\GlobalIngestionLifecycleManager.ts
FN:32,(anonymous_8)
FN:36,(anonymous_9)
FN:41,(anonymous_11)
FN:45,(anonymous_13)
FN:50,(anonymous_15)
FN:60,(anonymous_17)
FN:65,(anonymous_19)
FN:69,(anonymous_21)
FN:73,(anonymous_23)
FN:78,(anonymous_25)
FN:88,(anonymous_27)
FN:112,(anonymous_29)
FN:119,(anonymous_30)
FN:129,(anonymous_31)
FN:134,(anonymous_32)
FN:140,(anonymous_34)
FN:161,(anonymous_36)
FN:168,(anonymous_38)
FN:172,(anonymous_39)
FN:177,(anonymous_40)
FN:182,(anonymous_41)
FN:219,(anonymous_43)
FN:261,(anonymous_45)
FN:270,(anonymous_47)
FN:279,(anonymous_49)
FN:299,(anonymous_51)
FN:303,(anonymous_53)
FN:307,(anonymous_55)
FN:336,(anonymous_57)
FN:342,(anonymous_59)
FN:403,(anonymous_60)
FN:459,(anonymous_61)
FN:527,(anonymous_63)
FN:535,(anonymous_64)
FN:619,(anonymous_66)
FN:623,(anonymous_67)
FN:627,(anonymous_68)
FN:642,(anonymous_69)
FN:645,(anonymous_70)
FN:655,(anonymous_71)
FN:762,(anonymous_73)
FN:784,(anonymous_75)
FNF:42
FNH:0
FNDA:0,(anonymous_8)
FNDA:0,(anonymous_9)
FNDA:0,(anonymous_11)
FNDA:0,(anonymous_13)
FNDA:0,(anonymous_15)
FNDA:0,(anonymous_17)
FNDA:0,(anonymous_19)
FNDA:0,(anonymous_21)
FNDA:0,(anonymous_23)
FNDA:0,(anonymous_25)
FNDA:0,(anonymous_27)
FNDA:0,(anonymous_29)
FNDA:0,(anonymous_30)
FNDA:0,(anonymous_31)
FNDA:0,(anonymous_32)
FNDA:0,(anonymous_34)
FNDA:0,(anonymous_36)
FNDA:0,(anonymous_38)
FNDA:0,(anonymous_39)
FNDA:0,(anonymous_40)
FNDA:0,(anonymous_41)
FNDA:0,(anonymous_43)
FNDA:0,(anonymous_45)
FNDA:0,(anonymous_47)
FNDA:0,(anonymous_49)
FNDA:0,(anonymous_51)
FNDA:0,(anonymous_53)
FNDA:0,(anonymous_55)
FNDA:0,(anonymous_57)
FNDA:0,(anonymous_59)
FNDA:0,(anonymous_60)
FNDA:0,(anonymous_61)
FNDA:0,(anonymous_63)
FNDA:0,(anonymous_64)
FNDA:0,(anonymous_66)
FNDA:0,(anonymous_67)
FNDA:0,(anonymous_68)
FNDA:0,(anonymous_69)
FNDA:0,(anonymous_70)
FNDA:0,(anonymous_71)
FNDA:0,(anonymous_73)
FNDA:0,(anonymous_75)
DA:3,0
DA:4,0
DA:5,0
DA:6,0
DA:20,0
DA:21,0
DA:25,0
DA:26,0
DA:27,0
DA:33,0
DA:34,0
DA:37,0
DA:42,0
DA:46,0
DA:47,0
DA:51,0
DA:52,0
DA:53,0
DA:54,0
DA:56,0
DA:61,0
DA:62,0
DA:66,0
DA:70,0
DA:74,0
DA:75,0
DA:79,0
DA:80,0
DA:81,0
DA:82,0
DA:84,0
DA:89,0
DA:90,0
DA:105,0
DA:106,0
DA:107,0
DA:113,0
DA:114,0
DA:115,0
DA:116,0
DA:120,0
DA:121,0
DA:122,0
DA:124,0
DA:126,0
DA:130,0
DA:131,0
DA:135,0
DA:136,0
DA:137,0
DA:141,0
DA:143,0
DA:144,0
DA:145,0
DA:148,0
DA:149,0
DA:153,0
DA:154,0
DA:158,0
DA:162,0
DA:169,0
DA:173,0
DA:174,0
DA:178,0
DA:179,0
DA:183,0
DA:184,0
DA:185,0
DA:186,0
DA:191,0
DA:199,0
DA:200,0
DA:201,0
DA:203,0
DA:204,0
DA:205,0
DA:206,0
DA:207,0
DA:208,0
DA:209,0
DA:210,0
DA:211,0
DA:212,0
DA:216,0
DA:220,0
DA:221,0
DA:222,0
DA:225,0
DA:226,0
DA:228,0
DA:229,0
DA:230,0
DA:233,0
DA:234,0
DA:235,0
DA:236,0
DA:237,0
DA:238,0
DA:240,0
DA:241,0
DA:243,0
DA:244,0
DA:245,0
DA:247,0
DA:248,0
DA:250,0
DA:251,0
DA:252,0
DA:253,0
DA:258,0
DA:262,0
DA:263,0
DA:264,0
DA:266,0
DA:267,0
DA:271,0
DA:272,0
DA:273,0
DA:275,0
DA:276,0
DA:280,0
DA:281,0
DA:284,0
DA:286,0
DA:287,0
DA:289,0
DA:290,0
DA:292,0
DA:293,0
DA:294,0
DA:296,0
DA:300,0
DA:304,0
DA:308,0
DA:309,0
DA:310,0
DA:311,0
DA:312,0
DA:314,0
DA:315,0
DA:316,0
DA:317,0
DA:320,0
DA:321,0
DA:322,0
DA:323,0
DA:324,0
DA:333,0
DA:337,0
DA:340,0
DA:341,0
DA:342,0
DA:344,0
DA:345,0
DA:346,0
DA:347,0
DA:348,0
DA:355,0
DA:357,0
DA:361,0
DA:363,0
DA:364,0
DA:365,0
DA:366,0
DA:369,0
DA:370,0
DA:371,0
DA:372,0
DA:377,0
DA:379,0
DA:380,0
DA:381,0
DA:383,0
DA:387,0
DA:389,0
DA:390,0
DA:391,0
DA:392,0
DA:396,0
DA:397,0
DA:398,0
DA:399,0
DA:403,0
DA:404,0
DA:407,0
DA:408,0
DA:409,0
DA:410,0
DA:414,0
DA:416,0
DA:417,0
DA:418,0
DA:419,0
DA:422,0
DA:424,0
DA:425,0
DA:428,0
DA:437,0
DA:438,0
DA:439,0
DA:443,0
DA:446,0
DA:447,0
DA:448,0
DA:460,0
DA:463,0
DA:464,0
DA:465,0
DA:467,0
DA:468,0
DA:469,0
DA:471,0
DA:472,0
DA:473,0
DA:474,0
DA:475,0
DA:478,0
DA:486,0
DA:489,0
DA:490,0
DA:493,0
DA:494,0
DA:495,0
DA:496,0
DA:497,0
DA:498,0
DA:505,0
DA:506,0
DA:507,0
DA:509,0
DA:516,0
DA:517,0
DA:522,0
DA:523,0
DA:524,0
DA:527,0
DA:528,0
DA:529,0
DA:530,0
DA:532,0
DA:536,0
DA:537,0
DA:539,0
DA:541,0
DA:542,0
DA:543,0
DA:544,0
DA:545,0
DA:546,0
DA:547,0
DA:548,0
DA:551,0
DA:554,0
DA:555,0
DA:556,0
DA:559,0
DA:560,0
DA:570,0
DA:572,0
DA:573,0
DA:574,0
DA:576,0
DA:577,0
DA:580,0
DA:581,0
DA:582,0
DA:583,0
DA:584,0
DA:586,0
DA:587,0
DA:589,0
DA:590,0
DA:593,0
DA:594,0
DA:595,0
DA:596,0
DA:597,0
DA:605,0
DA:606,0
DA:608,0
DA:609,0
DA:611,0
DA:615,0
DA:620,0
DA:624,0
DA:628,0
DA:630,0
DA:632,0
DA:634,0
DA:636,0
DA:638,0
DA:639,0
DA:643,0
DA:644,0
DA:645,0
DA:646,0
DA:647,0
DA:650,0
DA:652,0
DA:656,0
DA:657,0
DA:658,0
DA:659,0
DA:661,0
DA:662,0
DA:663,0
DA:666,0
DA:667,0
DA:670,0
DA:672,0
DA:673,0
DA:674,0
DA:675,0
DA:677,0
DA:678,0
DA:679,0
DA:680,0
DA:681,0
DA:682,0
DA:683,0
DA:685,0
DA:688,0
DA:689,0
DA:690,0
DA:692,0
DA:693,0
DA:700,0
DA:701,0
DA:702,0
DA:704,0
DA:712,0
DA:717,0
DA:718,0
DA:721,0
DA:723,0
DA:724,0
DA:730,0
DA:732,0
DA:744,0
DA:746,0
DA:747,0
DA:748,0
DA:749,0
DA:750,0
DA:752,0
DA:754,0
DA:757,0
DA:758,0
DA:763,0
DA:764,0
DA:765,0
DA:768,0
DA:769,0
DA:770,0
DA:772,0
DA:773,0
DA:774,0
DA:777,0
DA:778,0
DA:779,0
DA:780,0
DA:781,0
DA:784,0
DA:785,0
DA:786,0
DA:788,0
DA:789,0
DA:792,0
DA:793,0
DA:794,0
DA:797,0
DA:798,0
DA:799,0
DA:801,0
DA:802,0
DA:808,0
DA:809,0
DA:810,0
DA:813,0
DA:820,0
DA:823,0
DA:824,0
DA:827,0
DA:828,0
DA:829,0
DA:832,0
DA:834,0
DA:835,0
LF:388
LH:0
BRDA:52,0,0,0
BRDA:52,0,1,0
BRDA:80,1,0,0
BRDA:80,1,1,0
BRDA:114,2,0,0
BRDA:114,2,1,0
BRDA:120,3,0,0
BRDA:120,3,1,0
BRDA:122,4,0,0
BRDA:122,4,1,0
BRDA:122,5,0,0
BRDA:122,5,1,0
BRDA:145,6,0,0
BRDA:145,6,1,0
BRDA:148,7,0,0
BRDA:148,7,1,0
BRDA:153,8,0,0
BRDA:153,8,1,0
BRDA:183,9,0,0
BRDA:183,9,1,0
BRDA:184,10,0,0
BRDA:184,10,1,0
BRDA:203,11,0,0
BRDA:203,11,1,0
BRDA:205,12,0,0
BRDA:205,12,1,0
BRDA:207,13,0,0
BRDA:207,13,1,0
BRDA:209,14,0,0
BRDA:209,14,1,0
BRDA:221,15,0,0
BRDA:221,15,1,0
BRDA:233,16,0,0
BRDA:233,16,1,0
BRDA:233,17,0,0
BRDA:233,17,1,0
BRDA:234,18,0,0
BRDA:234,18,1,0
BRDA:234,19,0,0
BRDA:234,19,1,0
BRDA:236,20,0,0
BRDA:236,20,1,0
BRDA:243,21,0,0
BRDA:243,21,1,0
BRDA:243,22,0,0
BRDA:243,22,1,0
BRDA:244,23,0,0
BRDA:244,23,1,0
BRDA:247,24,0,0
BRDA:247,24,1,0
BRDA:250,25,0,0
BRDA:250,25,1,0
BRDA:252,26,0,0
BRDA:252,26,1,0
BRDA:252,27,0,0
BRDA:252,27,1,0
BRDA:263,28,0,0
BRDA:263,28,1,0
BRDA:264,29,0,0
BRDA:264,29,1,0
BRDA:272,30,0,0
BRDA:272,30,1,0
BRDA:273,31,0,0
BRDA:273,31,1,0
BRDA:281,32,0,0
BRDA:281,32,1,0
BRDA:286,33,0,0
BRDA:286,33,1,0
BRDA:289,34,0,0
BRDA:289,34,1,0
BRDA:289,35,0,0
BRDA:289,35,1,0
BRDA:289,36,0,0
BRDA:289,36,1,0
BRDA:309,37,0,0
BRDA:309,37,1,0
BRDA:314,38,0,0
BRDA:314,38,1,0
BRDA:321,39,0,0
BRDA:321,39,1,0
BRDA:323,40,0,0
BRDA:323,40,1,0
BRDA:342,41,0,0
BRDA:342,41,1,0
BRDA:342,41,2,0
BRDA:345,42,0,0
BRDA:345,42,1,0
BRDA:363,43,0,0
BRDA:363,43,1,0
BRDA:364,44,0,0
BRDA:364,44,1,0
BRDA:369,45,0,0
BRDA:369,45,1,0
BRDA:379,46,0,0
BRDA:379,46,1,0
BRDA:389,47,0,0
BRDA:389,47,1,0
BRDA:390,48,0,0
BRDA:390,48,1,0
BRDA:396,49,0,0
BRDA:396,49,1,0
BRDA:407,50,0,0
BRDA:407,50,1,0
BRDA:417,51,0,0
BRDA:417,51,1,0
BRDA:424,52,0,0
BRDA:424,52,1,0
BRDA:433,53,0,0
BRDA:433,53,1,0
BRDA:433,54,0,0
BRDA:433,54,1,0
BRDA:434,55,0,0
BRDA:434,55,1,0
BRDA:434,56,0,0
BRDA:434,56,1,0
BRDA:435,57,0,0
BRDA:435,57,1,0
BRDA:435,58,0,0
BRDA:435,58,1,0
BRDA:438,59,0,0
BRDA:438,59,1,0
BRDA:443,60,0,0
BRDA:443,60,1,0
BRDA:463,61,0,0
BRDA:463,61,1,0
BRDA:463,62,0,0
BRDA:463,62,1,0
BRDA:463,63,0,0
BRDA:463,63,1,0
BRDA:471,64,0,0
BRDA:471,64,1,0
BRDA:471,65,0,0
BRDA:471,65,1,0
BRDA:486,66,0,0
BRDA:486,66,1,0
BRDA:486,67,0,0
BRDA:486,67,1,0
BRDA:486,67,2,0
BRDA:486,67,3,0
BRDA:495,68,0,0
BRDA:495,68,1,0
BRDA:497,69,0,0
BRDA:497,69,1,0
BRDA:513,70,0,0
BRDA:513,70,1,0
BRDA:522,71,0,0
BRDA:522,71,1,0
BRDA:529,72,0,0
BRDA:529,72,1,0
BRDA:542,73,0,0
BRDA:542,73,1,0
BRDA:551,74,0,0
BRDA:551,74,1,0
BRDA:554,75,0,0
BRDA:554,75,1,0
BRDA:554,76,0,0
BRDA:554,76,1,0
BRDA:572,77,0,0
BRDA:572,77,1,0
BRDA:581,78,0,0
BRDA:581,78,1,0
BRDA:581,79,0,0
BRDA:581,79,1,0
BRDA:583,80,0,0
BRDA:583,80,1,0
BRDA:586,81,0,0
BRDA:586,81,1,0
BRDA:589,82,0,0
BRDA:589,82,1,0
BRDA:593,83,0,0
BRDA:593,83,1,0
BRDA:596,84,0,0
BRDA:596,84,1,0
BRDA:599,85,0,0
BRDA:599,85,1,0
BRDA:600,86,0,0
BRDA:600,86,1,0
BRDA:601,87,0,0
BRDA:601,87,1,0
BRDA:628,88,0,0
BRDA:628,88,1,0
BRDA:628,88,2,0
BRDA:628,88,3,0
BRDA:628,88,4,0
BRDA:634,89,0,0
BRDA:634,89,1,0
BRDA:646,90,0,0
BRDA:646,90,1,0
BRDA:646,91,0,0
BRDA:646,91,1,0
BRDA:662,92,0,0
BRDA:662,92,1,0
BRDA:672,93,0,0
BRDA:672,93,1,0
BRDA:673,94,0,0
BRDA:673,94,1,0
BRDA:688,95,0,0
BRDA:688,95,1,0
BRDA:689,96,0,0
BRDA:689,96,1,0
BRDA:700,97,0,0
BRDA:700,97,1,0
BRDA:701,98,0,0
BRDA:701,98,1,0
BRDA:717,99,0,0
BRDA:717,99,1,0
BRDA:717,100,0,0
BRDA:717,100,1,0
BRDA:718,101,0,0
BRDA:718,101,1,0
BRDA:739,102,0,0
BRDA:739,102,1,0
BRDA:740,103,0,0
BRDA:740,103,1,0
BRDA:741,104,0,0
BRDA:741,104,1,0
BRDA:764,105,0,0
BRDA:764,105,1,0
BRDA:764,106,0,0
BRDA:764,106,1,0
BRDA:773,107,0,0
BRDA:773,107,1,0
BRDA:779,108,0,0
BRDA:779,108,1,0
BRDA:788,109,0,0
BRDA:788,109,1,0
BRDA:792,110,0,0
BRDA:792,110,1,0
BRDA:797,111,0,0
BRDA:797,111,1,0
BRDA:798,112,0,0
BRDA:798,112,1,0
BRDA:808,113,0,0
BRDA:808,113,1,0
BRDA:809,114,0,0
BRDA:809,114,1,0
BRDA:823,115,0,0
BRDA:823,115,1,0
BRF:238
BRH:0
end_of_record
TN:
SF:src\functions\ingestion\interfaces.ts
FN:67,(anonymous_0)
FNF:1
FNH:0
FNDA:0,(anonymous_0)
DA:67,0
DA:68,0
DA:69,0
DA:70,0
DA:71,0
DA:72,0
DA:174,0
LF:7
LH:0
BRDA:67,0,0,0
BRDA:67,0,1,0
BRF:2
BRH:0
end_of_record
TN:
SF:src\functions\ingestion\orchestrator.ts
FN:20,(anonymous_7)
FN:36,(anonymous_8)
FN:48,(anonymous_9)
FNF:3
FNH:0
FNDA:0,(anonymous_7)
FNDA:0,(anonymous_8)
FNDA:0,(anonymous_9)
DA:3,0
DA:4,0
DA:5,0
DA:13,0
DA:27,0
DA:28,0
DA:29,0
DA:30,0
DA:31,0
DA:32,0
DA:33,0
DA:37,0
DA:49,0
DA:50,0
DA:51,0
DA:52,0
DA:53,0
DA:56,0
DA:57,0
DA:58,0
DA:61,0
DA:62,0
DA:64,0
DA:65,0
DA:66,0
DA:67,0
DA:72,0
DA:73,0
DA:75,0
DA:76,0
DA:77,0
DA:78,0
DA:79,0
DA:80,0
DA:81,0
DA:82,0
DA:84,0
DA:87,0
DA:88,0
DA:89,0
DA:90,0
DA:93,0
DA:94,0
DA:96,0
DA:97,0
DA:98,0
DA:100,0
DA:101,0
DA:103,0
DA:104,0
DA:105,0
DA:106,0
DA:107,0
DA:110,0
DA:112,0
DA:113,0
DA:114,0
DA:116,0
DA:117,0
DA:118,0
DA:119,0
DA:120,0
DA:122,0
DA:123,0
DA:124,0
DA:127,0
DA:128,0
DA:129,0
DA:130,0
DA:133,0
DA:134,0
DA:137,0
DA:138,0
DA:139,0
DA:140,0
DA:143,0
DA:144,0
DA:145,0
DA:146,0
DA:147,0
LF:80
LH:0
BRDA:49,0,0,0
BRDA:49,0,1,0
BRDA:49,1,0,0
BRDA:49,1,1,0
BRDA:76,2,0,0
BRDA:76,2,1,0
BRDA:77,3,0,0
BRDA:77,3,1,0
BRDA:77,4,0,0
BRDA:77,4,1,0
BRDA:78,5,0,0
BRDA:78,5,1,0
BRDA:80,6,0,0
BRDA:80,6,1,0
BRDA:103,7,0,0
BRDA:103,7,1,0
BRDA:112,8,0,0
BRDA:112,8,1,0
BRDA:116,9,0,0
BRDA:116,9,1,0
BRF:20
BRH:0
end_of_record
TN:
SF:src\functions\my_bank_api\auth_workflow.ts
FN:37,(anonymous_0)
FNF:1
FNH:0
FNDA:0,(anonymous_0)
DA:37,0
DA:41,0
LF:2
LH:0
BRF:0
BRH:0
end_of_record
TN:
SF:src\functions\validations\request\standardResponse.ts
FN:8,default_1
FNF:1
FNH:0
FNDA:0,default_1
DA:8,0
DA:10,0
DA:11,0
LF:3
LH:0
BRF:0
BRH:0
end_of_record
TN:
SF:src\functions\validations\response\standardResponse.ts
FN:8,default_1
FNF:1
FNH:0
FNDA:0,default_1
DA:8,0
DA:10,0
DA:11,0
LF:3
LH:0
BRF:0
BRH:0
end_of_record
TN:
SF:src\functions\webhook-api\data-source-api-utils.ts
FN:43,(anonymous_7)
FN:74,(anonymous_9)
FN:94,(anonymous_11)
FNF:3
FNH:3
FNDA:4,(anonymous_7)
FNDA:3,(anonymous_9)
FNDA:3,(anonymous_11)
DA:2,1
DA:3,1
DA:8,1
DA:38,1
DA:50,4
DA:52,2
DA:59,1
DA:66,1
DA:67,1
DA:80,3
DA:82,1
DA:84,1
DA:86,1
DA:87,1
DA:98,3
DA:100,1
DA:102,1
DA:104,1
DA:105,1
LF:19
LH:19
BRDA:50,0,0,2
BRDA:50,0,1,1
BRDA:50,0,2,1
BRDA:80,1,0,1
BRDA:80,1,1,1
BRDA:80,1,2,1
BRDA:98,2,0,1
BRDA:98,2,1,1
BRDA:98,2,2,1
BRF:9
BRH:9
end_of_record
TN:
SF:src\functions\webhook-api\gdrive-api-utils.ts
FN:44,(anonymous_16)
FN:89,(anonymous_18)
FN:150,(anonymous_20)
FN:178,(anonymous_22)
FNF:4
FNH:4
FNDA:10,(anonymous_16)
FNDA:4,(anonymous_18)
FNDA:2,(anonymous_20)
FNDA:4,(anonymous_22)
DA:1,2
DA:3,2
DA:4,2
DA:36,2
DA:47,10
DA:48,10
DA:49,8
DA:50,2
DA:51,2
DA:52,1
DA:54,0
DA:57,2
DA:58,2
DA:61,8
DA:62,1
DA:65,7
DA:71,7
DA:72,7
DA:73,6
DA:74,6
DA:76,1
DA:77,1
DA:95,4
DA:96,4
DA:97,4
DA:101,3
DA:102,3
DA:104,3
DA:105,1
DA:106,1
DA:109,2
DA:116,2
DA:121,2
DA:122,1
DA:125,1
DA:134,1
DA:135,1
DA:138,1
DA:139,1
DA:155,2
DA:157,2
DA:158,2
DA:159,2
DA:165,1
DA:166,1
DA:168,1
DA:169,1
DA:179,4
DA:180,4
DA:181,1
DA:182,1
DA:184,3
DA:185,3
LF:53
LH:52
BRDA:48,0,0,8
BRDA:48,0,1,2
BRDA:50,1,0,2
BRDA:50,1,1,0
BRDA:61,2,0,1
BRDA:61,2,1,7
BRDA:61,3,0,8
BRDA:61,3,1,7
BRDA:104,4,0,1
BRDA:104,4,1,2
BRDA:121,5,0,1
BRDA:121,5,1,1
BRDA:121,6,0,2
BRDA:121,6,1,1
BRF:14
BRH:13
end_of_record
TN:
SF:src\functions\webhook-api\git-api-utils.ts
FN:12,(anonymous_8)
FN:31,(anonymous_9)
FN:48,(anonymous_11)
FN:54,(anonymous_13)
FN:76,(anonymous_14)
FN:110,(anonymous_16)
FN:145,(anonymous_18)
FN:170,(anonymous_20)
FNF:8
FNH:8
FNDA:8,(anonymous_8)
FNDA:2,(anonymous_9)
FNDA:3,(anonymous_11)
FNDA:3,(anonymous_13)
FNDA:2,(anonymous_14)
FNDA:2,(anonymous_16)
FNDA:4,(anonymous_18)
FNDA:2,(anonymous_20)
DA:1,2
DA:3,2
DA:8,2
DA:13,8
DA:14,1
DA:16,7
DA:18,7
DA:32,2
DA:33,2
DA:34,2
DA:35,1
DA:37,1
DA:41,1
DA:49,3
DA:50,3
DA:52,3
DA:53,3
DA:54,3
DA:57,3
DA:58,1
DA:59,1
DA:62,2
DA:63,1
DA:65,2
DA:69,2
DA:77,2
DA:78,2
DA:79,2
DA:80,1
DA:82,1
DA:86,1
DA:105,2
DA:116,2
DA:117,2
DA:118,2
DA:119,2
DA:121,2
DA:131,2
DA:133,1
DA:135,1
DA:137,1
DA:138,1
DA:150,4
DA:151,4
DA:152,4
DA:153,1
DA:156,3
DA:157,3
DA:159,1
DA:160,1
DA:162,2
DA:163,2
DA:171,2
DA:172,2
DA:173,2
DA:174,1
DA:176,1
LF:57
LH:57
BRDA:13,0,0,1
BRDA:13,0,1,7
BRDA:38,1,0,1
BRDA:38,1,1,0
BRDA:38,2,0,1
BRDA:38,2,1,1
BRDA:39,3,0,1
BRDA:39,3,1,0
BRDA:39,4,0,1
BRDA:39,4,1,1
BRDA:57,5,0,1
BRDA:57,5,1,2
BRDA:66,6,0,2
BRDA:66,6,1,0
BRDA:66,7,0,2
BRDA:66,7,1,2
BRDA:67,8,0,2
BRDA:67,8,1,0
BRDA:67,9,0,2
BRDA:67,9,1,2
BRDA:83,10,0,1
BRDA:83,10,1,0
BRDA:83,11,0,1
BRDA:83,11,1,1
BRDA:84,12,0,1
BRDA:84,12,1,0
BRDA:84,13,0,1
BRDA:84,13,1,1
BRDA:152,14,0,1
BRDA:152,14,1,3
BRDA:152,15,0,4
BRDA:152,15,1,3
BRDA:152,15,2,3
BRF:33
BRH:27
end_of_record
TN:
SF:src\functions\webhooks\gdrive-webhook-handler.ts
FN:23,(anonymous_0)
FNF:1
FNH:0
FNDA:0,(anonymous_0)
DA:23,0
DA:28,0
DA:30,0
DA:31,0
DA:32,0
DA:36,0
DA:37,0
DA:42,0
DA:43,0
DA:44,0
DA:48,0
DA:49,0
DA:51,0
DA:53,0
DA:54,0
DA:56,0
DA:61,0
DA:62,0
DA:63,0
DA:64,0
DA:67,0
DA:72,0
DA:80,0
DA:81,0
LF:24
LH:0
BRDA:31,0,0,0
BRDA:31,0,1,0
BRDA:36,1,0,0
BRDA:36,1,1,0
BRDA:43,2,0,0
BRDA:43,2,1,0
BRDA:51,3,0,0
BRDA:51,3,1,0
BRDA:54,4,0,0
BRDA:54,4,1,0
BRDA:62,5,0,0
BRDA:62,5,1,0
BRF:12
BRH:0
end_of_record
TN:
SF:src\functions\webhooks\git-webhook-handler.ts
FN:25,(anonymous_9)
FNF:1
FNH:0
FNDA:0,(anonymous_9)
DA:3,0
DA:25,0
DA:30,0
DA:32,0
DA:33,0
DA:34,0
DA:38,0
DA:39,0
DA:40,0
DA:44,0
DA:45,0
DA:46,0
DA:49,0
DA:50,0
DA:55,0
DA:56,0
DA:58,0
DA:62,0
DA:63,0
DA:65,0
DA:66,0
DA:68,0
DA:69,0
DA:71,0
DA:74,0
DA:78,0
DA:79,0
DA:80,0
DA:84,0
DA:92,0
DA:93,0
LF:31
LH:0
BRDA:32,0,0,0
BRDA:32,0,1,0
BRDA:33,1,0,0
BRDA:33,1,1,0
BRDA:39,2,0,0
BRDA:39,2,1,0
BRDA:49,3,0,0
BRDA:49,3,1,0
BRDA:65,4,0,0
BRDA:65,4,1,0
BRDA:68,5,0,0
BRDA:68,5,1,0
BRDA:71,6,0,0
BRDA:71,6,1,0
BRDA:78,7,0,0
BRDA:78,7,1,0
BRDA:78,8,0,0
BRDA:78,8,1,0
BRDA:79,9,0,0
BRDA:79,9,1,0
BRF:20
BRH:0
end_of_record
TN:
SF:src\functions\webhooks\processWebhookRequest.ts
FN:21,(anonymous_9)
FN:87,(anonymous_10)
FN:157,(anonymous_11)
FNF:3
FNH:3
FNDA:13,(anonymous_9)
FNDA:7,(anonymous_10)
FNDA:22,(anonymous_11)
DA:1,1
DA:2,1
DA:21,1
DA:27,13
DA:28,13
DA:30,1
DA:33,12
DA:35,12
DA:36,5
DA:37,5
DA:38,5
DA:39,1
DA:41,4
DA:42,4
DA:43,1
DA:46,3
DA:47,3
DA:48,3
DA:49,3
DA:50,2
DA:52,1
DA:55,0
DA:56,0
DA:60,9
DA:61,9
DA:62,9
DA:63,8
DA:64,1
DA:65,1
DA:68,9
DA:69,9
DA:70,1
DA:73,8
DA:87,1
DA:92,7
DA:94,7
DA:95,4
DA:96,4
DA:97,2
DA:99,2
DA:101,3
DA:105,5
DA:108,5
DA:109,4
DA:111,4
DA:112,4
DA:114,4
DA:116,0
DA:120,5
DA:121,1
DA:124,4
DA:125,4
DA:128,4
DA:129,3
DA:130,1
DA:131,1
DA:135,4
DA:144,4
DA:157,1
DA:166,22
DA:167,3
DA:168,19
DA:169,18
DA:171,1
DA:177,21
DA:178,13
DA:179,8
DA:180,7
DA:182,1
DA:186,21
LF:70
LH:67
BRDA:35,0,0,5
BRDA:35,0,1,7
BRDA:37,1,0,5
BRDA:37,1,1,2
BRDA:38,2,0,1
BRDA:38,2,1,4
BRDA:42,3,0,1
BRDA:42,3,1,3
BRDA:49,4,0,2
BRDA:49,4,1,1
BRDA:62,5,0,8
BRDA:62,5,1,1
BRDA:63,6,0,1
BRDA:63,6,1,7
BRDA:64,7,0,1
BRDA:64,7,1,0
BRDA:68,8,0,0
BRDA:68,8,1,9
BRDA:68,9,0,9
BRDA:68,9,1,9
BRDA:69,10,0,1
BRDA:69,10,1,8
BRDA:94,11,0,4
BRDA:94,11,1,3
BRDA:96,12,0,2
BRDA:96,12,1,2
BRDA:96,13,0,4
BRDA:96,13,1,3
BRDA:108,14,0,4
BRDA:108,14,1,1
BRDA:120,15,0,1
BRDA:120,15,1,4
BRDA:128,16,0,3
BRDA:128,16,1,1
BRDA:128,17,0,4
BRDA:128,17,1,2
BRDA:128,17,2,1
BRDA:130,18,0,1
BRDA:130,18,1,0
BRDA:130,19,0,1
BRDA:130,19,1,1
BRDA:166,20,0,3
BRDA:166,20,1,19
BRDA:166,21,0,22
BRDA:166,21,1,3
BRDA:168,22,0,18
BRDA:168,22,1,1
BRDA:177,23,0,13
BRDA:177,23,1,8
BRDA:179,24,0,7
BRDA:179,24,1,1
BRDA:187,25,0,21
BRDA:187,25,1,12
BRDA:187,26,0,3
BRDA:187,26,1,9
BRDA:191,27,0,21
BRDA:191,27,1,12
BRDA:191,28,0,1
BRDA:191,28,1,11
BRDA:191,29,0,12
BRDA:191,29,1,12
BRDA:191,29,2,10
BRF:62
BRH:59
end_of_record
