TN:
SF:src\index.ts
FNF:0
FNH:0
DA:1,0
DA:2,0
DA:3,0
DA:6,0
DA:7,0
DA:8,0
DA:11,0
DA:14,0
DA:18,0
LF:9
LH:0
BRDA:2,0,0,0
BRDA:2,0,1,0
BRF:2
BRH:0
end_of_record
TN:
SF:src\datasources\types\axios.ts
FNF:0
FNH:0
DA:1,0
DA:2,0
LF:2
LH:0
BRF:0
BRH:0
end_of_record
TN:
SF:src\datasources\types\git-crawler.ts
FN:55,(anonymous_17)
FN:73,(anonymous_18)
FN:78,(anonymous_20)
FN:125,(anonymous_22)
FN:126,(anonymous_23)
FN:225,(anonymous_24)
FN:225,(anonymous_25)
FN:239,(anonymous_26)
FN:240,(anonymous_28)
FN:240,(anonymous_29)
FN:275,(anonymous_30)
FN:289,(anonymous_32)
FN:321,(anonymous_34)
FNF:13
FNH:13
FNDA:20,(anonymous_17)
FNDA:1,(anonymous_18)
FNDA:16,(anonymous_20)
FNDA:2,(anonymous_22)
FNDA:3,(anonymous_23)
FNDA:7,(anonymous_24)
FNDA:9,(anonymous_25)
FNDA:15,(anonymous_26)
FNDA:6,(anonymous_28)
FNDA:9,(anonymous_29)
FNDA:14,(anonymous_30)
FNDA:6,(anonymous_32)
FNDA:7,(anonymous_34)
DA:3,1
DA:4,1
DA:5,1
DA:6,1
DA:7,1
DA:8,1
DA:51,1
DA:52,20
DA:56,20
DA:58,20
DA:61,20
DA:70,20
DA:74,1
DA:75,1
DA:79,16
DA:80,16
DA:81,16
DA:83,16
DA:85,16
DA:88,16
DA:89,0
DA:90,0
DA:94,16
DA:95,5
DA:96,5
DA:99,5
DA:100,0
DA:101,0
DA:105,5
DA:106,1
DA:109,4
DA:111,4
DA:113,4
DA:115,4
DA:118,4
DA:119,4
DA:121,4
DA:122,4
DA:123,4
DA:124,3
DA:125,2
DA:126,3
DA:129,3
DA:130,5
DA:131,5
DA:132,5
DA:133,3
DA:151,2
DA:152,2
DA:169,3
DA:170,2
DA:189,1
DA:192,4
DA:193,4
DA:198,11
DA:199,11
DA:203,11
DA:204,6
DA:205,4
DA:207,4
DA:215,8
DA:216,8
DA:217,8
DA:224,16
DA:225,16
DA:226,7
DA:227,7
DA:230,1
DA:240,15
DA:241,15
DA:242,5
DA:244,5
DA:245,4
DA:247,2
DA:248,2
DA:249,2
DA:250,2
DA:251,2
DA:254,2
DA:255,2
DA:256,2
DA:260,2
DA:261,2
DA:262,2
DA:266,10
DA:267,10
DA:268,10
DA:276,14
DA:277,14
DA:278,14
DA:280,14
DA:281,14
DA:283,14
DA:290,6
DA:291,6
DA:292,4
DA:294,4
DA:295,5
DA:296,5
DA:297,5
DA:298,4
DA:312,1
DA:315,4
DA:322,7
DA:323,7
DA:325,7
DA:326,8
DA:328,8
DA:329,2
DA:332,6
DA:333,1
DA:335,5
DA:338,5
DA:342,1
DA:343,1
DA:344,1
DA:345,1
DA:352,1
DA:353,1
DA:354,1
DA:355,1
DA:356,1
LF:122
LH:118
BRDA:58,0,0,19
BRDA:58,0,1,1
BRDA:70,1,0,20
BRDA:70,1,1,0
BRDA:88,2,0,0
BRDA:88,2,1,16
BRDA:94,3,0,5
BRDA:94,3,1,11
BRDA:94,4,0,0
BRDA:94,4,1,16
BRDA:94,5,0,16
BRDA:94,5,1,16
BRDA:99,6,0,0
BRDA:99,6,1,5
BRDA:99,7,0,5
BRDA:99,7,1,0
BRDA:105,8,0,1
BRDA:105,8,1,4
BRDA:105,9,0,5
BRDA:105,9,1,5
BRDA:105,9,2,4
BRDA:123,10,0,3
BRDA:123,10,1,1
BRDA:125,11,0,3
BRDA:125,11,1,1
BRDA:126,12,0,3
BRDA:126,12,1,0
BRDA:169,13,0,3
BRDA:169,13,1,1
BRDA:215,14,0,7
BRDA:215,14,1,1
BRDA:225,15,0,7
BRDA:225,15,1,9
BRDA:241,16,0,5
BRDA:241,16,1,10
BRDA:241,17,0,15
BRDA:241,17,1,6
BRDA:245,18,0,2
BRDA:245,18,1,2
BRDA:245,19,0,4
BRDA:245,19,1,4
BRDA:249,20,0,2
BRDA:249,20,1,0
BRDA:250,21,0,2
BRDA:250,21,1,0
BRDA:251,22,0,2
BRDA:251,22,1,0
BRDA:277,23,0,14
BRDA:277,23,1,0
BRDA:280,24,0,14
BRDA:280,24,1,0
BRDA:292,25,0,4
BRDA:292,25,1,0
BRDA:328,26,0,2
BRDA:328,26,1,6
BRDA:328,27,0,8
BRDA:328,27,1,7
BRDA:332,28,0,1
BRDA:332,28,1,5
BRF:59
BRH:47
end_of_record
TN:
SF:src\datasources\types\googledrive-crawler.ts
FN:51,(anonymous_16)
FN:71,(anonymous_17)
FN:128,(anonymous_19)
FN:411,(anonymous_21)
FN:428,(anonymous_23)
FN:462,(anonymous_25)
FN:464,(anonymous_26)
FN:466,(anonymous_27)
FNF:8
FNH:8
FNDA:25,(anonymous_16)
FNDA:21,(anonymous_17)
FNDA:13,(anonymous_19)
FNDA:9,(anonymous_21)
FNDA:12,(anonymous_23)
FNDA:10,(anonymous_25)
FNDA:9,(anonymous_26)
FNDA:10,(anonymous_27)
DA:3,1
DA:4,1
DA:10,1
DA:46,1
DA:52,25
DA:54,25
DA:56,25
DA:64,25
DA:72,21
DA:73,1
DA:78,20
DA:79,2
DA:80,2
DA:83,18
DA:87,18
DA:88,18
DA:89,16
DA:90,15
DA:91,2
DA:92,1
DA:93,1
DA:94,1
DA:96,1
DA:97,1
DA:100,1
DA:101,1
DA:104,16
DA:105,1
DA:106,1
DA:110,15
DA:116,15
DA:117,15
DA:118,14
DA:119,14
DA:120,14
DA:121,14
DA:123,1
DA:124,1
DA:129,13
DA:131,13
DA:132,13
DA:133,1
DA:134,1
DA:137,12
DA:138,12
DA:140,12
DA:141,12
DA:144,12
DA:148,4
DA:149,2
DA:150,2
DA:151,2
DA:152,1
DA:153,1
DA:157,1
DA:158,1
DA:159,1
DA:160,1
DA:161,1
DA:163,1
DA:169,0
DA:170,0
DA:174,3
DA:175,3
DA:178,3
DA:179,3
DA:180,3
DA:187,3
DA:188,3
DA:189,3
DA:191,3
DA:192,5
DA:193,5
DA:195,5
DA:197,5
DA:198,1
DA:210,1
DA:211,4
DA:212,4
DA:214,4
DA:215,1
DA:234,1
DA:235,3
DA:237,1
DA:239,2
DA:240,2
DA:241,1
DA:259,1
DA:261,1
DA:262,1
DA:281,3
DA:282,3
DA:283,3
DA:287,0
DA:288,0
DA:291,3
DA:302,8
DA:303,0
DA:304,0
DA:307,8
DA:308,8
DA:309,8
DA:311,8
DA:312,0
DA:315,8
DA:318,8
DA:319,9
DA:320,8
DA:321,8
DA:322,8
DA:323,8
DA:324,9
DA:325,9
DA:326,8
DA:327,2
DA:346,2
DA:348,6
DA:349,6
DA:350,5
DA:368,1
DA:369,1
DA:390,8
DA:394,7
DA:395,7
DA:402,1
DA:403,1
DA:412,9
DA:413,9
DA:415,9
DA:422,8
DA:429,12
DA:433,12
DA:434,1
DA:435,1
DA:436,11
DA:437,0
DA:438,0
DA:439,11
DA:440,1
DA:441,1
DA:444,12
DA:448,12
DA:449,2
DA:454,10
DA:461,10
DA:462,10
DA:463,10
DA:464,10
DA:465,10
DA:466,10
DA:467,10
DA:469,10
DA:470,2
DA:472,8
DA:477,2
DA:478,2
DA:483,1
DA:484,1
DA:485,1
DA:486,1
DA:493,1
DA:494,1
DA:495,1
DA:496,1
DA:497,1
LF:165
LH:156
BRDA:54,0,0,1
BRDA:54,0,1,24
BRDA:64,1,0,25
BRDA:64,1,1,2
BRDA:72,2,0,1
BRDA:72,2,1,20
BRDA:78,3,0,2
BRDA:78,3,1,18
BRDA:78,4,0,20
BRDA:78,4,1,18
BRDA:88,5,0,16
BRDA:88,5,1,2
BRDA:91,6,0,1
BRDA:91,6,1,1
BRDA:104,7,0,1
BRDA:104,7,1,15
BRDA:104,8,0,16
BRDA:104,8,1,16
BRDA:132,9,0,1
BRDA:132,9,1,12
BRDA:140,10,0,0
BRDA:140,10,1,12
BRDA:140,11,0,12
BRDA:140,11,1,12
BRDA:141,12,0,4
BRDA:141,12,1,8
BRDA:144,13,0,4
BRDA:144,13,1,8
BRDA:148,14,0,2
BRDA:148,14,1,2
BRDA:148,15,0,0
BRDA:148,15,1,4
BRDA:148,16,0,4
BRDA:148,16,1,4
BRDA:151,17,0,1
BRDA:151,17,1,1
BRDA:151,18,0,0
BRDA:151,18,1,2
BRDA:151,19,0,2
BRDA:151,19,1,2
BRDA:187,20,0,3
BRDA:187,20,1,3
BRDA:188,21,0,3
BRDA:188,21,1,0
BRDA:195,22,0,0
BRDA:195,22,1,5
BRDA:197,23,0,1
BRDA:197,23,1,4
BRDA:211,24,0,4
BRDA:211,24,1,0
BRDA:212,25,0,3
BRDA:212,25,1,1
BRDA:212,26,0,4
BRDA:212,26,1,4
BRDA:214,27,0,1
BRDA:214,27,1,3
BRDA:218,28,0,1
BRDA:218,28,1,1
BRDA:218,28,2,1
BRDA:223,29,0,0
BRDA:223,29,1,1
BRDA:223,30,0,1
BRDA:223,30,1,1
BRDA:224,31,0,0
BRDA:224,31,1,1
BRDA:224,32,0,1
BRDA:224,32,1,1
BRDA:225,33,0,0
BRDA:225,33,1,1
BRDA:228,34,0,0
BRDA:228,34,1,1
BRDA:228,35,0,1
BRDA:228,35,1,1
BRDA:229,36,0,0
BRDA:229,36,1,1
BRDA:229,37,0,1
BRDA:229,37,1,1
BRDA:235,38,0,1
BRDA:235,38,1,2
BRDA:235,39,0,3
BRDA:235,39,1,3
BRDA:240,40,0,0
BRDA:240,40,1,2
BRDA:240,41,0,2
BRDA:240,41,1,2
BRDA:243,42,0,1
BRDA:243,42,1,0
BRDA:244,43,0,1
BRDA:244,43,1,1
BRDA:244,43,2,1
BRDA:249,44,0,1
BRDA:249,44,1,0
BRDA:249,45,0,1
BRDA:249,45,1,1
BRDA:250,46,0,0
BRDA:250,46,1,1
BRDA:250,47,0,1
BRDA:250,47,1,1
BRDA:251,48,0,0
BRDA:251,48,1,1
BRDA:254,49,0,0
BRDA:254,49,1,1
BRDA:254,50,0,1
BRDA:254,50,1,1
BRDA:255,51,0,0
BRDA:255,51,1,1
BRDA:255,52,0,1
BRDA:255,52,1,1
BRDA:265,53,0,1
BRDA:265,53,1,1
BRDA:265,53,2,1
BRDA:270,54,0,1
BRDA:270,54,1,0
BRDA:270,55,0,1
BRDA:270,55,1,1
BRDA:271,56,0,0
BRDA:271,56,1,1
BRDA:271,57,0,1
BRDA:271,57,1,1
BRDA:281,58,0,0
BRDA:281,58,1,3
BRDA:281,59,0,3
BRDA:281,59,1,3
BRDA:282,60,0,3
BRDA:282,60,1,0
BRDA:302,61,0,0
BRDA:302,61,1,8
BRDA:308,62,0,0
BRDA:308,62,1,8
BRDA:308,63,0,8
BRDA:308,63,1,8
BRDA:311,64,0,0
BRDA:311,64,1,8
BRDA:320,65,0,8
BRDA:320,65,1,0
BRDA:320,66,0,0
BRDA:320,66,1,8
BRDA:320,67,0,8
BRDA:320,67,1,8
BRDA:322,68,0,8
BRDA:322,68,1,0
BRDA:325,69,0,8
BRDA:325,69,1,1
BRDA:325,70,0,9
BRDA:325,70,1,9
BRDA:326,71,0,2
BRDA:326,71,1,6
BRDA:330,72,0,2
BRDA:330,72,1,1
BRDA:330,72,2,1
BRDA:335,73,0,2
BRDA:335,73,1,0
BRDA:335,74,0,2
BRDA:335,74,1,2
BRDA:336,75,0,0
BRDA:336,75,1,2
BRDA:336,76,0,2
BRDA:336,76,1,2
BRDA:337,77,0,1
BRDA:337,77,1,1
BRDA:340,78,0,1
BRDA:340,78,1,1
BRDA:340,79,0,2
BRDA:340,79,1,1
BRDA:341,80,0,1
BRDA:341,80,1,1
BRDA:341,81,0,2
BRDA:341,81,1,1
BRDA:342,82,0,1
BRDA:342,82,1,1
BRDA:342,83,0,2
BRDA:342,83,1,2
BRDA:349,84,0,0
BRDA:349,84,1,6
BRDA:349,85,0,6
BRDA:349,85,1,6
BRDA:352,86,0,5
BRDA:352,86,1,0
BRDA:353,87,0,5
BRDA:353,87,1,5
BRDA:353,87,2,4
BRDA:358,88,0,5
BRDA:358,88,1,0
BRDA:358,89,0,5
BRDA:358,89,1,5
BRDA:359,90,0,0
BRDA:359,90,1,5
BRDA:359,91,0,5
BRDA:359,91,1,5
BRDA:360,92,0,0
BRDA:360,92,1,5
BRDA:361,93,0,0
BRDA:361,93,1,5
BRDA:361,94,0,5
BRDA:361,94,1,5
BRDA:362,95,0,0
BRDA:362,95,1,5
BRDA:362,96,0,5
BRDA:362,96,1,5
BRDA:363,97,0,0
BRDA:363,97,1,5
BRDA:363,98,0,5
BRDA:363,98,1,5
BRDA:372,99,0,1
BRDA:372,99,1,1
BRDA:372,99,2,1
BRDA:377,100,0,1
BRDA:377,100,1,0
BRDA:377,101,0,1
BRDA:377,101,1,1
BRDA:378,102,0,0
BRDA:378,102,1,1
BRDA:378,103,0,1
BRDA:378,103,1,1
BRDA:390,104,0,8
BRDA:390,104,1,7
BRDA:433,105,0,1
BRDA:433,105,1,11
BRDA:436,106,0,0
BRDA:436,106,1,11
BRDA:439,107,0,1
BRDA:439,107,1,10
BRDA:448,108,0,2
BRDA:448,108,1,10
BRDA:469,109,0,2
BRDA:469,109,1,8
BRDA:469,110,0,10
BRDA:469,110,1,8
BRDA:469,110,2,8
BRDA:469,110,3,8
BRF:230
BRH:189
end_of_record
TN:
SF:src\datasources\types\http-crawler.ts
FN:30,(anonymous_16)
FN:58,(anonymous_17)
FN:63,(anonymous_19)
FN:97,(anonymous_21)
FN:126,(anonymous_23)
FN:133,(anonymous_25)
FN:140,(anonymous_26)
FN:153,(anonymous_27)
FN:165,(anonymous_28)
FN:194,(anonymous_30)
FN:196,(anonymous_31)
FN:197,(anonymous_32)
FN:222,(anonymous_33)
FN:225,(anonymous_34)
FN:226,(anonymous_35)
FN:227,(anonymous_36)
FNF:16
FNH:15
FNDA:14,(anonymous_16)
FNDA:0,(anonymous_17)
FNDA:10,(anonymous_19)
FNDA:3,(anonymous_21)
FNDA:5,(anonymous_23)
FNDA:2,(anonymous_25)
FNDA:4,(anonymous_26)
FNDA:16,(anonymous_27)
FNDA:16,(anonymous_28)
FNDA:5,(anonymous_30)
FNDA:5,(anonymous_31)
FNDA:5,(anonymous_32)
FNDA:16,(anonymous_33)
FNDA:4,(anonymous_34)
FNDA:3,(anonymous_35)
FNDA:3,(anonymous_36)
DA:1,1
DA:2,1
DA:3,1
DA:5,1
DA:25,1
DA:31,14
DA:33,14
DA:35,14
DA:47,14
DA:54,14
DA:55,14
DA:59,0
DA:60,0
DA:64,10
DA:65,10
DA:66,10
DA:68,10
DA:71,10
DA:72,1
DA:73,1
DA:76,9
DA:77,3
DA:78,3
DA:79,3
DA:80,2
DA:82,1
DA:83,1
DA:86,6
DA:87,6
DA:90,9
DA:91,9
DA:98,3
DA:99,3
DA:101,3
DA:102,3
DA:103,1
DA:104,1
DA:105,1
DA:106,1
DA:107,1
DA:108,1
DA:112,2
DA:115,2
DA:116,2
DA:117,2
DA:118,1
DA:119,1
DA:121,1
DA:122,1
DA:127,5
DA:128,5
DA:129,5
DA:131,5
DA:132,1
DA:133,2
DA:134,1
DA:135,2
DA:137,1
DA:140,4
DA:141,4
DA:143,4
DA:144,4
DA:145,4
DA:149,0
DA:154,16
DA:155,16
DA:156,16
DA:157,0
DA:159,16
DA:161,0
DA:166,16
DA:167,16
DA:168,2
DA:171,14
DA:172,14
DA:174,14
DA:175,14
DA:176,13
DA:178,13
DA:189,9
DA:191,9
DA:192,6
DA:193,6
DA:194,5
DA:196,5
DA:197,5
DA:199,6
DA:200,5
DA:204,5
DA:206,5
DA:208,5
DA:223,16
DA:224,16
DA:225,16
DA:226,16
DA:227,16
DA:229,16
DA:231,0
LF:98
LH:92
BRDA:33,0,0,14
BRDA:33,0,1,0
BRDA:55,1,0,14
BRDA:55,1,1,1
BRDA:71,2,0,1
BRDA:71,2,1,9
BRDA:76,3,0,3
BRDA:76,3,1,6
BRDA:79,4,0,2
BRDA:79,4,1,1
BRDA:105,5,0,1
BRDA:105,5,1,0
BRDA:131,6,0,1
BRDA:131,6,1,4
BRDA:144,7,0,4
BRDA:144,7,1,0
BRDA:156,8,0,0
BRDA:156,8,1,16
BRDA:167,9,0,2
BRDA:167,9,1,14
BRDA:167,10,0,16
BRDA:167,10,1,15
BRDA:167,11,0,16
BRDA:167,11,1,0
BRDA:191,12,0,6
BRDA:191,12,1,3
BRDA:191,13,0,9
BRDA:191,13,1,7
BRDA:191,14,0,0
BRDA:191,14,1,7
BRDA:191,15,0,7
BRDA:191,15,1,7
BRDA:196,16,0,5
BRDA:196,16,1,5
BRDA:206,17,0,1
BRDA:206,17,1,4
BRDA:206,18,0,1
BRDA:206,18,1,0
BRDA:206,19,0,0
BRDA:206,19,1,1
BRDA:206,20,0,1
BRDA:206,20,1,1
BRDA:225,21,0,3
BRDA:225,21,1,13
BRDA:226,22,0,2
BRDA:226,22,1,14
BRDA:227,23,0,2
BRDA:227,23,1,14
BRDA:229,24,0,16
BRDA:229,24,1,16
BRDA:229,24,2,15
BRDA:229,24,3,14
BRF:52
BRH:44
end_of_record
TN:
SF:src\eventsources\types\express.ts
FNF:0
FNH:0
DA:1,0
DA:3,0
LF:2
LH:0
BRF:0
BRH:0
end_of_record
TN:
SF:src\functions\authnWorkflow.ts
FN:37,(anonymous_0)
FNF:1
FNH:0
FNDA:0,(anonymous_0)
DA:37,0
DA:41,0
LF:2
LH:0
BRF:0
BRH:0
end_of_record
TN:
SF:src\functions\interfaces.ts
FN:67,(anonymous_0)
FNF:1
FNH:0
FNDA:0,(anonymous_0)
DA:67,0
DA:68,0
DA:69,0
DA:70,0
DA:71,0
DA:72,0
LF:6
LH:0
BRDA:67,0,0,0
BRDA:67,0,1,0
BRF:2
BRH:0
end_of_record
TN:
SF:src\functions\processWebhookRequest.ts
FN:21,(anonymous_9)
FN:87,(anonymous_10)
FN:157,(anonymous_11)
FNF:3
FNH:3
FNDA:15,(anonymous_9)
FNDA:11,(anonymous_10)
FNDA:28,(anonymous_11)
DA:1,1
DA:2,1
DA:21,1
DA:27,15
DA:28,15
DA:30,1
DA:33,14
DA:35,14
DA:36,5
DA:37,5
DA:38,5
DA:39,1
DA:41,4
DA:42,4
DA:43,1
DA:46,3
DA:47,3
DA:48,3
DA:49,3
DA:50,2
DA:52,1
DA:55,0
DA:56,0
DA:60,11
DA:61,11
DA:62,11
DA:63,10
DA:64,1
DA:65,1
DA:68,11
DA:69,11
DA:70,2
DA:73,9
DA:87,1
DA:92,11
DA:94,11
DA:95,6
DA:96,6
DA:97,2
DA:99,4
DA:101,5
DA:105,9
DA:108,9
DA:109,8
DA:111,8
DA:112,7
DA:114,7
DA:116,1
DA:120,9
DA:121,3
DA:124,6
DA:125,6
DA:128,6
DA:129,4
DA:130,2
DA:131,2
DA:135,6
DA:144,6
DA:157,1
DA:167,28
DA:168,3
DA:169,25
DA:170,24
DA:172,1
DA:178,27
DA:179,15
DA:180,12
DA:181,11
DA:183,1
DA:187,27
LF:70
LH:68
BRDA:35,0,0,5
BRDA:35,0,1,9
BRDA:37,1,0,5
BRDA:37,1,1,2
BRDA:38,2,0,1
BRDA:38,2,1,4
BRDA:42,3,0,1
BRDA:42,3,1,3
BRDA:49,4,0,2
BRDA:49,4,1,1
BRDA:62,5,0,10
BRDA:62,5,1,1
BRDA:63,6,0,1
BRDA:63,6,1,9
BRDA:64,7,0,1
BRDA:64,7,1,0
BRDA:68,8,0,1
BRDA:68,8,1,10
BRDA:68,9,0,11
BRDA:68,9,1,11
BRDA:69,10,0,2
BRDA:69,10,1,9
BRDA:94,11,0,6
BRDA:94,11,1,5
BRDA:96,12,0,2
BRDA:96,12,1,4
BRDA:96,13,0,6
BRDA:96,13,1,5
BRDA:108,14,0,8
BRDA:108,14,1,1
BRDA:120,15,0,3
BRDA:120,15,1,6
BRDA:128,16,0,4
BRDA:128,16,1,2
BRDA:128,17,0,6
BRDA:128,17,1,3
BRDA:128,17,2,2
BRDA:130,18,0,2
BRDA:130,18,1,0
BRDA:130,19,0,2
BRDA:130,19,1,1
BRDA:167,20,0,3
BRDA:167,20,1,25
BRDA:167,21,0,28
BRDA:167,21,1,3
BRDA:169,22,0,24
BRDA:169,22,1,1
BRDA:178,23,0,15
BRDA:178,23,1,12
BRDA:180,24,0,11
BRDA:180,24,1,1
BRDA:188,25,0,27
BRDA:188,25,1,15
BRDA:188,26,0,3
BRDA:188,26,1,12
BRDA:192,27,0,27
BRDA:192,27,1,15
BRDA:192,28,0,1
BRDA:192,28,1,14
BRDA:192,29,0,15
BRDA:192,29,1,15
BRDA:192,29,2,13
BRF:62
BRH:60
end_of_record
TN:
SF:src\functions\my_bank_api\auth_workflow.ts
FN:37,(anonymous_0)
FNF:1
FNH:0
FNDA:0,(anonymous_0)
DA:37,0
DA:41,0
LF:2
LH:0
BRF:0
BRH:0
end_of_record
TN:
SF:src\functions\validations\request\standardResponse.ts
FN:8,default_1
FNF:1
FNH:0
FNDA:0,default_1
DA:8,0
DA:10,0
DA:11,0
LF:3
LH:0
BRF:0
BRH:0
end_of_record
TN:
SF:src\functions\validations\response\standardResponse.ts
FN:8,default_1
FNF:1
FNH:0
FNDA:0,default_1
DA:8,0
DA:10,0
DA:11,0
LF:3
LH:0
BRF:0
BRH:0
end_of_record
TN:
SF:src\functions\webhook-api\data-source-api-utils.ts
FN:40,(anonymous_7)
FN:71,(anonymous_9)
FN:91,(anonymous_11)
FNF:3
FNH:3
FNDA:4,(anonymous_7)
FNDA:3,(anonymous_9)
FNDA:3,(anonymous_11)
DA:4,1
DA:5,1
DA:10,1
DA:35,1
DA:47,4
DA:49,2
DA:56,1
DA:63,1
DA:64,1
DA:77,3
DA:79,1
DA:81,1
DA:83,1
DA:84,1
DA:95,3
DA:97,1
DA:99,1
DA:101,1
DA:102,1
LF:19
LH:19
BRDA:47,0,0,2
BRDA:47,0,1,1
BRDA:47,0,2,1
BRDA:77,1,0,1
BRDA:77,1,1,1
BRDA:77,1,2,1
BRDA:95,2,0,1
BRDA:95,2,1,1
BRDA:95,2,2,1
BRF:9
BRH:9
end_of_record
TN:
SF:src\functions\webhook-api\gdrive-api-utils.ts
FN:44,(anonymous_16)
FN:89,(anonymous_18)
FN:150,(anonymous_20)
FN:178,(anonymous_22)
FNF:4
FNH:4
FNDA:11,(anonymous_16)
FNDA:5,(anonymous_18)
FNDA:2,(anonymous_20)
FNDA:4,(anonymous_22)
DA:1,2
DA:3,2
DA:4,2
DA:36,2
DA:47,11
DA:48,11
DA:49,9
DA:50,2
DA:51,2
DA:52,1
DA:54,0
DA:57,2
DA:58,2
DA:61,9
DA:62,1
DA:65,8
DA:71,8
DA:72,8
DA:73,7
DA:74,7
DA:76,1
DA:77,1
DA:95,5
DA:96,5
DA:97,5
DA:101,4
DA:102,4
DA:104,4
DA:105,1
DA:106,1
DA:109,3
DA:116,3
DA:121,3
DA:122,2
DA:125,2
DA:134,1
DA:135,1
DA:138,1
DA:139,1
DA:155,2
DA:157,2
DA:158,2
DA:159,2
DA:165,1
DA:166,1
DA:168,1
DA:169,1
DA:179,4
DA:180,4
DA:181,1
DA:182,1
DA:184,3
DA:185,3
LF:53
LH:52
BRDA:48,0,0,9
BRDA:48,0,1,2
BRDA:50,1,0,2
BRDA:50,1,1,0
BRDA:61,2,0,1
BRDA:61,2,1,8
BRDA:61,3,0,9
BRDA:61,3,1,8
BRDA:104,4,0,1
BRDA:104,4,1,3
BRDA:121,5,0,2
BRDA:121,5,1,1
BRDA:121,6,0,3
BRDA:121,6,1,2
BRF:14
BRH:13
end_of_record
TN:
SF:src\functions\webhook-api\git-api-utils.ts
FN:12,(anonymous_8)
FN:31,(anonymous_9)
FN:48,(anonymous_11)
FN:54,(anonymous_13)
FN:76,(anonymous_14)
FN:110,(anonymous_16)
FN:145,(anonymous_18)
FN:170,(anonymous_20)
FNF:8
FNH:8
FNDA:9,(anonymous_8)
FNDA:3,(anonymous_9)
FNDA:3,(anonymous_11)
FNDA:3,(anonymous_13)
FNDA:2,(anonymous_14)
FNDA:3,(anonymous_16)
FNDA:4,(anonymous_18)
FNDA:2,(anonymous_20)
DA:1,2
DA:3,2
DA:8,2
DA:13,9
DA:14,1
DA:16,8
DA:18,8
DA:32,3
DA:33,3
DA:34,3
DA:35,2
DA:37,1
DA:41,1
DA:49,3
DA:50,3
DA:52,3
DA:53,3
DA:54,3
DA:57,3
DA:58,1
DA:59,1
DA:62,2
DA:63,1
DA:65,2
DA:69,2
DA:77,2
DA:78,2
DA:79,2
DA:80,1
DA:82,1
DA:86,1
DA:105,2
DA:116,3
DA:117,3
DA:118,3
DA:119,3
DA:121,3
DA:131,3
DA:133,2
DA:135,2
DA:137,1
DA:138,1
DA:150,4
DA:151,4
DA:152,4
DA:153,1
DA:156,3
DA:157,3
DA:159,1
DA:160,1
DA:162,2
DA:163,2
DA:171,2
DA:172,2
DA:173,2
DA:174,1
DA:176,1
LF:57
LH:57
BRDA:13,0,0,1
BRDA:13,0,1,8
BRDA:38,1,0,1
BRDA:38,1,1,0
BRDA:38,2,0,1
BRDA:38,2,1,1
BRDA:39,3,0,1
BRDA:39,3,1,0
BRDA:39,4,0,1
BRDA:39,4,1,1
BRDA:57,5,0,1
BRDA:57,5,1,2
BRDA:66,6,0,2
BRDA:66,6,1,0
BRDA:66,7,0,2
BRDA:66,7,1,2
BRDA:67,8,0,2
BRDA:67,8,1,0
BRDA:67,9,0,2
BRDA:67,9,1,2
BRDA:83,10,0,1
BRDA:83,10,1,0
BRDA:83,11,0,1
BRDA:83,11,1,1
BRDA:84,12,0,1
BRDA:84,12,1,0
BRDA:84,13,0,1
BRDA:84,13,1,1
BRDA:152,14,0,1
BRDA:152,14,1,3
BRDA:152,15,0,4
BRDA:152,15,1,3
BRDA:152,15,2,3
BRF:33
BRH:27
end_of_record
